<?xml version="1.0" encoding="UTF-8"?>
<coverage generated="1750256906551" clover="3.2.0">
  <project timestamp="1750256906552" name="All files">
    <metrics statements="187" coveredstatements="166" conditionals="32" coveredconditionals="28" methods="51" coveredmethods="37" elements="270" coveredelements="231" complexity="0" loc="187" ncloc="187" packages="2" files="4" classes="4"/>
    <package name="routes">
      <metrics statements="149" coveredstatements="128" conditionals="4" coveredconditionals="2" methods="49" coveredmethods="35"/>
      <file name="auth.js" path="D:\projectBackend\microservice-payroll\gateway\routes\auth.js">
        <metrics statements="14" coveredstatements="13" conditionals="4" coveredconditionals="2" methods="3" coveredmethods="3"/>
        <line num="1" count="1" type="stmt"/>
        <line num="2" count="1" type="stmt"/>
        <line num="3" count="1" type="stmt"/>
        <line num="5" count="1" type="stmt"/>
        <line num="7" count="1" type="stmt"/>
        <line num="9" count="5" type="stmt"/>
        <line num="17" count="5" type="stmt"/>
        <line num="18" count="2" type="stmt"/>
        <line num="19" count="2" type="stmt"/>
        <line num="23" count="5" type="stmt"/>
        <line num="24" count="2" type="cond" truecount="2" falsecount="2"/>
        <line num="25" count="0" type="stmt"/>
        <line num="27" count="2" type="stmt"/>
        <line num="30" count="5" type="stmt"/>
      </file>
      <file name="employee.js" path="D:\projectBackend\microservice-payroll\gateway\routes\employee.js">
        <metrics statements="65" coveredstatements="55" conditionals="0" coveredconditionals="0" methods="20" coveredmethods="14"/>
        <line num="129" count="1" type="stmt"/>
        <line num="130" count="1" type="stmt"/>
        <line num="131" count="1" type="stmt"/>
        <line num="132" count="1" type="stmt"/>
        <line num="134" count="1" type="stmt"/>
        <line num="135" count="1" type="stmt"/>
        <line num="140" count="1" type="stmt"/>
        <line num="141" count="14" type="stmt"/>
        <line num="147" count="0" type="stmt"/>
        <line num="148" count="0" type="stmt"/>
        <line num="159" count="1" type="stmt"/>
        <line num="161" count="14" type="stmt"/>
        <line num="162" count="2" type="stmt"/>
        <line num="163" count="2" type="stmt"/>
        <line num="167" count="14" type="stmt"/>
        <line num="168" count="1" type="stmt"/>
        <line num="172" count="14" type="stmt"/>
        <line num="173" count="1" type="stmt"/>
        <line num="177" count="14" type="stmt"/>
        <line num="178" count="1" type="stmt"/>
        <line num="182" count="14" type="stmt"/>
        <line num="183" count="2" type="stmt"/>
        <line num="184" count="2" type="stmt"/>
        <line num="188" count="14" type="stmt"/>
        <line num="189" count="0" type="stmt"/>
        <line num="193" count="14" type="stmt"/>
        <line num="194" count="0" type="stmt"/>
        <line num="198" count="14" type="stmt"/>
        <line num="199" count="1" type="stmt"/>
        <line num="200" count="1" type="stmt"/>
        <line num="204" count="14" type="stmt"/>
        <line num="205" count="1" type="stmt"/>
        <line num="206" count="1" type="stmt"/>
        <line num="215" count="1" type="stmt"/>
        <line num="217" count="14" type="stmt"/>
        <line num="218" count="1" type="stmt"/>
        <line num="219" count="1" type="stmt"/>
        <line num="223" count="14" type="stmt"/>
        <line num="224" count="0" type="stmt"/>
        <line num="225" count="0" type="stmt"/>
        <line num="229" count="14" type="stmt"/>
        <line num="230" count="1" type="stmt"/>
        <line num="231" count="1" type="stmt"/>
        <line num="235" count="14" type="stmt"/>
        <line num="236" count="0" type="stmt"/>
        <line num="237" count="0" type="stmt"/>
        <line num="241" count="14" type="stmt"/>
        <line num="242" count="1" type="stmt"/>
        <line num="243" count="1" type="stmt"/>
        <line num="247" count="14" type="stmt"/>
        <line num="248" count="0" type="stmt"/>
        <line num="249" count="0" type="stmt"/>
        <line num="256" count="1" type="stmt"/>
        <line num="258" count="14" type="stmt"/>
        <line num="261" count="14" type="stmt"/>
        <line num="262" count="14" type="stmt"/>
        <line num="265" count="14" type="stmt"/>
        <line num="266" count="14" type="stmt"/>
        <line num="267" count="14" type="stmt"/>
        <line num="268" count="14" type="stmt"/>
        <line num="269" count="14" type="stmt"/>
        <line num="270" count="14" type="stmt"/>
        <line num="271" count="14" type="stmt"/>
        <line num="272" count="14" type="stmt"/>
        <line num="274" count="14" type="stmt"/>
      </file>
      <file name="payroll.js" path="D:\projectBackend\microservice-payroll\gateway\routes\payroll.js">
        <metrics statements="70" coveredstatements="60" conditionals="0" coveredconditionals="0" methods="26" coveredmethods="18"/>
        <line num="127" count="1" type="stmt"/>
        <line num="128" count="1" type="stmt"/>
        <line num="129" count="1" type="stmt"/>
        <line num="131" count="1" type="stmt"/>
        <line num="136" count="1" type="stmt"/>
        <line num="137" count="15" type="stmt"/>
        <line num="143" count="0" type="stmt"/>
        <line num="144" count="0" type="stmt"/>
        <line num="155" count="1" type="stmt"/>
        <line num="156" count="15" type="stmt"/>
        <line num="157" count="1" type="stmt"/>
        <line num="158" count="1" type="stmt"/>
        <line num="161" count="15" type="stmt"/>
        <line num="162" count="2" type="stmt"/>
        <line num="165" count="15" type="stmt"/>
        <line num="166" count="1" type="stmt"/>
        <line num="169" count="15" type="stmt"/>
        <line num="170" count="1" type="stmt"/>
        <line num="173" count="15" type="stmt"/>
        <line num="174" count="1" type="stmt"/>
        <line num="181" count="1" type="stmt"/>
        <line num="182" count="15" type="stmt"/>
        <line num="183" count="1" type="stmt"/>
        <line num="184" count="1" type="stmt"/>
        <line num="187" count="15" type="stmt"/>
        <line num="188" count="1" type="stmt"/>
        <line num="191" count="15" type="stmt"/>
        <line num="192" count="0" type="stmt"/>
        <line num="195" count="15" type="stmt"/>
        <line num="196" count="0" type="stmt"/>
        <line num="199" count="15" type="stmt"/>
        <line num="200" count="0" type="stmt"/>
        <line num="207" count="1" type="stmt"/>
        <line num="208" count="15" type="stmt"/>
        <line num="209" count="1" type="stmt"/>
        <line num="210" count="1" type="stmt"/>
        <line num="213" count="15" type="stmt"/>
        <line num="214" count="1" type="stmt"/>
        <line num="215" count="1" type="stmt"/>
        <line num="218" count="15" type="stmt"/>
        <line num="219" count="1" type="stmt"/>
        <line num="220" count="1" type="stmt"/>
        <line num="223" count="15" type="stmt"/>
        <line num="224" count="0" type="stmt"/>
        <line num="227" count="15" type="stmt"/>
        <line num="228" count="0" type="stmt"/>
        <line num="235" count="1" type="stmt"/>
        <line num="236" count="15" type="stmt"/>
        <line num="237" count="0" type="stmt"/>
        <line num="238" count="0" type="stmt"/>
        <line num="241" count="15" type="stmt"/>
        <line num="242" count="1" type="stmt"/>
        <line num="243" count="1" type="stmt"/>
        <line num="246" count="15" type="stmt"/>
        <line num="247" count="1" type="stmt"/>
        <line num="248" count="1" type="stmt"/>
        <line num="251" count="15" type="stmt"/>
        <line num="252" count="0" type="stmt"/>
        <line num="259" count="1" type="stmt"/>
        <line num="261" count="15" type="stmt"/>
        <line num="264" count="15" type="stmt"/>
        <line num="265" count="15" type="stmt"/>
        <line num="266" count="15" type="stmt"/>
        <line num="267" count="15" type="stmt"/>
        <line num="270" count="15" type="stmt"/>
        <line num="271" count="15" type="stmt"/>
        <line num="272" count="15" type="stmt"/>
        <line num="273" count="15" type="stmt"/>
        <line num="274" count="15" type="stmt"/>
        <line num="276" count="15" type="stmt"/>
      </file>
    </package>
    <package name="utils">
      <metrics statements="38" coveredstatements="38" conditionals="28" coveredconditionals="26" methods="2" coveredmethods="2"/>
      <file name="requestHandler.js" path="D:\projectBackend\microservice-payroll\gateway\utils\requestHandler.js">
        <metrics statements="38" coveredstatements="38" conditionals="28" coveredconditionals="26" methods="2" coveredmethods="2"/>
        <line num="2" count="1" type="stmt"/>
        <line num="3" count="1" type="stmt"/>
        <line num="8" count="1" type="cond" truecount="1" falsecount="0"/>
        <line num="9" count="8" type="stmt"/>
        <line num="10" count="8" type="stmt"/>
        <line num="11" count="8" type="stmt"/>
        <line num="13" count="8" type="stmt"/>
        <line num="14" count="8" type="stmt"/>
        <line num="19" count="7" type="cond" truecount="3" falsecount="0"/>
        <line num="25" count="8" type="cond" truecount="2" falsecount="0"/>
        <line num="26" count="3" type="stmt"/>
        <line num="30" count="8" type="cond" truecount="2" falsecount="0"/>
        <line num="31" count="2" type="stmt"/>
        <line num="35" count="8" type="cond" truecount="4" falsecount="0"/>
        <line num="36" count="1" type="stmt"/>
        <line num="37" count="1" type="stmt"/>
        <line num="41" count="1" type="stmt"/>
        <line num="42" count="1" type="stmt"/>
        <line num="49" count="8" type="cond" truecount="4" falsecount="0"/>
        <line num="50" count="1" type="stmt"/>
        <line num="53" count="8" type="stmt"/>
        <line num="56" count="6" type="cond" truecount="2" falsecount="0"/>
        <line num="57" count="1" type="stmt"/>
        <line num="58" count="1" type="cond" truecount="1" falsecount="1"/>
        <line num="59" count="1" type="stmt"/>
        <line num="61" count="1" type="stmt"/>
        <line num="65" count="5" type="stmt"/>
        <line num="68" count="5" type="cond" truecount="4" falsecount="0"/>
        <line num="69" count="4" type="stmt"/>
        <line num="70" count="1" type="cond" truecount="1" falsecount="1"/>
        <line num="71" count="1" type="stmt"/>
        <line num="74" count="2" type="stmt"/>
        <line num="77" count="2" type="cond" truecount="2" falsecount="0"/>
        <line num="78" count="1" type="stmt"/>
        <line num="79" count="1" type="stmt"/>
        <line num="80" count="1" type="stmt"/>
        <line num="84" count="1" type="stmt"/>
        <line num="91" count="1" type="stmt"/>
      </file>
    </package>
  </project>
</coverage>
