<?xml version="1.0" encoding="UTF-8"?>
<coverage generated="1751315865980" clover="3.2.0">
  <project timestamp="1751315865980" name="All files">
    <metrics statements="431" coveredstatements="366" conditionals="102" coveredconditionals="82" methods="82" coveredmethods="74" elements="615" coveredelements="522" complexity="0" loc="431" ncloc="431" packages="4" files="6" classes="6"/>
    <package name="gateway">
      <metrics statements="74" coveredstatements="66" conditionals="24" coveredconditionals="20" methods="14" coveredmethods="12"/>
      <file name="index.js" path="D:\projectBackend\microservice-payroll\gateway\index.js">
        <metrics statements="74" coveredstatements="66" conditionals="24" coveredconditionals="20" methods="14" coveredmethods="12"/>
        <line num="54" count="1" type="stmt"/>
        <line num="55" count="1" type="stmt"/>
        <line num="56" count="1" type="stmt"/>
        <line num="57" count="1" type="stmt"/>
        <line num="60" count="1" type="stmt"/>
        <line num="63" count="1" type="stmt"/>
        <line num="64" count="1" type="stmt"/>
        <line num="65" count="1" type="stmt"/>
        <line num="70" count="1" type="stmt"/>
        <line num="71" count="30" type="stmt"/>
        <line num="72" count="30" type="stmt"/>
        <line num="73" count="30" type="stmt"/>
        <line num="79" count="1" type="stmt"/>
        <line num="80" count="30" type="cond" truecount="1" falsecount="1"/>
        <line num="81" count="30" type="cond" truecount="1" falsecount="1"/>
        <line num="82" count="30" type="cond" truecount="1" falsecount="1"/>
        <line num="84" count="30" type="stmt"/>
        <line num="85" count="30" type="stmt"/>
        <line num="86" count="30" type="stmt"/>
        <line num="88" count="30" type="stmt"/>
        <line num="98" count="1" type="stmt"/>
        <line num="100" count="30" type="stmt"/>
        <line num="101" count="30" type="stmt"/>
        <line num="102" count="30" type="stmt"/>
        <line num="105" count="30" type="stmt"/>
        <line num="106" count="1" type="stmt"/>
        <line num="110" count="30" type="stmt"/>
        <line num="111" count="1" type="stmt"/>
        <line num="112" count="1" type="stmt"/>
        <line num="120" count="30" type="stmt"/>
        <line num="121" count="1" type="stmt"/>
        <line num="130" count="1" type="stmt"/>
        <line num="132" count="24" type="stmt"/>
        <line num="133" count="4" type="stmt"/>
        <line num="140" count="24" type="stmt"/>
        <line num="141" count="15" type="stmt"/>
        <line num="143" count="15" type="stmt"/>
        <line num="146" count="15" type="cond" truecount="2" falsecount="0"/>
        <line num="148" count="14" type="cond" truecount="2" falsecount="0"/>
        <line num="150" count="13" type="cond" truecount="2" falsecount="0"/>
        <line num="151" count="5" type="stmt"/>
        <line num="154" count="8" type="cond" truecount="2" falsecount="0"/>
        <line num="155" count="2" type="stmt"/>
        <line num="159" count="6" type="stmt"/>
        <line num="164" count="1" type="stmt"/>
        <line num="169" count="1" type="stmt"/>
        <line num="172" count="15" type="stmt"/>
        <line num="179" count="1" type="cond" truecount="1" falsecount="0"/>
        <line num="180" count="30" type="stmt"/>
        <line num="183" count="30" type="stmt"/>
        <line num="184" count="30" type="stmt"/>
        <line num="185" count="30" type="stmt"/>
        <line num="188" count="30" type="cond" truecount="2" falsecount="0"/>
        <line num="189" count="29" type="stmt"/>
        <line num="192" count="30" type="stmt"/>
        <line num="194" count="30" type="cond" truecount="2" falsecount="0"/>
        <line num="195" count="21" type="stmt"/>
        <line num="197" count="9" type="stmt"/>
        <line num="200" count="30" type="stmt"/>
        <line num="203" count="1" type="stmt"/>
        <line num="204" count="0" type="stmt"/>
        <line num="205" count="0" type="stmt"/>
        <line num="206" count="0" type="stmt"/>
        <line num="209" count="1" type="stmt"/>
        <line num="210" count="0" type="stmt"/>
        <line num="211" count="0" type="stmt"/>
        <line num="212" count="0" type="stmt"/>
        <line num="218" count="1" type="cond" truecount="3" falsecount="0"/>
        <line num="219" count="3" type="stmt"/>
        <line num="220" count="3" type="stmt"/>
        <line num="225" count="1" type="cond" truecount="1" falsecount="1"/>
        <line num="226" count="0" type="stmt"/>
        <line num="227" count="0" type="stmt"/>
        <line num="230" count="1" type="stmt"/>
      </file>
    </package>
    <package name="gateway.routes">
      <metrics statements="260" coveredstatements="204" conditionals="22" coveredconditionals="8" methods="56" coveredmethods="50"/>
      <file name="auth.js" path="D:\projectBackend\microservice-payroll\gateway\routes\auth.js">
        <metrics statements="24" coveredstatements="18" conditionals="10" coveredconditionals="7" methods="4" coveredmethods="3"/>
        <line num="1" count="1" type="stmt"/>
        <line num="2" count="1" type="stmt"/>
        <line num="3" count="1" type="stmt"/>
        <line num="5" count="1" type="stmt"/>
        <line num="7" count="1" type="stmt"/>
        <line num="9" count="16" type="stmt"/>
        <line num="15" count="0" type="stmt"/>
        <line num="16" count="0" type="stmt"/>
        <line num="24" count="16" type="stmt"/>
        <line num="25" count="5" type="stmt"/>
        <line num="27" count="5" type="stmt"/>
        <line num="28" count="5" type="stmt"/>
        <line num="30" count="0" type="stmt"/>
        <line num="33" count="0" type="cond" truecount="0" falsecount="2"/>
        <line num="34" count="0" type="stmt"/>
        <line num="43" count="16" type="stmt"/>
        <line num="45" count="12" type="cond" truecount="4" falsecount="0"/>
        <line num="46" count="1" type="stmt"/>
        <line num="50" count="11" type="stmt"/>
        <line num="51" count="11" type="stmt"/>
        <line num="54" count="11" type="cond" truecount="3" falsecount="1"/>
        <line num="55" count="0" type="stmt"/>
        <line num="59" count="11" type="stmt"/>
        <line num="62" count="16" type="stmt"/>
      </file>
      <file name="employee.js" path="D:\projectBackend\microservice-payroll\gateway\routes\employee.js">
        <metrics statements="124" coveredstatements="102" conditionals="9" coveredconditionals="1" methods="25" coveredmethods="24"/>
        <line num="129" count="1" type="stmt"/>
        <line num="130" count="1" type="stmt"/>
        <line num="131" count="1" type="stmt"/>
        <line num="132" count="1" type="stmt"/>
        <line num="134" count="1" type="stmt"/>
        <line num="135" count="1" type="stmt"/>
        <line num="137" count="1" type="stmt"/>
        <line num="138" count="26" type="stmt"/>
        <line num="144" count="1" type="stmt"/>
        <line num="145" count="1" type="stmt"/>
        <line num="153" count="1" type="cond" truecount="0" falsecount="1"/>
        <line num="154" count="0" type="stmt"/>
        <line num="155" count="0" type="cond" truecount="0" falsecount="2"/>
        <line num="156" count="0" type="stmt"/>
        <line num="163" count="1" type="stmt"/>
        <line num="164" count="26" type="stmt"/>
        <line num="165" count="3" type="stmt"/>
        <line num="166" count="3" type="stmt"/>
        <line num="167" count="3" type="stmt"/>
        <line num="169" count="0" type="stmt"/>
        <line num="173" count="26" type="stmt"/>
        <line num="174" count="2" type="stmt"/>
        <line num="175" count="2" type="stmt"/>
        <line num="176" count="2" type="stmt"/>
        <line num="178" count="0" type="stmt"/>
        <line num="182" count="26" type="stmt"/>
        <line num="183" count="2" type="stmt"/>
        <line num="184" count="2" type="stmt"/>
        <line num="185" count="2" type="stmt"/>
        <line num="187" count="0" type="stmt"/>
        <line num="191" count="26" type="stmt"/>
        <line num="192" count="2" type="stmt"/>
        <line num="193" count="2" type="stmt"/>
        <line num="194" count="2" type="stmt"/>
        <line num="196" count="0" type="stmt"/>
        <line num="200" count="26" type="stmt"/>
        <line num="201" count="3" type="stmt"/>
        <line num="202" count="3" type="stmt"/>
        <line num="203" count="3" type="stmt"/>
        <line num="205" count="0" type="stmt"/>
        <line num="209" count="26" type="stmt"/>
        <line num="210" count="2" type="stmt"/>
        <line num="211" count="2" type="stmt"/>
        <line num="212" count="2" type="stmt"/>
        <line num="214" count="0" type="stmt"/>
        <line num="218" count="26" type="stmt"/>
        <line num="219" count="2" type="stmt"/>
        <line num="220" count="2" type="stmt"/>
        <line num="221" count="2" type="stmt"/>
        <line num="223" count="0" type="stmt"/>
        <line num="227" count="26" type="stmt"/>
        <line num="228" count="2" type="stmt"/>
        <line num="229" count="2" type="stmt"/>
        <line num="230" count="2" type="stmt"/>
        <line num="232" count="0" type="stmt"/>
        <line num="236" count="26" type="stmt"/>
        <line num="237" count="2" type="stmt"/>
        <line num="238" count="2" type="stmt"/>
        <line num="239" count="2" type="stmt"/>
        <line num="243" count="0" type="stmt"/>
        <line num="248" count="1" type="stmt"/>
        <line num="249" count="26" type="stmt"/>
        <line num="250" count="2" type="stmt"/>
        <line num="251" count="2" type="stmt"/>
        <line num="252" count="2" type="stmt"/>
        <line num="254" count="0" type="stmt"/>
        <line num="258" count="26" type="stmt"/>
        <line num="259" count="2" type="stmt"/>
        <line num="260" count="2" type="stmt"/>
        <line num="261" count="2" type="stmt"/>
        <line num="263" count="0" type="stmt"/>
        <line num="267" count="26" type="stmt"/>
        <line num="268" count="2" type="stmt"/>
        <line num="269" count="2" type="stmt"/>
        <line num="270" count="2" type="stmt"/>
        <line num="272" count="0" type="stmt"/>
        <line num="276" count="26" type="stmt"/>
        <line num="277" count="2" type="stmt"/>
        <line num="278" count="2" type="stmt"/>
        <line num="279" count="2" type="stmt"/>
        <line num="281" count="0" type="stmt"/>
        <line num="285" count="26" type="stmt"/>
        <line num="286" count="2" type="stmt"/>
        <line num="287" count="2" type="stmt"/>
        <line num="288" count="2" type="stmt"/>
        <line num="290" count="0" type="stmt"/>
        <line num="294" count="26" type="stmt"/>
        <line num="295" count="2" type="stmt"/>
        <line num="296" count="2" type="stmt"/>
        <line num="297" count="2" type="stmt"/>
        <line num="299" count="0" type="stmt"/>
        <line num="303" count="26" type="stmt"/>
        <line num="304" count="2" type="stmt"/>
        <line num="305" count="2" type="stmt"/>
        <line num="306" count="2" type="stmt"/>
        <line num="308" count="0" type="stmt"/>
        <line num="312" count="26" type="stmt"/>
        <line num="313" count="2" type="stmt"/>
        <line num="314" count="2" type="stmt"/>
        <line num="315" count="2" type="stmt"/>
        <line num="317" count="0" type="stmt"/>
        <line num="321" count="26" type="stmt"/>
        <line num="322" count="2" type="stmt"/>
        <line num="323" count="2" type="stmt"/>
        <line num="324" count="2" type="stmt"/>
        <line num="326" count="0" type="stmt"/>
        <line num="330" count="26" type="stmt"/>
        <line num="331" count="2" type="stmt"/>
        <line num="332" count="2" type="stmt"/>
        <line num="333" count="2" type="stmt"/>
        <line num="335" count="0" type="stmt"/>
        <line num="340" count="1" type="stmt"/>
        <line num="341" count="26" type="stmt"/>
        <line num="343" count="26" type="stmt"/>
        <line num="344" count="26" type="stmt"/>
        <line num="346" count="26" type="stmt"/>
        <line num="347" count="26" type="stmt"/>
        <line num="348" count="26" type="stmt"/>
        <line num="349" count="26" type="stmt"/>
        <line num="350" count="26" type="stmt"/>
        <line num="351" count="26" type="stmt"/>
        <line num="352" count="26" type="stmt"/>
        <line num="353" count="26" type="stmt"/>
        <line num="355" count="26" type="stmt"/>
      </file>
      <file name="payroll.js" path="D:\projectBackend\microservice-payroll\gateway\routes\payroll.js">
        <metrics statements="112" coveredstatements="84" conditionals="3" coveredconditionals="0" methods="27" coveredmethods="23"/>
        <line num="1" count="1" type="stmt"/>
        <line num="2" count="1" type="stmt"/>
        <line num="3" count="1" type="stmt"/>
        <line num="5" count="1" type="stmt"/>
        <line num="10" count="1" type="stmt"/>
        <line num="11" count="21" type="stmt"/>
        <line num="17" count="1" type="stmt"/>
        <line num="18" count="1" type="stmt"/>
        <line num="29" count="1" type="cond" truecount="0" falsecount="1"/>
        <line num="30" count="0" type="stmt"/>
        <line num="32" count="0" type="cond" truecount="0" falsecount="2"/>
        <line num="33" count="0" type="stmt"/>
        <line num="43" count="1" type="stmt"/>
        <line num="44" count="21" type="stmt"/>
        <line num="45" count="1" type="stmt"/>
        <line num="46" count="1" type="stmt"/>
        <line num="47" count="1" type="stmt"/>
        <line num="49" count="0" type="stmt"/>
        <line num="53" count="21" type="stmt"/>
        <line num="54" count="2" type="stmt"/>
        <line num="55" count="2" type="stmt"/>
        <line num="57" count="0" type="stmt"/>
        <line num="61" count="21" type="stmt"/>
        <line num="62" count="1" type="stmt"/>
        <line num="63" count="1" type="stmt"/>
        <line num="65" count="0" type="stmt"/>
        <line num="69" count="21" type="stmt"/>
        <line num="70" count="1" type="stmt"/>
        <line num="71" count="1" type="stmt"/>
        <line num="73" count="0" type="stmt"/>
        <line num="77" count="21" type="stmt"/>
        <line num="78" count="1" type="stmt"/>
        <line num="79" count="1" type="stmt"/>
        <line num="81" count="0" type="stmt"/>
        <line num="89" count="1" type="stmt"/>
        <line num="90" count="21" type="stmt"/>
        <line num="91" count="1" type="stmt"/>
        <line num="92" count="1" type="stmt"/>
        <line num="93" count="1" type="stmt"/>
        <line num="95" count="0" type="stmt"/>
        <line num="99" count="21" type="stmt"/>
        <line num="100" count="1" type="stmt"/>
        <line num="101" count="1" type="stmt"/>
        <line num="103" count="0" type="stmt"/>
        <line num="107" count="21" type="stmt"/>
        <line num="108" count="0" type="stmt"/>
        <line num="109" count="0" type="stmt"/>
        <line num="111" count="0" type="stmt"/>
        <line num="115" count="21" type="stmt"/>
        <line num="116" count="0" type="stmt"/>
        <line num="117" count="0" type="stmt"/>
        <line num="119" count="0" type="stmt"/>
        <line num="123" count="21" type="stmt"/>
        <line num="124" count="0" type="stmt"/>
        <line num="125" count="0" type="stmt"/>
        <line num="127" count="0" type="stmt"/>
        <line num="135" count="1" type="stmt"/>
        <line num="136" count="21" type="stmt"/>
        <line num="137" count="1" type="stmt"/>
        <line num="138" count="1" type="stmt"/>
        <line num="139" count="1" type="stmt"/>
        <line num="141" count="0" type="stmt"/>
        <line num="145" count="21" type="stmt"/>
        <line num="146" count="1" type="stmt"/>
        <line num="147" count="1" type="stmt"/>
        <line num="148" count="1" type="stmt"/>
        <line num="150" count="0" type="stmt"/>
        <line num="154" count="21" type="stmt"/>
        <line num="155" count="1" type="stmt"/>
        <line num="156" count="1" type="stmt"/>
        <line num="157" count="1" type="stmt"/>
        <line num="159" count="0" type="stmt"/>
        <line num="163" count="21" type="stmt"/>
        <line num="164" count="1" type="stmt"/>
        <line num="165" count="1" type="stmt"/>
        <line num="167" count="0" type="stmt"/>
        <line num="171" count="21" type="stmt"/>
        <line num="172" count="1" type="stmt"/>
        <line num="173" count="1" type="stmt"/>
        <line num="175" count="0" type="stmt"/>
        <line num="183" count="1" type="stmt"/>
        <line num="184" count="21" type="stmt"/>
        <line num="185" count="1" type="stmt"/>
        <line num="186" count="1" type="stmt"/>
        <line num="187" count="1" type="stmt"/>
        <line num="189" count="0" type="stmt"/>
        <line num="193" count="21" type="stmt"/>
        <line num="194" count="1" type="stmt"/>
        <line num="195" count="1" type="stmt"/>
        <line num="196" count="1" type="stmt"/>
        <line num="198" count="0" type="stmt"/>
        <line num="202" count="21" type="stmt"/>
        <line num="203" count="1" type="stmt"/>
        <line num="204" count="1" type="stmt"/>
        <line num="205" count="1" type="stmt"/>
        <line num="207" count="0" type="stmt"/>
        <line num="211" count="21" type="stmt"/>
        <line num="212" count="1" type="stmt"/>
        <line num="213" count="1" type="stmt"/>
        <line num="215" count="0" type="stmt"/>
        <line num="223" count="1" type="stmt"/>
        <line num="225" count="21" type="stmt"/>
        <line num="228" count="21" type="stmt"/>
        <line num="229" count="21" type="stmt"/>
        <line num="230" count="21" type="stmt"/>
        <line num="231" count="21" type="stmt"/>
        <line num="234" count="21" type="stmt"/>
        <line num="235" count="21" type="stmt"/>
        <line num="236" count="21" type="stmt"/>
        <line num="237" count="21" type="stmt"/>
        <line num="238" count="21" type="stmt"/>
        <line num="240" count="21" type="stmt"/>
      </file>
    </package>
    <package name="gateway.services">
      <metrics statements="31" coveredstatements="31" conditionals="10" coveredconditionals="10" methods="6" coveredmethods="6"/>
      <file name="healthChecker.js" path="D:\projectBackend\microservice-payroll\gateway\services\healthChecker.js">
        <metrics statements="31" coveredstatements="31" conditionals="10" coveredconditionals="10" methods="6" coveredmethods="6"/>
        <line num="1" count="2" type="stmt"/>
        <line num="5" count="2" type="stmt"/>
        <line num="6" count="2" type="cond" truecount="2" falsecount="0"/>
        <line num="7" count="2" type="stmt"/>
        <line num="11" count="17" type="stmt"/>
        <line num="12" count="17" type="stmt"/>
        <line num="13" count="32" type="stmt"/>
        <line num="15" count="32" type="stmt"/>
        <line num="16" count="31" type="stmt"/>
        <line num="22" count="31" type="stmt"/>
        <line num="23" count="31" type="stmt"/>
        <line num="29" count="31" type="stmt"/>
        <line num="30" count="31" type="cond" truecount="2" falsecount="0"/>
        <line num="31" count="31" type="cond" truecount="2" falsecount="0"/>
        <line num="34" count="1" type="stmt"/>
        <line num="40" count="8" type="cond" truecount="2" falsecount="0"/>
        <line num="42" count="6" type="stmt"/>
        <line num="43" count="6" type="stmt"/>
        <line num="46" count="6" type="stmt"/>
        <line num="49" count="6" type="stmt"/>
        <line num="50" count="3" type="stmt"/>
        <line num="55" count="46" type="cond" truecount="2" falsecount="0"/>
        <line num="56" count="6" type="stmt"/>
        <line num="57" count="6" type="stmt"/>
        <line num="58" count="6" type="stmt"/>
        <line num="60" count="46" type="stmt"/>
        <line num="64" count="5" type="stmt"/>
        <line num="66" count="5" type="stmt"/>
        <line num="67" count="16" type="stmt"/>
        <line num="70" count="5" type="stmt"/>
        <line num="74" count="2" type="stmt"/>
      </file>
    </package>
    <package name="gateway.utils">
      <metrics statements="66" coveredstatements="65" conditionals="46" coveredconditionals="44" methods="6" coveredmethods="6"/>
      <file name="requestHandler.js" path="D:\projectBackend\microservice-payroll\gateway\utils\requestHandler.js">
        <metrics statements="66" coveredstatements="65" conditionals="46" coveredconditionals="44" methods="6" coveredmethods="6"/>
        <line num="2" count="1" type="stmt"/>
        <line num="7" count="1" type="stmt"/>
        <line num="8" count="11" type="stmt"/>
        <line num="35" count="1" type="stmt"/>
        <line num="36" count="9" type="stmt"/>
        <line num="39" count="9" type="cond" truecount="2" falsecount="0"/>
        <line num="40" count="8" type="stmt"/>
        <line num="41" count="8" type="stmt"/>
        <line num="44" count="1" type="stmt"/>
        <line num="50" count="1" type="stmt"/>
        <line num="51" count="5" type="stmt"/>
        <line num="52" count="5" type="stmt"/>
        <line num="54" count="4" type="stmt"/>
        <line num="57" count="3" type="cond" truecount="2" falsecount="0"/>
        <line num="59" count="2" type="stmt"/>
        <line num="60" count="2" type="stmt"/>
        <line num="67" count="1" type="cond" truecount="1" falsecount="0"/>
        <line num="68" count="9" type="stmt"/>
        <line num="69" count="9" type="stmt"/>
        <line num="71" count="9" type="stmt"/>
        <line num="74" count="9" type="stmt"/>
        <line num="76" count="9" type="cond" truecount="2" falsecount="0"/>
        <line num="77" count="3" type="stmt"/>
        <line num="78" count="3" type="stmt"/>
        <line num="81" count="6" type="stmt"/>
        <line num="83" count="6" type="stmt"/>
        <line num="85" count="6" type="stmt"/>
        <line num="86" count="6" type="stmt"/>
        <line num="87" count="2" type="stmt"/>
        <line num="89" count="4" type="stmt"/>
        <line num="91" count="4" type="stmt"/>
        <line num="93" count="4" type="stmt"/>
        <line num="94" count="4" type="stmt"/>
        <line num="97" count="2" type="stmt"/>
        <line num="99" count="2" type="stmt"/>
        <line num="100" count="2" type="stmt"/>
        <line num="101" count="2" type="stmt"/>
        <line num="104" count="2" type="cond" truecount="1" falsecount="1"/>
        <line num="105" count="2" type="stmt"/>
        <line num="123" count="1" type="cond" truecount="1" falsecount="0"/>
        <line num="124" count="25" type="stmt"/>
        <line num="125" count="25" type="stmt"/>
        <line num="138" count="25" type="cond" truecount="4" falsecount="0"/>
        <line num="139" count="2" type="stmt"/>
        <line num="143" count="25" type="cond" truecount="2" falsecount="0"/>
        <line num="144" count="1" type="stmt"/>
        <line num="145" count="1" type="stmt"/>
        <line num="146" count="1" type="stmt"/>
        <line num="150" count="1" type="stmt"/>
        <line num="151" count="1" type="stmt"/>
        <line num="157" count="25" type="stmt"/>
        <line num="158" count="25" type="stmt"/>
        <line num="159" count="13" type="stmt"/>
        <line num="162" count="13" type="cond" truecount="2" falsecount="0"/>
        <line num="163" count="1" type="stmt"/>
        <line num="166" count="12" type="cond" truecount="2" falsecount="0"/>
        <line num="167" count="11" type="stmt"/>
        <line num="171" count="12" type="stmt"/>
        <line num="173" count="12" type="cond" truecount="2" falsecount="0"/>
        <line num="175" count="4" type="cond" truecount="2" falsecount="0"/>
        <line num="176" count="3" type="stmt"/>
        <line num="179" count="4" type="stmt"/>
        <line num="180" count="8" type="cond" truecount="1" falsecount="1"/>
        <line num="182" count="0" type="stmt"/>
        <line num="185" count="8" type="stmt"/>
        <line num="190" count="1" type="stmt"/>
      </file>
    </package>
  </project>
</coverage>
