<?xml version="1.0" encoding="UTF-8"?>
<coverage generated="1753351955429" clover="3.2.0">
  <project timestamp="1753351955429" name="All files">
    <metrics statements="338" coveredstatements="316" conditionals="75" coveredconditionals="70" methods="62" coveredmethods="62" elements="475" coveredelements="448" complexity="0" loc="338" ncloc="338" packages="2" files="4" classes="4"/>
    <package name="routes">
      <metrics statements="272" coveredstatements="251" conditionals="29" coveredconditionals="26" methods="56" coveredmethods="56"/>
      <file name="auth.js" path="D:\projectBackend\microservice-payroll\gateway\routes\auth.js">
        <metrics statements="29" coveredstatements="28" conditionals="14" coveredconditionals="12" methods="4" coveredmethods="4"/>
        <line num="1" count="1" type="stmt"/>
        <line num="2" count="1" type="stmt"/>
        <line num="3" count="1" type="stmt"/>
        <line num="5" count="1" type="stmt"/>
        <line num="7" count="1" type="stmt"/>
        <line num="9" count="23" type="stmt"/>
        <line num="15" count="3" type="stmt"/>
        <line num="16" count="3" type="stmt"/>
        <line num="17" count="3" type="cond" truecount="2" falsecount="0"/>
        <line num="18" count="1" type="stmt"/>
        <line num="19" count="2" type="cond" truecount="2" falsecount="0"/>
        <line num="20" count="1" type="stmt"/>
        <line num="22" count="3" type="stmt"/>
        <line num="30" count="23" type="stmt"/>
        <line num="31" count="7" type="stmt"/>
        <line num="33" count="7" type="stmt"/>
        <line num="34" count="7" type="stmt"/>
        <line num="36" count="2" type="stmt"/>
        <line num="39" count="2" type="cond" truecount="1" falsecount="1"/>
        <line num="40" count="2" type="stmt"/>
        <line num="49" count="23" type="stmt"/>
        <line num="51" count="12" type="cond" truecount="4" falsecount="0"/>
        <line num="52" count="1" type="stmt"/>
        <line num="56" count="11" type="stmt"/>
        <line num="57" count="11" type="stmt"/>
        <line num="60" count="11" type="cond" truecount="3" falsecount="1"/>
        <line num="61" count="0" type="stmt"/>
        <line num="65" count="11" type="stmt"/>
        <line num="68" count="23" type="stmt"/>
      </file>
      <file name="employee.js" path="D:\projectBackend\microservice-payroll\gateway\routes\employee.js">
        <metrics statements="130" coveredstatements="124" conditionals="12" coveredconditionals="11" methods="25" coveredmethods="25"/>
        <line num="1" count="1" type="stmt"/>
        <line num="2" count="1" type="stmt"/>
        <line num="3" count="1" type="stmt"/>
        <line num="4" count="1" type="stmt"/>
        <line num="6" count="1" type="stmt"/>
        <line num="7" count="1" type="stmt"/>
        <line num="9" count="1" type="stmt"/>
        <line num="10" count="43" type="stmt"/>
        <line num="16" count="2" type="stmt"/>
        <line num="17" count="2" type="stmt"/>
        <line num="25" count="1" type="cond" truecount="1" falsecount="0"/>
        <line num="26" count="19" type="cond" truecount="2" falsecount="0"/>
        <line num="27" count="19" type="cond" truecount="2" falsecount="0"/>
        <line num="28" count="18" type="stmt"/>
        <line num="29" count="18" type="cond" truecount="2" falsecount="0"/>
        <line num="30" count="16" type="stmt"/>
        <line num="31" count="2" type="cond" truecount="2" falsecount="0"/>
        <line num="32" count="1" type="stmt"/>
        <line num="34" count="18" type="stmt"/>
        <line num="41" count="1" type="stmt"/>
        <line num="42" count="43" type="stmt"/>
        <line num="43" count="1" type="stmt"/>
        <line num="44" count="1" type="stmt"/>
        <line num="45" count="1" type="stmt"/>
        <line num="47" count="0" type="stmt"/>
        <line num="51" count="43" type="stmt"/>
        <line num="52" count="1" type="stmt"/>
        <line num="53" count="1" type="stmt"/>
        <line num="54" count="1" type="stmt"/>
        <line num="56" count="0" type="stmt"/>
        <line num="60" count="43" type="stmt"/>
        <line num="61" count="1" type="stmt"/>
        <line num="62" count="1" type="stmt"/>
        <line num="63" count="1" type="stmt"/>
        <line num="65" count="0" type="stmt"/>
        <line num="69" count="43" type="stmt"/>
        <line num="70" count="1" type="stmt"/>
        <line num="71" count="1" type="stmt"/>
        <line num="72" count="1" type="stmt"/>
        <line num="74" count="0" type="stmt"/>
        <line num="78" count="43" type="stmt"/>
        <line num="79" count="2" type="stmt"/>
        <line num="80" count="2" type="stmt"/>
        <line num="81" count="2" type="stmt"/>
        <line num="83" count="1" type="stmt"/>
        <line num="87" count="43" type="stmt"/>
        <line num="88" count="1" type="stmt"/>
        <line num="89" count="1" type="stmt"/>
        <line num="90" count="1" type="stmt"/>
        <line num="92" count="0" type="stmt"/>
        <line num="96" count="43" type="stmt"/>
        <line num="97" count="1" type="stmt"/>
        <line num="98" count="1" type="stmt"/>
        <line num="99" count="1" type="stmt"/>
        <line num="101" count="0" type="stmt"/>
        <line num="105" count="43" type="stmt"/>
        <line num="106" count="2" type="stmt"/>
        <line num="107" count="2" type="stmt"/>
        <line num="108" count="2" type="stmt"/>
        <line num="110" count="1" type="stmt"/>
        <line num="114" count="43" type="stmt"/>
        <line num="115" count="2" type="stmt"/>
        <line num="116" count="2" type="stmt"/>
        <line num="117" count="2" type="stmt"/>
        <line num="121" count="1" type="stmt"/>
        <line num="126" count="1" type="stmt"/>
        <line num="127" count="43" type="stmt"/>
        <line num="128" count="2" type="stmt"/>
        <line num="129" count="2" type="stmt"/>
        <line num="130" count="2" type="stmt"/>
        <line num="132" count="1" type="stmt"/>
        <line num="136" count="43" type="stmt"/>
        <line num="137" count="2" type="stmt"/>
        <line num="138" count="2" type="stmt"/>
        <line num="139" count="2" type="stmt"/>
        <line num="141" count="1" type="stmt"/>
        <line num="145" count="43" type="stmt"/>
        <line num="146" count="2" type="stmt"/>
        <line num="147" count="2" type="stmt"/>
        <line num="148" count="2" type="stmt"/>
        <line num="150" count="1" type="stmt"/>
        <line num="154" count="43" type="stmt"/>
        <line num="155" count="2" type="stmt"/>
        <line num="156" count="2" type="stmt"/>
        <line num="157" count="2" type="stmt"/>
        <line num="159" count="1" type="stmt"/>
        <line num="163" count="43" type="stmt"/>
        <line num="164" count="2" type="stmt"/>
        <line num="165" count="2" type="stmt"/>
        <line num="166" count="2" type="stmt"/>
        <line num="168" count="1" type="stmt"/>
        <line num="172" count="43" type="stmt"/>
        <line num="173" count="3" type="stmt"/>
        <line num="174" count="3" type="stmt"/>
        <line num="175" count="3" type="stmt"/>
        <line num="177" count="2" type="stmt"/>
        <line num="181" count="43" type="stmt"/>
        <line num="182" count="2" type="stmt"/>
        <line num="183" count="2" type="stmt"/>
        <line num="184" count="2" type="stmt"/>
        <line num="186" count="1" type="stmt"/>
        <line num="190" count="43" type="stmt"/>
        <line num="191" count="2" type="stmt"/>
        <line num="192" count="2" type="stmt"/>
        <line num="193" count="2" type="stmt"/>
        <line num="195" count="1" type="stmt"/>
        <line num="199" count="43" type="stmt"/>
        <line num="200" count="3" type="stmt"/>
        <line num="201" count="3" type="stmt"/>
        <line num="202" count="3" type="stmt"/>
        <line num="204" count="2" type="stmt"/>
        <line num="208" count="43" type="stmt"/>
        <line num="209" count="3" type="stmt"/>
        <line num="210" count="3" type="stmt"/>
        <line num="211" count="3" type="stmt"/>
        <line num="213" count="2" type="stmt"/>
        <line num="218" count="1" type="stmt"/>
        <line num="219" count="43" type="stmt"/>
        <line num="221" count="43" type="stmt"/>
        <line num="222" count="43" type="stmt"/>
        <line num="224" count="43" type="stmt"/>
        <line num="225" count="43" type="stmt"/>
        <line num="226" count="43" type="stmt"/>
        <line num="227" count="43" type="stmt"/>
        <line num="228" count="43" type="stmt"/>
        <line num="229" count="43" type="stmt"/>
        <line num="230" count="43" type="stmt"/>
        <line num="231" count="43" type="stmt"/>
        <line num="233" count="43" type="stmt"/>
        <line num="236" count="1" type="stmt"/>
      </file>
      <file name="payroll.js" path="D:\projectBackend\microservice-payroll\gateway\routes\payroll.js">
        <metrics statements="113" coveredstatements="99" conditionals="3" coveredconditionals="3" methods="27" coveredmethods="27"/>
        <line num="1" count="1" type="stmt"/>
        <line num="2" count="1" type="stmt"/>
        <line num="3" count="1" type="stmt"/>
        <line num="5" count="1" type="stmt"/>
        <line num="10" count="1" type="stmt"/>
        <line num="11" count="32" type="stmt"/>
        <line num="17" count="2" type="stmt"/>
        <line num="18" count="2" type="stmt"/>
        <line num="29" count="1" type="cond" truecount="1" falsecount="0"/>
        <line num="30" count="7" type="stmt"/>
        <line num="32" count="7" type="cond" truecount="2" falsecount="0"/>
        <line num="33" count="6" type="stmt"/>
        <line num="43" count="1" type="stmt"/>
        <line num="44" count="32" type="stmt"/>
        <line num="45" count="2" type="stmt"/>
        <line num="46" count="2" type="stmt"/>
        <line num="47" count="2" type="stmt"/>
        <line num="49" count="1" type="stmt"/>
        <line num="53" count="32" type="stmt"/>
        <line num="54" count="2" type="stmt"/>
        <line num="55" count="2" type="stmt"/>
        <line num="57" count="1" type="stmt"/>
        <line num="61" count="32" type="stmt"/>
        <line num="62" count="1" type="stmt"/>
        <line num="63" count="1" type="stmt"/>
        <line num="65" count="0" type="stmt"/>
        <line num="69" count="32" type="stmt"/>
        <line num="70" count="1" type="stmt"/>
        <line num="71" count="1" type="stmt"/>
        <line num="73" count="0" type="stmt"/>
        <line num="77" count="32" type="stmt"/>
        <line num="78" count="1" type="stmt"/>
        <line num="79" count="1" type="stmt"/>
        <line num="81" count="0" type="stmt"/>
        <line num="89" count="1" type="stmt"/>
        <line num="90" count="32" type="stmt"/>
        <line num="91" count="1" type="stmt"/>
        <line num="92" count="1" type="stmt"/>
        <line num="93" count="1" type="stmt"/>
        <line num="95" count="0" type="stmt"/>
        <line num="99" count="32" type="stmt"/>
        <line num="100" count="2" type="stmt"/>
        <line num="101" count="2" type="stmt"/>
        <line num="103" count="1" type="stmt"/>
        <line num="107" count="32" type="stmt"/>
        <line num="108" count="1" type="stmt"/>
        <line num="109" count="1" type="stmt"/>
        <line num="111" count="0" type="stmt"/>
        <line num="115" count="32" type="stmt"/>
        <line num="116" count="1" type="stmt"/>
        <line num="117" count="1" type="stmt"/>
        <line num="119" count="0" type="stmt"/>
        <line num="123" count="32" type="stmt"/>
        <line num="124" count="1" type="stmt"/>
        <line num="125" count="1" type="stmt"/>
        <line num="127" count="0" type="stmt"/>
        <line num="135" count="1" type="stmt"/>
        <line num="136" count="32" type="stmt"/>
        <line num="137" count="1" type="stmt"/>
        <line num="138" count="1" type="stmt"/>
        <line num="139" count="1" type="stmt"/>
        <line num="141" count="0" type="stmt"/>
        <line num="145" count="32" type="stmt"/>
        <line num="146" count="1" type="stmt"/>
        <line num="147" count="1" type="stmt"/>
        <line num="148" count="1" type="stmt"/>
        <line num="150" count="0" type="stmt"/>
        <line num="154" count="32" type="stmt"/>
        <line num="155" count="2" type="stmt"/>
        <line num="156" count="2" type="stmt"/>
        <line num="157" count="2" type="stmt"/>
        <line num="159" count="1" type="stmt"/>
        <line num="163" count="32" type="stmt"/>
        <line num="164" count="1" type="stmt"/>
        <line num="165" count="1" type="stmt"/>
        <line num="167" count="0" type="stmt"/>
        <line num="171" count="32" type="stmt"/>
        <line num="172" count="1" type="stmt"/>
        <line num="173" count="1" type="stmt"/>
        <line num="175" count="0" type="stmt"/>
        <line num="183" count="1" type="stmt"/>
        <line num="184" count="32" type="stmt"/>
        <line num="185" count="1" type="stmt"/>
        <line num="186" count="1" type="stmt"/>
        <line num="187" count="1" type="stmt"/>
        <line num="189" count="0" type="stmt"/>
        <line num="193" count="32" type="stmt"/>
        <line num="194" count="1" type="stmt"/>
        <line num="195" count="1" type="stmt"/>
        <line num="196" count="1" type="stmt"/>
        <line num="198" count="0" type="stmt"/>
        <line num="202" count="32" type="stmt"/>
        <line num="203" count="2" type="stmt"/>
        <line num="204" count="2" type="stmt"/>
        <line num="205" count="2" type="stmt"/>
        <line num="207" count="1" type="stmt"/>
        <line num="211" count="32" type="stmt"/>
        <line num="212" count="1" type="stmt"/>
        <line num="213" count="1" type="stmt"/>
        <line num="215" count="0" type="stmt"/>
        <line num="223" count="1" type="stmt"/>
        <line num="225" count="32" type="stmt"/>
        <line num="228" count="32" type="stmt"/>
        <line num="229" count="32" type="stmt"/>
        <line num="230" count="32" type="stmt"/>
        <line num="231" count="32" type="stmt"/>
        <line num="234" count="32" type="stmt"/>
        <line num="235" count="32" type="stmt"/>
        <line num="236" count="32" type="stmt"/>
        <line num="237" count="32" type="stmt"/>
        <line num="238" count="32" type="stmt"/>
        <line num="240" count="32" type="stmt"/>
        <line num="243" count="1" type="stmt"/>
      </file>
    </package>
    <package name="utils">
      <metrics statements="66" coveredstatements="65" conditionals="46" coveredconditionals="44" methods="6" coveredmethods="6"/>
      <file name="requestHandler.js" path="D:\projectBackend\microservice-payroll\gateway\utils\requestHandler.js">
        <metrics statements="66" coveredstatements="65" conditionals="46" coveredconditionals="44" methods="6" coveredmethods="6"/>
        <line num="2" count="1" type="stmt"/>
        <line num="7" count="1" type="stmt"/>
        <line num="8" count="11" type="stmt"/>
        <line num="35" count="1" type="stmt"/>
        <line num="36" count="9" type="stmt"/>
        <line num="39" count="9" type="cond" truecount="2" falsecount="0"/>
        <line num="40" count="8" type="stmt"/>
        <line num="41" count="8" type="stmt"/>
        <line num="44" count="1" type="stmt"/>
        <line num="50" count="1" type="stmt"/>
        <line num="51" count="5" type="stmt"/>
        <line num="52" count="5" type="stmt"/>
        <line num="54" count="4" type="stmt"/>
        <line num="57" count="3" type="cond" truecount="2" falsecount="0"/>
        <line num="59" count="2" type="stmt"/>
        <line num="60" count="2" type="stmt"/>
        <line num="67" count="1" type="cond" truecount="1" falsecount="0"/>
        <line num="68" count="9" type="stmt"/>
        <line num="69" count="9" type="stmt"/>
        <line num="71" count="9" type="stmt"/>
        <line num="74" count="9" type="stmt"/>
        <line num="76" count="9" type="cond" truecount="2" falsecount="0"/>
        <line num="77" count="3" type="stmt"/>
        <line num="78" count="3" type="stmt"/>
        <line num="81" count="6" type="stmt"/>
        <line num="83" count="6" type="stmt"/>
        <line num="85" count="6" type="stmt"/>
        <line num="86" count="6" type="stmt"/>
        <line num="87" count="2" type="stmt"/>
        <line num="89" count="4" type="stmt"/>
        <line num="91" count="4" type="stmt"/>
        <line num="93" count="4" type="stmt"/>
        <line num="94" count="4" type="stmt"/>
        <line num="97" count="2" type="stmt"/>
        <line num="99" count="2" type="stmt"/>
        <line num="100" count="2" type="stmt"/>
        <line num="101" count="2" type="stmt"/>
        <line num="104" count="2" type="cond" truecount="1" falsecount="1"/>
        <line num="105" count="2" type="stmt"/>
        <line num="123" count="1" type="cond" truecount="1" falsecount="0"/>
        <line num="124" count="25" type="stmt"/>
        <line num="125" count="25" type="stmt"/>
        <line num="138" count="25" type="cond" truecount="4" falsecount="0"/>
        <line num="139" count="2" type="stmt"/>
        <line num="143" count="25" type="cond" truecount="2" falsecount="0"/>
        <line num="144" count="1" type="stmt"/>
        <line num="145" count="1" type="stmt"/>
        <line num="146" count="1" type="stmt"/>
        <line num="150" count="1" type="stmt"/>
        <line num="151" count="1" type="stmt"/>
        <line num="157" count="25" type="stmt"/>
        <line num="158" count="25" type="stmt"/>
        <line num="159" count="13" type="stmt"/>
        <line num="162" count="13" type="cond" truecount="2" falsecount="0"/>
        <line num="163" count="1" type="stmt"/>
        <line num="166" count="12" type="cond" truecount="2" falsecount="0"/>
        <line num="167" count="11" type="stmt"/>
        <line num="171" count="12" type="stmt"/>
        <line num="173" count="12" type="cond" truecount="2" falsecount="0"/>
        <line num="175" count="4" type="cond" truecount="2" falsecount="0"/>
        <line num="176" count="3" type="stmt"/>
        <line num="179" count="4" type="stmt"/>
        <line num="180" count="8" type="cond" truecount="1" falsecount="1"/>
        <line num="182" count="0" type="stmt"/>
        <line num="185" count="8" type="stmt"/>
        <line num="190" count="1" type="stmt"/>
      </file>
    </package>
  </project>
</coverage>
