{"D:\\projectBackend\\microservice-payroll\\gateway\\index.js": {"path":"D:\\projectBackend\\microservice-payroll\\gateway\\index.js","statementMap":{"0":{"start":{"line":54,"column":16},"end":{"line":54,"column":34}},"1":{"start":{"line":55,"column":13},"end":{"line":55,"column":28}},"2":{"start":{"line":56,"column":15},"end":{"line":56,"column":32}},"3":{"start":{"line":57,"column":22},"end":{"line":57,"column":57}},"4":{"start":{"line":60,"column":0},"end":{"line":60,"column":16}},"5":{"start":{"line":63,"column":19},"end":{"line":63,"column":43}},"6":{"start":{"line":64,"column":23},"end":{"line":64,"column":51}},"7":{"start":{"line":65,"column":22},"end":{"line":65,"column":49}},"8":{"start":{"line":70,"column":24},"end":{"line":74,"column":1}},"9":{"start":{"line":71,"column":2},"end":{"line":71,"column":18}},"10":{"start":{"line":72,"column":2},"end":{"line":72,"column":26}},"11":{"start":{"line":73,"column":2},"end":{"line":73,"column":50}},"12":{"start":{"line":79,"column":23},"end":{"line":93,"column":1}},"13":{"start":{"line":80,"column":27},"end":{"line":80,"column":82}},"14":{"start":{"line":81,"column":31},"end":{"line":81,"column":90}},"15":{"start":{"line":82,"column":30},"end":{"line":82,"column":88}},"16":{"start":{"line":84,"column":2},"end":{"line":84,"column":59}},"17":{"start":{"line":85,"column":2},"end":{"line":85,"column":67}},"18":{"start":{"line":86,"column":2},"end":{"line":86,"column":65}},"19":{"start":{"line":88,"column":2},"end":{"line":92,"column":4}},"20":{"start":{"line":98,"column":20},"end":{"line":123,"column":1}},"21":{"start":{"line":100,"column":2},"end":{"line":100,"column":64}},"22":{"start":{"line":101,"column":2},"end":{"line":101,"column":67}},"23":{"start":{"line":102,"column":2},"end":{"line":102,"column":65}},"24":{"start":{"line":105,"column":2},"end":{"line":107,"column":5}},"25":{"start":{"line":106,"column":4},"end":{"line":106,"column":59}},"26":{"start":{"line":110,"column":2},"end":{"line":117,"column":5}},"27":{"start":{"line":111,"column":26},"end":{"line":111,"column":58}},"28":{"start":{"line":112,"column":4},"end":{"line":116,"column":7}},"29":{"start":{"line":120,"column":2},"end":{"line":122,"column":5}},"30":{"start":{"line":121,"column":4},"end":{"line":121,"column":73}},"31":{"start":{"line":130,"column":27},"end":{"line":177,"column":1}},"32":{"start":{"line":132,"column":2},"end":{"line":137,"column":5}},"33":{"start":{"line":133,"column":4},"end":{"line":136,"column":7}},"34":{"start":{"line":140,"column":2},"end":{"line":176,"column":5}},"35":{"start":{"line":141,"column":4},"end":{"line":141,"column":43}},"36":{"start":{"line":143,"column":23},"end":{"line":143,"column":53}},"37":{"start":{"line":146,"column":4},"end":{"line":170,"column":5}},"38":{"start":{"line":148,"column":6},"end":{"line":165,"column":7}},"39":{"start":{"line":150,"column":8},"end":{"line":160,"column":9}},"40":{"start":{"line":151,"column":10},"end":{"line":151,"column":37}},"41":{"start":{"line":154,"column":13},"end":{"line":160,"column":9}},"42":{"start":{"line":155,"column":10},"end":{"line":155,"column":28}},"43":{"start":{"line":159,"column":10},"end":{"line":159,"column":56}},"44":{"start":{"line":164,"column":8},"end":{"line":164,"column":54}},"45":{"start":{"line":169,"column":6},"end":{"line":169,"column":52}},"46":{"start":{"line":172,"column":4},"end":{"line":175,"column":7}},"47":{"start":{"line":179,"column":18},"end":{"line":201,"column":1}},"48":{"start":{"line":180,"column":14},"end":{"line":180,"column":23}},"49":{"start":{"line":183,"column":2},"end":{"line":183,"column":23}},"50":{"start":{"line":184,"column":22},"end":{"line":184,"column":38}},"51":{"start":{"line":185,"column":2},"end":{"line":185,"column":32}},"52":{"start":{"line":188,"column":2},"end":{"line":190,"column":3}},"53":{"start":{"line":189,"column":4},"end":{"line":189,"column":36}},"54":{"start":{"line":192,"column":35},"end":{"line":192,"column":60}},"55":{"start":{"line":194,"column":2},"end":{"line":198,"column":3}},"56":{"start":{"line":195,"column":4},"end":{"line":195,"column":49}},"57":{"start":{"line":197,"column":4},"end":{"line":197,"column":28}},"58":{"start":{"line":200,"column":2},"end":{"line":200,"column":13}},"59":{"start":{"line":203,"column":0},"end":{"line":207,"column":3}},"60":{"start":{"line":204,"column":2},"end":{"line":204,"column":63}},"61":{"start":{"line":205,"column":2},"end":{"line":205,"column":33}},"62":{"start":{"line":206,"column":2},"end":{"line":206,"column":18}},"63":{"start":{"line":209,"column":0},"end":{"line":213,"column":3}},"64":{"start":{"line":210,"column":2},"end":{"line":210,"column":62}},"65":{"start":{"line":211,"column":2},"end":{"line":211,"column":33}},"66":{"start":{"line":212,"column":2},"end":{"line":212,"column":18}},"67":{"start":{"line":218,"column":20},"end":{"line":222,"column":1}},"68":{"start":{"line":219,"column":2},"end":{"line":221,"column":5}},"69":{"start":{"line":220,"column":4},"end":{"line":220,"column":58}},"70":{"start":{"line":225,"column":0},"end":{"line":228,"column":1}},"71":{"start":{"line":226,"column":14},"end":{"line":226,"column":25}},"72":{"start":{"line":227,"column":2},"end":{"line":227,"column":19}},"73":{"start":{"line":230,"column":0},"end":{"line":230,"column":64}}},"fnMap":{"0":{"name":"(anonymous_0)","decl":{"start":{"line":70,"column":24},"end":{"line":70,"column":25}},"loc":{"start":{"line":70,"column":33},"end":{"line":74,"column":1}},"line":70},"1":{"name":"(anonymous_1)","decl":{"start":{"line":79,"column":23},"end":{"line":79,"column":24}},"loc":{"start":{"line":79,"column":29},"end":{"line":93,"column":1}},"line":79},"2":{"name":"(anonymous_2)","decl":{"start":{"line":98,"column":20},"end":{"line":98,"column":21}},"loc":{"start":{"line":98,"column":42},"end":{"line":123,"column":1}},"line":98},"3":{"name":"(anonymous_3)","decl":{"start":{"line":105,"column":21},"end":{"line":105,"column":22}},"loc":{"start":{"line":105,"column":35},"end":{"line":107,"column":3}},"line":105},"4":{"name":"(anonymous_4)","decl":{"start":{"line":110,"column":30},"end":{"line":110,"column":31}},"loc":{"start":{"line":110,"column":44},"end":{"line":117,"column":3}},"line":110},"5":{"name":"(anonymous_5)","decl":{"start":{"line":120,"column":15},"end":{"line":120,"column":16}},"loc":{"start":{"line":120,"column":29},"end":{"line":122,"column":3}},"line":120},"6":{"name":"(anonymous_6)","decl":{"start":{"line":130,"column":27},"end":{"line":130,"column":28}},"loc":{"start":{"line":130,"column":36},"end":{"line":177,"column":1}},"line":130},"7":{"name":"(anonymous_7)","decl":{"start":{"line":132,"column":10},"end":{"line":132,"column":11}},"loc":{"start":{"line":132,"column":24},"end":{"line":137,"column":3}},"line":132},"8":{"name":"(anonymous_8)","decl":{"start":{"line":140,"column":10},"end":{"line":140,"column":11}},"loc":{"start":{"line":140,"column":35},"end":{"line":176,"column":3}},"line":140},"9":{"name":"(anonymous_9)","decl":{"start":{"line":179,"column":18},"end":{"line":179,"column":19}},"loc":{"start":{"line":179,"column":36},"end":{"line":201,"column":1}},"line":179},"10":{"name":"(anonymous_10)","decl":{"start":{"line":203,"column":22},"end":{"line":203,"column":23}},"loc":{"start":{"line":203,"column":28},"end":{"line":207,"column":1}},"line":203},"11":{"name":"(anonymous_11)","decl":{"start":{"line":209,"column":21},"end":{"line":209,"column":22}},"loc":{"start":{"line":209,"column":27},"end":{"line":213,"column":1}},"line":209},"12":{"name":"(anonymous_12)","decl":{"start":{"line":218,"column":20},"end":{"line":218,"column":21}},"loc":{"start":{"line":218,"column":62},"end":{"line":222,"column":1}},"line":218},"13":{"name":"(anonymous_13)","decl":{"start":{"line":219,"column":26},"end":{"line":219,"column":27}},"loc":{"start":{"line":219,"column":32},"end":{"line":221,"column":3}},"line":219}},"branchMap":{"0":{"loc":{"start":{"line":80,"column":27},"end":{"line":80,"column":82}},"type":"binary-expr","locations":[{"start":{"line":80,"column":27},"end":{"line":80,"column":55}},{"start":{"line":80,"column":59},"end":{"line":80,"column":82}}],"line":80},"1":{"loc":{"start":{"line":81,"column":31},"end":{"line":81,"column":90}},"type":"binary-expr","locations":[{"start":{"line":81,"column":31},"end":{"line":81,"column":63}},{"start":{"line":81,"column":67},"end":{"line":81,"column":90}}],"line":81},"2":{"loc":{"start":{"line":82,"column":30},"end":{"line":82,"column":88}},"type":"binary-expr","locations":[{"start":{"line":82,"column":30},"end":{"line":82,"column":61}},{"start":{"line":82,"column":65},"end":{"line":82,"column":88}}],"line":82},"3":{"loc":{"start":{"line":146,"column":4},"end":{"line":170,"column":5}},"type":"if","locations":[{"start":{"line":146,"column":4},"end":{"line":170,"column":5}},{"start":{"line":168,"column":9},"end":{"line":170,"column":5}}],"line":146},"4":{"loc":{"start":{"line":148,"column":6},"end":{"line":165,"column":7}},"type":"if","locations":[{"start":{"line":148,"column":6},"end":{"line":165,"column":7}},{"start":{"line":163,"column":11},"end":{"line":165,"column":7}}],"line":148},"5":{"loc":{"start":{"line":150,"column":8},"end":{"line":160,"column":9}},"type":"if","locations":[{"start":{"line":150,"column":8},"end":{"line":160,"column":9}},{"start":{"line":154,"column":13},"end":{"line":160,"column":9}}],"line":150},"6":{"loc":{"start":{"line":154,"column":13},"end":{"line":160,"column":9}},"type":"if","locations":[{"start":{"line":154,"column":13},"end":{"line":160,"column":9}},{"start":{"line":158,"column":13},"end":{"line":160,"column":9}}],"line":154},"7":{"loc":{"start":{"line":179,"column":19},"end":{"line":179,"column":31}},"type":"default-arg","locations":[{"start":{"line":179,"column":29},"end":{"line":179,"column":31}}],"line":179},"8":{"loc":{"start":{"line":188,"column":2},"end":{"line":190,"column":3}},"type":"if","locations":[{"start":{"line":188,"column":2},"end":{"line":190,"column":3}},{"start":{},"end":{}}],"line":188},"9":{"loc":{"start":{"line":194,"column":2},"end":{"line":198,"column":3}},"type":"if","locations":[{"start":{"line":194,"column":2},"end":{"line":198,"column":3}},{"start":{"line":196,"column":9},"end":{"line":198,"column":3}}],"line":194},"10":{"loc":{"start":{"line":218,"column":26},"end":{"line":218,"column":57}},"type":"default-arg","locations":[{"start":{"line":218,"column":33},"end":{"line":218,"column":57}}],"line":218},"11":{"loc":{"start":{"line":218,"column":33},"end":{"line":218,"column":57}},"type":"binary-expr","locations":[{"start":{"line":218,"column":33},"end":{"line":218,"column":49}},{"start":{"line":218,"column":53},"end":{"line":218,"column":57}}],"line":218},"12":{"loc":{"start":{"line":225,"column":0},"end":{"line":228,"column":1}},"type":"if","locations":[{"start":{"line":225,"column":0},"end":{"line":228,"column":1}},{"start":{},"end":{}}],"line":225}},"s":{"0":1,"1":1,"2":1,"3":1,"4":1,"5":1,"6":1,"7":1,"8":1,"9":30,"10":30,"11":30,"12":1,"13":30,"14":30,"15":30,"16":30,"17":30,"18":30,"19":30,"20":1,"21":30,"22":30,"23":30,"24":30,"25":1,"26":30,"27":1,"28":1,"29":30,"30":1,"31":1,"32":24,"33":4,"34":24,"35":15,"36":15,"37":15,"38":14,"39":13,"40":5,"41":8,"42":2,"43":6,"44":1,"45":1,"46":15,"47":1,"48":30,"49":30,"50":30,"51":30,"52":30,"53":29,"54":30,"55":30,"56":21,"57":9,"58":30,"59":1,"60":0,"61":0,"62":0,"63":1,"64":0,"65":0,"66":0,"67":1,"68":3,"69":3,"70":1,"71":0,"72":0,"73":1},"f":{"0":30,"1":30,"2":30,"3":1,"4":1,"5":1,"6":24,"7":4,"8":15,"9":30,"10":0,"11":0,"12":3,"13":3},"b":{"0":[30,0],"1":[30,0],"2":[30,0],"3":[14,1],"4":[13,1],"5":[5,8],"6":[2,6],"7":[4],"8":[29,1],"9":[21,9],"10":[2],"11":[2,1],"12":[0,1]},"_coverageSchema":"1a1c01bbd47fc00a2c39e90264f33305004495a9","hash":"60aeb522eae6079576d03bc0fcc7470e0d7ebad4"}
,"D:\\projectBackend\\microservice-payroll\\gateway\\routes\\auth.js": {"path":"D:\\projectBackend\\microservice-payroll\\gateway\\routes\\auth.js","statementMap":{"0":{"start":{"line":1,"column":16},"end":{"line":1,"column":34}},"1":{"start":{"line":2,"column":34},"end":{"line":2,"column":66}},"2":{"start":{"line":3,"column":27},"end":{"line":3,"column":61}},"3":{"start":{"line":5,"column":15},"end":{"line":5,"column":31}},"4":{"start":{"line":7,"column":0},"end":{"line":63,"column":2}},"5":{"start":{"line":9,"column":20},"end":{"line":21,"column":4}},"6":{"start":{"line":15,"column":6},"end":{"line":15,"column":46}},"7":{"start":{"line":16,"column":6},"end":{"line":19,"column":9}},"8":{"start":{"line":24,"column":2},"end":{"line":40,"column":5}},"9":{"start":{"line":25,"column":4},"end":{"line":25,"column":70}},"10":{"start":{"line":27,"column":4},"end":{"line":39,"column":5}},"11":{"start":{"line":28,"column":6},"end":{"line":28,"column":73}},"12":{"start":{"line":30,"column":6},"end":{"line":30,"column":62}},"13":{"start":{"line":33,"column":6},"end":{"line":38,"column":7}},"14":{"start":{"line":34,"column":8},"end":{"line":37,"column":11}},"15":{"start":{"line":43,"column":2},"end":{"line":60,"column":5}},"16":{"start":{"line":45,"column":4},"end":{"line":47,"column":5}},"17":{"start":{"line":46,"column":6},"end":{"line":46,"column":39}},"18":{"start":{"line":50,"column":24},"end":{"line":50,"column":45}},"19":{"start":{"line":51,"column":25},"end":{"line":51,"column":46}},"20":{"start":{"line":54,"column":4},"end":{"line":56,"column":5}},"21":{"start":{"line":55,"column":6},"end":{"line":55,"column":27}},"22":{"start":{"line":59,"column":4},"end":{"line":59,"column":37}},"23":{"start":{"line":62,"column":2},"end":{"line":62,"column":16}}},"fnMap":{"0":{"name":"(anonymous_0)","decl":{"start":{"line":7,"column":17},"end":{"line":7,"column":18}},"loc":{"start":{"line":7,"column":39},"end":{"line":63,"column":1}},"line":7},"1":{"name":"(anonymous_1)","decl":{"start":{"line":14,"column":13},"end":{"line":14,"column":14}},"loc":{"start":{"line":14,"column":32},"end":{"line":20,"column":5}},"line":14},"2":{"name":"(anonymous_2)","decl":{"start":{"line":24,"column":24},"end":{"line":24,"column":25}},"loc":{"start":{"line":24,"column":44},"end":{"line":40,"column":3}},"line":24},"3":{"name":"(anonymous_3)","decl":{"start":{"line":43,"column":18},"end":{"line":43,"column":19}},"loc":{"start":{"line":43,"column":38},"end":{"line":60,"column":3}},"line":43}},"branchMap":{"0":{"loc":{"start":{"line":33,"column":6},"end":{"line":38,"column":7}},"type":"if","locations":[{"start":{"line":33,"column":6},"end":{"line":38,"column":7}},{"start":{},"end":{}}],"line":33},"1":{"loc":{"start":{"line":45,"column":4},"end":{"line":47,"column":5}},"type":"if","locations":[{"start":{"line":45,"column":4},"end":{"line":47,"column":5}},{"start":{},"end":{}}],"line":45},"2":{"loc":{"start":{"line":45,"column":8},"end":{"line":45,"column":32}},"type":"binary-expr","locations":[{"start":{"line":45,"column":8},"end":{"line":45,"column":17}},{"start":{"line":45,"column":21},"end":{"line":45,"column":32}}],"line":45},"3":{"loc":{"start":{"line":54,"column":4},"end":{"line":56,"column":5}},"type":"if","locations":[{"start":{"line":54,"column":4},"end":{"line":56,"column":5}},{"start":{},"end":{}}],"line":54},"4":{"loc":{"start":{"line":54,"column":8},"end":{"line":54,"column":35}},"type":"binary-expr","locations":[{"start":{"line":54,"column":8},"end":{"line":54,"column":19}},{"start":{"line":54,"column":23},"end":{"line":54,"column":35}}],"line":54}},"s":{"0":1,"1":1,"2":1,"3":1,"4":1,"5":16,"6":0,"7":0,"8":16,"9":5,"10":5,"11":5,"12":0,"13":0,"14":0,"15":16,"16":12,"17":1,"18":11,"19":11,"20":11,"21":0,"22":11,"23":16},"f":{"0":16,"1":0,"2":5,"3":12},"b":{"0":[0,0],"1":[1,11],"2":[12,12],"3":[0,11],"4":[11,4]},"_coverageSchema":"1a1c01bbd47fc00a2c39e90264f33305004495a9","hash":"083c70fb8cc5efac397702b04178e58ab4f8fcc4"}
,"D:\\projectBackend\\microservice-payroll\\gateway\\routes\\employee.js": {"path":"D:\\projectBackend\\microservice-payroll\\gateway\\routes\\employee.js","statementMap":{"0":{"start":{"line":129,"column":16},"end":{"line":129,"column":34}},"1":{"start":{"line":130,"column":34},"end":{"line":130,"column":66}},"2":{"start":{"line":131,"column":15},"end":{"line":131,"column":32}},"3":{"start":{"line":132,"column":39},"end":{"line":132,"column":73}},"4":{"start":{"line":134,"column":15},"end":{"line":134,"column":31}},"5":{"start":{"line":135,"column":19},"end":{"line":135,"column":62}},"6":{"start":{"line":137,"column":28},"end":{"line":151,"column":1}},"7":{"start":{"line":138,"column":2},"end":{"line":150,"column":5}},"8":{"start":{"line":144,"column":6},"end":{"line":144,"column":50}},"9":{"start":{"line":145,"column":6},"end":{"line":148,"column":9}},"10":{"start":{"line":153,"column":27},"end":{"line":161,"column":1}},"11":{"start":{"line":154,"column":2},"end":{"line":154,"column":64}},"12":{"start":{"line":155,"column":2},"end":{"line":160,"column":3}},"13":{"start":{"line":156,"column":4},"end":{"line":159,"column":7}},"14":{"start":{"line":163,"column":28},"end":{"line":246,"column":1}},"15":{"start":{"line":164,"column":2},"end":{"line":171,"column":5}},"16":{"start":{"line":165,"column":4},"end":{"line":165,"column":76}},"17":{"start":{"line":166,"column":4},"end":{"line":170,"column":5}},"18":{"start":{"line":167,"column":6},"end":{"line":167,"column":82}},"19":{"start":{"line":169,"column":6},"end":{"line":169,"column":37}},"20":{"start":{"line":173,"column":2},"end":{"line":180,"column":5}},"21":{"start":{"line":174,"column":4},"end":{"line":174,"column":77}},"22":{"start":{"line":175,"column":4},"end":{"line":179,"column":5}},"23":{"start":{"line":176,"column":6},"end":{"line":176,"column":100}},"24":{"start":{"line":178,"column":6},"end":{"line":178,"column":37}},"25":{"start":{"line":182,"column":2},"end":{"line":189,"column":5}},"26":{"start":{"line":183,"column":4},"end":{"line":183,"column":79}},"27":{"start":{"line":184,"column":4},"end":{"line":188,"column":5}},"28":{"start":{"line":185,"column":6},"end":{"line":185,"column":102}},"29":{"start":{"line":187,"column":6},"end":{"line":187,"column":37}},"30":{"start":{"line":191,"column":2},"end":{"line":198,"column":5}},"31":{"start":{"line":192,"column":4},"end":{"line":192,"column":79}},"32":{"start":{"line":193,"column":4},"end":{"line":197,"column":5}},"33":{"start":{"line":194,"column":6},"end":{"line":194,"column":102}},"34":{"start":{"line":196,"column":6},"end":{"line":196,"column":37}},"35":{"start":{"line":200,"column":2},"end":{"line":207,"column":5}},"36":{"start":{"line":201,"column":4},"end":{"line":201,"column":77}},"37":{"start":{"line":202,"column":4},"end":{"line":206,"column":5}},"38":{"start":{"line":203,"column":6},"end":{"line":203,"column":83}},"39":{"start":{"line":205,"column":6},"end":{"line":205,"column":37}},"40":{"start":{"line":209,"column":2},"end":{"line":216,"column":5}},"41":{"start":{"line":210,"column":4},"end":{"line":210,"column":80}},"42":{"start":{"line":211,"column":4},"end":{"line":215,"column":5}},"43":{"start":{"line":212,"column":6},"end":{"line":212,"column":86}},"44":{"start":{"line":214,"column":6},"end":{"line":214,"column":37}},"45":{"start":{"line":218,"column":2},"end":{"line":225,"column":5}},"46":{"start":{"line":219,"column":4},"end":{"line":219,"column":78}},"47":{"start":{"line":220,"column":4},"end":{"line":224,"column":5}},"48":{"start":{"line":221,"column":6},"end":{"line":221,"column":101}},"49":{"start":{"line":223,"column":6},"end":{"line":223,"column":37}},"50":{"start":{"line":227,"column":2},"end":{"line":234,"column":5}},"51":{"start":{"line":228,"column":4},"end":{"line":228,"column":79}},"52":{"start":{"line":229,"column":4},"end":{"line":233,"column":5}},"53":{"start":{"line":230,"column":6},"end":{"line":230,"column":85}},"54":{"start":{"line":232,"column":6},"end":{"line":232,"column":37}},"55":{"start":{"line":236,"column":2},"end":{"line":245,"column":5}},"56":{"start":{"line":237,"column":4},"end":{"line":237,"column":81}},"57":{"start":{"line":238,"column":4},"end":{"line":244,"column":5}},"58":{"start":{"line":239,"column":6},"end":{"line":241,"column":9}},"59":{"start":{"line":243,"column":6},"end":{"line":243,"column":37}},"60":{"start":{"line":248,"column":32},"end":{"line":338,"column":1}},"61":{"start":{"line":249,"column":2},"end":{"line":256,"column":5}},"62":{"start":{"line":250,"column":4},"end":{"line":250,"column":78}},"63":{"start":{"line":251,"column":4},"end":{"line":255,"column":5}},"64":{"start":{"line":252,"column":6},"end":{"line":252,"column":84}},"65":{"start":{"line":254,"column":6},"end":{"line":254,"column":37}},"66":{"start":{"line":258,"column":2},"end":{"line":265,"column":5}},"67":{"start":{"line":259,"column":4},"end":{"line":259,"column":79}},"68":{"start":{"line":260,"column":4},"end":{"line":264,"column":5}},"69":{"start":{"line":261,"column":6},"end":{"line":261,"column":102}},"70":{"start":{"line":263,"column":6},"end":{"line":263,"column":37}},"71":{"start":{"line":267,"column":2},"end":{"line":274,"column":5}},"72":{"start":{"line":268,"column":4},"end":{"line":268,"column":79}},"73":{"start":{"line":269,"column":4},"end":{"line":273,"column":5}},"74":{"start":{"line":270,"column":6},"end":{"line":270,"column":85}},"75":{"start":{"line":272,"column":6},"end":{"line":272,"column":37}},"76":{"start":{"line":276,"column":2},"end":{"line":283,"column":5}},"77":{"start":{"line":277,"column":4},"end":{"line":277,"column":76}},"78":{"start":{"line":278,"column":4},"end":{"line":282,"column":5}},"79":{"start":{"line":279,"column":6},"end":{"line":279,"column":82}},"80":{"start":{"line":281,"column":6},"end":{"line":281,"column":37}},"81":{"start":{"line":285,"column":2},"end":{"line":292,"column":5}},"82":{"start":{"line":286,"column":4},"end":{"line":286,"column":77}},"83":{"start":{"line":287,"column":4},"end":{"line":291,"column":5}},"84":{"start":{"line":288,"column":6},"end":{"line":288,"column":100}},"85":{"start":{"line":290,"column":6},"end":{"line":290,"column":37}},"86":{"start":{"line":294,"column":2},"end":{"line":301,"column":5}},"87":{"start":{"line":295,"column":4},"end":{"line":295,"column":77}},"88":{"start":{"line":296,"column":4},"end":{"line":300,"column":5}},"89":{"start":{"line":297,"column":6},"end":{"line":297,"column":83}},"90":{"start":{"line":299,"column":6},"end":{"line":299,"column":37}},"91":{"start":{"line":303,"column":2},"end":{"line":310,"column":5}},"92":{"start":{"line":304,"column":4},"end":{"line":304,"column":81}},"93":{"start":{"line":305,"column":4},"end":{"line":309,"column":5}},"94":{"start":{"line":306,"column":6},"end":{"line":306,"column":87}},"95":{"start":{"line":308,"column":6},"end":{"line":308,"column":37}},"96":{"start":{"line":312,"column":2},"end":{"line":319,"column":5}},"97":{"start":{"line":313,"column":4},"end":{"line":313,"column":82}},"98":{"start":{"line":314,"column":4},"end":{"line":318,"column":5}},"99":{"start":{"line":315,"column":6},"end":{"line":315,"column":105}},"100":{"start":{"line":317,"column":6},"end":{"line":317,"column":37}},"101":{"start":{"line":321,"column":2},"end":{"line":328,"column":5}},"102":{"start":{"line":322,"column":4},"end":{"line":322,"column":82}},"103":{"start":{"line":323,"column":4},"end":{"line":327,"column":5}},"104":{"start":{"line":324,"column":6},"end":{"line":324,"column":88}},"105":{"start":{"line":326,"column":6},"end":{"line":326,"column":37}},"106":{"start":{"line":330,"column":2},"end":{"line":337,"column":5}},"107":{"start":{"line":331,"column":4},"end":{"line":331,"column":83}},"108":{"start":{"line":332,"column":4},"end":{"line":336,"column":5}},"109":{"start":{"line":333,"column":6},"end":{"line":333,"column":88}},"110":{"start":{"line":335,"column":6},"end":{"line":335,"column":37}},"111":{"start":{"line":340,"column":0},"end":{"line":356,"column":2}},"112":{"start":{"line":341,"column":24},"end":{"line":341,"column":65}},"113":{"start":{"line":343,"column":2},"end":{"line":343,"column":52}},"114":{"start":{"line":344,"column":2},"end":{"line":344,"column":56}},"115":{"start":{"line":346,"column":2},"end":{"line":346,"column":42}},"116":{"start":{"line":347,"column":2},"end":{"line":347,"column":47}},"117":{"start":{"line":348,"column":2},"end":{"line":348,"column":44}},"118":{"start":{"line":349,"column":2},"end":{"line":349,"column":42}},"119":{"start":{"line":350,"column":2},"end":{"line":350,"column":47}},"120":{"start":{"line":351,"column":2},"end":{"line":351,"column":41}},"121":{"start":{"line":352,"column":2},"end":{"line":352,"column":38}},"122":{"start":{"line":353,"column":2},"end":{"line":353,"column":43}},"123":{"start":{"line":355,"column":2},"end":{"line":355,"column":16}}},"fnMap":{"0":{"name":"(anonymous_0)","decl":{"start":{"line":137,"column":28},"end":{"line":137,"column":29}},"loc":{"start":{"line":137,"column":44},"end":{"line":151,"column":1}},"line":137},"1":{"name":"(anonymous_1)","decl":{"start":{"line":143,"column":13},"end":{"line":143,"column":14}},"loc":{"start":{"line":143,"column":32},"end":{"line":149,"column":5}},"line":143},"2":{"name":"(anonymous_2)","decl":{"start":{"line":153,"column":27},"end":{"line":153,"column":28}},"loc":{"start":{"line":153,"column":69},"end":{"line":161,"column":1}},"line":153},"3":{"name":"(anonymous_3)","decl":{"start":{"line":163,"column":28},"end":{"line":163,"column":29}},"loc":{"start":{"line":163,"column":52},"end":{"line":246,"column":1}},"line":163},"4":{"name":"(anonymous_4)","decl":{"start":{"line":164,"column":32},"end":{"line":164,"column":33}},"loc":{"start":{"line":164,"column":52},"end":{"line":171,"column":3}},"line":164},"5":{"name":"(anonymous_5)","decl":{"start":{"line":173,"column":36},"end":{"line":173,"column":37}},"loc":{"start":{"line":173,"column":56},"end":{"line":180,"column":3}},"line":173},"6":{"name":"(anonymous_6)","decl":{"start":{"line":182,"column":41},"end":{"line":182,"column":42}},"loc":{"start":{"line":182,"column":61},"end":{"line":189,"column":3}},"line":182},"7":{"name":"(anonymous_7)","decl":{"start":{"line":191,"column":38},"end":{"line":191,"column":39}},"loc":{"start":{"line":191,"column":58},"end":{"line":198,"column":3}},"line":191},"8":{"name":"(anonymous_8)","decl":{"start":{"line":200,"column":32},"end":{"line":200,"column":33}},"loc":{"start":{"line":200,"column":52},"end":{"line":207,"column":3}},"line":200},"9":{"name":"(anonymous_9)","decl":{"start":{"line":209,"column":35},"end":{"line":209,"column":36}},"loc":{"start":{"line":209,"column":55},"end":{"line":216,"column":3}},"line":209},"10":{"name":"(anonymous_10)","decl":{"start":{"line":218,"column":39},"end":{"line":218,"column":40}},"loc":{"start":{"line":218,"column":59},"end":{"line":225,"column":3}},"line":218},"11":{"name":"(anonymous_11)","decl":{"start":{"line":227,"column":62},"end":{"line":227,"column":63}},"loc":{"start":{"line":227,"column":82},"end":{"line":234,"column":3}},"line":227},"12":{"name":"(anonymous_12)","decl":{"start":{"line":236,"column":36},"end":{"line":236,"column":37}},"loc":{"start":{"line":236,"column":56},"end":{"line":245,"column":3}},"line":236},"13":{"name":"(anonymous_13)","decl":{"start":{"line":248,"column":32},"end":{"line":248,"column":33}},"loc":{"start":{"line":248,"column":56},"end":{"line":338,"column":1}},"line":248},"14":{"name":"(anonymous_14)","decl":{"start":{"line":249,"column":34},"end":{"line":249,"column":35}},"loc":{"start":{"line":249,"column":54},"end":{"line":256,"column":3}},"line":249},"15":{"name":"(anonymous_15)","decl":{"start":{"line":258,"column":38},"end":{"line":258,"column":39}},"loc":{"start":{"line":258,"column":58},"end":{"line":265,"column":3}},"line":258},"16":{"name":"(anonymous_16)","decl":{"start":{"line":267,"column":34},"end":{"line":267,"column":35}},"loc":{"start":{"line":267,"column":54},"end":{"line":274,"column":3}},"line":267},"17":{"name":"(anonymous_17)","decl":{"start":{"line":276,"column":32},"end":{"line":276,"column":33}},"loc":{"start":{"line":276,"column":52},"end":{"line":283,"column":3}},"line":276},"18":{"name":"(anonymous_18)","decl":{"start":{"line":285,"column":36},"end":{"line":285,"column":37}},"loc":{"start":{"line":285,"column":56},"end":{"line":292,"column":3}},"line":285},"19":{"name":"(anonymous_19)","decl":{"start":{"line":294,"column":32},"end":{"line":294,"column":33}},"loc":{"start":{"line":294,"column":52},"end":{"line":301,"column":3}},"line":294},"20":{"name":"(anonymous_20)","decl":{"start":{"line":303,"column":37},"end":{"line":303,"column":38}},"loc":{"start":{"line":303,"column":57},"end":{"line":310,"column":3}},"line":303},"21":{"name":"(anonymous_21)","decl":{"start":{"line":312,"column":41},"end":{"line":312,"column":42}},"loc":{"start":{"line":312,"column":61},"end":{"line":319,"column":3}},"line":312},"22":{"name":"(anonymous_22)","decl":{"start":{"line":321,"column":37},"end":{"line":321,"column":38}},"loc":{"start":{"line":321,"column":57},"end":{"line":328,"column":3}},"line":321},"23":{"name":"(anonymous_23)","decl":{"start":{"line":330,"column":37},"end":{"line":330,"column":38}},"loc":{"start":{"line":330,"column":57},"end":{"line":337,"column":3}},"line":330},"24":{"name":"(anonymous_24)","decl":{"start":{"line":340,"column":17},"end":{"line":340,"column":18}},"loc":{"start":{"line":340,"column":43},"end":{"line":356,"column":1}},"line":340}},"branchMap":{"0":{"loc":{"start":{"line":147,"column":17},"end":{"line":147,"column":73}},"type":"binary-expr","locations":[{"start":{"line":147,"column":17},"end":{"line":147,"column":29}},{"start":{"line":147,"column":33},"end":{"line":147,"column":48}},{"start":{"line":147,"column":52},"end":{"line":147,"column":73}}],"line":147},"1":{"loc":{"start":{"line":153,"column":40},"end":{"line":153,"column":64}},"type":"default-arg","locations":[{"start":{"line":153,"column":54},"end":{"line":153,"column":64}}],"line":153},"2":{"loc":{"start":{"line":155,"column":2},"end":{"line":160,"column":3}},"type":"if","locations":[{"start":{"line":155,"column":2},"end":{"line":160,"column":3}},{"start":{},"end":{}}],"line":155},"3":{"loc":{"start":{"line":158,"column":15},"end":{"line":158,"column":75}},"type":"binary-expr","locations":[{"start":{"line":158,"column":15},"end":{"line":158,"column":29}},{"start":{"line":158,"column":33},"end":{"line":158,"column":50}},{"start":{"line":158,"column":54},"end":{"line":158,"column":75}}],"line":158}},"s":{"0":1,"1":1,"2":1,"3":1,"4":1,"5":1,"6":1,"7":26,"8":1,"9":1,"10":1,"11":0,"12":0,"13":0,"14":1,"15":26,"16":3,"17":3,"18":3,"19":0,"20":26,"21":2,"22":2,"23":2,"24":0,"25":26,"26":2,"27":2,"28":2,"29":0,"30":26,"31":2,"32":2,"33":2,"34":0,"35":26,"36":3,"37":3,"38":3,"39":0,"40":26,"41":2,"42":2,"43":2,"44":0,"45":26,"46":2,"47":2,"48":2,"49":0,"50":26,"51":2,"52":2,"53":2,"54":0,"55":26,"56":2,"57":2,"58":2,"59":0,"60":1,"61":26,"62":2,"63":2,"64":2,"65":0,"66":26,"67":2,"68":2,"69":2,"70":0,"71":26,"72":2,"73":2,"74":2,"75":0,"76":26,"77":2,"78":2,"79":2,"80":0,"81":26,"82":2,"83":2,"84":2,"85":0,"86":26,"87":2,"88":2,"89":2,"90":0,"91":26,"92":2,"93":2,"94":2,"95":0,"96":26,"97":2,"98":2,"99":2,"100":0,"101":26,"102":2,"103":2,"104":2,"105":0,"106":26,"107":2,"108":2,"109":2,"110":0,"111":1,"112":26,"113":26,"114":26,"115":26,"116":26,"117":26,"118":26,"119":26,"120":26,"121":26,"122":26,"123":26},"f":{"0":26,"1":1,"2":0,"3":26,"4":3,"5":2,"6":2,"7":2,"8":3,"9":2,"10":2,"11":2,"12":2,"13":26,"14":2,"15":2,"16":2,"17":2,"18":2,"19":2,"20":2,"21":2,"22":2,"23":2,"24":26},"b":{"0":[1,0,0],"1":[0],"2":[0,0],"3":[0,0,0]},"_coverageSchema":"1a1c01bbd47fc00a2c39e90264f33305004495a9","hash":"980f181d3f9313550d70f75e170d67dcad5a6e56"}
,"D:\\projectBackend\\microservice-payroll\\gateway\\routes\\payroll.js": {"path":"D:\\projectBackend\\microservice-payroll\\gateway\\routes\\payroll.js","statementMap":{"0":{"start":{"line":1,"column":16},"end":{"line":1,"column":34}},"1":{"start":{"line":2,"column":34},"end":{"line":2,"column":66}},"2":{"start":{"line":3,"column":27},"end":{"line":3,"column":61}},"3":{"start":{"line":5,"column":15},"end":{"line":5,"column":31}},"4":{"start":{"line":10,"column":27},"end":{"line":24,"column":1}},"5":{"start":{"line":11,"column":2},"end":{"line":23,"column":5}},"6":{"start":{"line":17,"column":6},"end":{"line":17,"column":49}},"7":{"start":{"line":18,"column":6},"end":{"line":21,"column":9}},"8":{"start":{"line":29,"column":27},"end":{"line":38,"column":1}},"9":{"start":{"line":30,"column":2},"end":{"line":30,"column":64}},"10":{"start":{"line":32,"column":2},"end":{"line":37,"column":3}},"11":{"start":{"line":33,"column":4},"end":{"line":36,"column":7}},"12":{"start":{"line":43,"column":26},"end":{"line":84,"column":1}},"13":{"start":{"line":44,"column":2},"end":{"line":51,"column":5}},"14":{"start":{"line":45,"column":4},"end":{"line":45,"column":78}},"15":{"start":{"line":46,"column":4},"end":{"line":50,"column":5}},"16":{"start":{"line":47,"column":6},"end":{"line":47,"column":69}},"17":{"start":{"line":49,"column":6},"end":{"line":49,"column":37}},"18":{"start":{"line":53,"column":2},"end":{"line":59,"column":5}},"19":{"start":{"line":54,"column":4},"end":{"line":58,"column":5}},"20":{"start":{"line":55,"column":6},"end":{"line":55,"column":70}},"21":{"start":{"line":57,"column":6},"end":{"line":57,"column":37}},"22":{"start":{"line":61,"column":2},"end":{"line":67,"column":5}},"23":{"start":{"line":62,"column":4},"end":{"line":66,"column":5}},"24":{"start":{"line":63,"column":6},"end":{"line":63,"column":89}},"25":{"start":{"line":65,"column":6},"end":{"line":65,"column":37}},"26":{"start":{"line":69,"column":2},"end":{"line":75,"column":5}},"27":{"start":{"line":70,"column":4},"end":{"line":74,"column":5}},"28":{"start":{"line":71,"column":6},"end":{"line":71,"column":87}},"29":{"start":{"line":73,"column":6},"end":{"line":73,"column":37}},"30":{"start":{"line":77,"column":2},"end":{"line":83,"column":5}},"31":{"start":{"line":78,"column":4},"end":{"line":82,"column":5}},"32":{"start":{"line":79,"column":6},"end":{"line":79,"column":89}},"33":{"start":{"line":81,"column":6},"end":{"line":81,"column":37}},"34":{"start":{"line":89,"column":30},"end":{"line":130,"column":1}},"35":{"start":{"line":90,"column":2},"end":{"line":97,"column":5}},"36":{"start":{"line":91,"column":4},"end":{"line":91,"column":82}},"37":{"start":{"line":92,"column":4},"end":{"line":96,"column":5}},"38":{"start":{"line":93,"column":6},"end":{"line":93,"column":72}},"39":{"start":{"line":95,"column":6},"end":{"line":95,"column":37}},"40":{"start":{"line":99,"column":2},"end":{"line":105,"column":5}},"41":{"start":{"line":100,"column":4},"end":{"line":104,"column":5}},"42":{"start":{"line":101,"column":6},"end":{"line":101,"column":73}},"43":{"start":{"line":103,"column":6},"end":{"line":103,"column":37}},"44":{"start":{"line":107,"column":2},"end":{"line":113,"column":5}},"45":{"start":{"line":108,"column":4},"end":{"line":112,"column":5}},"46":{"start":{"line":109,"column":6},"end":{"line":109,"column":92}},"47":{"start":{"line":111,"column":6},"end":{"line":111,"column":37}},"48":{"start":{"line":115,"column":2},"end":{"line":121,"column":5}},"49":{"start":{"line":116,"column":4},"end":{"line":120,"column":5}},"50":{"start":{"line":117,"column":6},"end":{"line":117,"column":90}},"51":{"start":{"line":119,"column":6},"end":{"line":119,"column":37}},"52":{"start":{"line":123,"column":2},"end":{"line":129,"column":5}},"53":{"start":{"line":124,"column":4},"end":{"line":128,"column":5}},"54":{"start":{"line":125,"column":6},"end":{"line":125,"column":92}},"55":{"start":{"line":127,"column":6},"end":{"line":127,"column":37}},"56":{"start":{"line":135,"column":39},"end":{"line":178,"column":1}},"57":{"start":{"line":136,"column":2},"end":{"line":143,"column":5}},"58":{"start":{"line":137,"column":4},"end":{"line":137,"column":87}},"59":{"start":{"line":138,"column":4},"end":{"line":142,"column":5}},"60":{"start":{"line":139,"column":6},"end":{"line":139,"column":88}},"61":{"start":{"line":141,"column":6},"end":{"line":141,"column":37}},"62":{"start":{"line":145,"column":2},"end":{"line":152,"column":5}},"63":{"start":{"line":146,"column":4},"end":{"line":146,"column":87}},"64":{"start":{"line":147,"column":4},"end":{"line":151,"column":5}},"65":{"start":{"line":148,"column":6},"end":{"line":148,"column":87}},"66":{"start":{"line":150,"column":6},"end":{"line":150,"column":37}},"67":{"start":{"line":154,"column":2},"end":{"line":161,"column":5}},"68":{"start":{"line":155,"column":4},"end":{"line":155,"column":83}},"69":{"start":{"line":156,"column":4},"end":{"line":160,"column":5}},"70":{"start":{"line":157,"column":6},"end":{"line":157,"column":83}},"71":{"start":{"line":159,"column":6},"end":{"line":159,"column":37}},"72":{"start":{"line":163,"column":2},"end":{"line":169,"column":5}},"73":{"start":{"line":164,"column":4},"end":{"line":168,"column":5}},"74":{"start":{"line":165,"column":6},"end":{"line":165,"column":102}},"75":{"start":{"line":167,"column":6},"end":{"line":167,"column":37}},"76":{"start":{"line":171,"column":2},"end":{"line":177,"column":5}},"77":{"start":{"line":172,"column":4},"end":{"line":176,"column":5}},"78":{"start":{"line":173,"column":6},"end":{"line":173,"column":102}},"79":{"start":{"line":175,"column":6},"end":{"line":175,"column":37}},"80":{"start":{"line":183,"column":27},"end":{"line":218,"column":1}},"81":{"start":{"line":184,"column":2},"end":{"line":191,"column":5}},"82":{"start":{"line":185,"column":4},"end":{"line":185,"column":79}},"83":{"start":{"line":186,"column":4},"end":{"line":190,"column":5}},"84":{"start":{"line":187,"column":6},"end":{"line":187,"column":69}},"85":{"start":{"line":189,"column":6},"end":{"line":189,"column":37}},"86":{"start":{"line":193,"column":2},"end":{"line":200,"column":5}},"87":{"start":{"line":194,"column":4},"end":{"line":194,"column":84}},"88":{"start":{"line":195,"column":4},"end":{"line":199,"column":5}},"89":{"start":{"line":196,"column":6},"end":{"line":196,"column":74}},"90":{"start":{"line":198,"column":6},"end":{"line":198,"column":37}},"91":{"start":{"line":202,"column":2},"end":{"line":209,"column":5}},"92":{"start":{"line":203,"column":4},"end":{"line":203,"column":81}},"93":{"start":{"line":204,"column":4},"end":{"line":208,"column":5}},"94":{"start":{"line":205,"column":6},"end":{"line":205,"column":70}},"95":{"start":{"line":207,"column":6},"end":{"line":207,"column":37}},"96":{"start":{"line":211,"column":2},"end":{"line":217,"column":5}},"97":{"start":{"line":212,"column":4},"end":{"line":216,"column":5}},"98":{"start":{"line":213,"column":6},"end":{"line":213,"column":89}},"99":{"start":{"line":215,"column":6},"end":{"line":215,"column":37}},"100":{"start":{"line":223,"column":0},"end":{"line":241,"column":2}},"101":{"start":{"line":225,"column":23},"end":{"line":225,"column":62}},"102":{"start":{"line":228,"column":2},"end":{"line":228,"column":49}},"103":{"start":{"line":229,"column":2},"end":{"line":229,"column":53}},"104":{"start":{"line":230,"column":2},"end":{"line":230,"column":62}},"105":{"start":{"line":231,"column":2},"end":{"line":231,"column":50}},"106":{"start":{"line":234,"column":2},"end":{"line":234,"column":40}},"107":{"start":{"line":235,"column":2},"end":{"line":235,"column":43}},"108":{"start":{"line":236,"column":2},"end":{"line":236,"column":53}},"109":{"start":{"line":237,"column":2},"end":{"line":237,"column":40}},"110":{"start":{"line":238,"column":2},"end":{"line":238,"column":39}},"111":{"start":{"line":240,"column":2},"end":{"line":240,"column":16}}},"fnMap":{"0":{"name":"(anonymous_0)","decl":{"start":{"line":10,"column":27},"end":{"line":10,"column":28}},"loc":{"start":{"line":10,"column":43},"end":{"line":24,"column":1}},"line":10},"1":{"name":"(anonymous_1)","decl":{"start":{"line":16,"column":13},"end":{"line":16,"column":14}},"loc":{"start":{"line":16,"column":32},"end":{"line":22,"column":5}},"line":16},"2":{"name":"(anonymous_2)","decl":{"start":{"line":29,"column":27},"end":{"line":29,"column":28}},"loc":{"start":{"line":29,"column":68},"end":{"line":38,"column":1}},"line":29},"3":{"name":"(anonymous_3)","decl":{"start":{"line":43,"column":26},"end":{"line":43,"column":27}},"loc":{"start":{"line":43,"column":50},"end":{"line":84,"column":1}},"line":43},"4":{"name":"(anonymous_4)","decl":{"start":{"line":44,"column":31},"end":{"line":44,"column":32}},"loc":{"start":{"line":44,"column":51},"end":{"line":51,"column":3}},"line":44},"5":{"name":"(anonymous_5)","decl":{"start":{"line":53,"column":31},"end":{"line":53,"column":32}},"loc":{"start":{"line":53,"column":51},"end":{"line":59,"column":3}},"line":53},"6":{"name":"(anonymous_6)","decl":{"start":{"line":61,"column":37},"end":{"line":61,"column":38}},"loc":{"start":{"line":61,"column":57},"end":{"line":67,"column":3}},"line":61},"7":{"name":"(anonymous_7)","decl":{"start":{"line":69,"column":35},"end":{"line":69,"column":36}},"loc":{"start":{"line":69,"column":55},"end":{"line":75,"column":3}},"line":69},"8":{"name":"(anonymous_8)","decl":{"start":{"line":77,"column":40},"end":{"line":77,"column":41}},"loc":{"start":{"line":77,"column":60},"end":{"line":83,"column":3}},"line":77},"9":{"name":"(anonymous_9)","decl":{"start":{"line":89,"column":30},"end":{"line":89,"column":31}},"loc":{"start":{"line":89,"column":54},"end":{"line":130,"column":1}},"line":89},"10":{"name":"(anonymous_10)","decl":{"start":{"line":90,"column":34},"end":{"line":90,"column":35}},"loc":{"start":{"line":90,"column":54},"end":{"line":97,"column":3}},"line":90},"11":{"name":"(anonymous_11)","decl":{"start":{"line":99,"column":34},"end":{"line":99,"column":35}},"loc":{"start":{"line":99,"column":54},"end":{"line":105,"column":3}},"line":99},"12":{"name":"(anonymous_12)","decl":{"start":{"line":107,"column":40},"end":{"line":107,"column":41}},"loc":{"start":{"line":107,"column":60},"end":{"line":113,"column":3}},"line":107},"13":{"name":"(anonymous_13)","decl":{"start":{"line":115,"column":38},"end":{"line":115,"column":39}},"loc":{"start":{"line":115,"column":58},"end":{"line":121,"column":3}},"line":115},"14":{"name":"(anonymous_14)","decl":{"start":{"line":123,"column":43},"end":{"line":123,"column":44}},"loc":{"start":{"line":123,"column":63},"end":{"line":129,"column":3}},"line":123},"15":{"name":"(anonymous_15)","decl":{"start":{"line":135,"column":39},"end":{"line":135,"column":40}},"loc":{"start":{"line":135,"column":63},"end":{"line":178,"column":1}},"line":135},"16":{"name":"(anonymous_16)","decl":{"start":{"line":136,"column":50},"end":{"line":136,"column":51}},"loc":{"start":{"line":136,"column":70},"end":{"line":143,"column":3}},"line":136},"17":{"name":"(anonymous_17)","decl":{"start":{"line":145,"column":49},"end":{"line":145,"column":50}},"loc":{"start":{"line":145,"column":69},"end":{"line":152,"column":3}},"line":145},"18":{"name":"(anonymous_18)","decl":{"start":{"line":154,"column":44},"end":{"line":154,"column":45}},"loc":{"start":{"line":154,"column":64},"end":{"line":161,"column":3}},"line":154},"19":{"name":"(anonymous_19)","decl":{"start":{"line":163,"column":50},"end":{"line":163,"column":51}},"loc":{"start":{"line":163,"column":70},"end":{"line":169,"column":3}},"line":163},"20":{"name":"(anonymous_20)","decl":{"start":{"line":171,"column":53},"end":{"line":171,"column":54}},"loc":{"start":{"line":171,"column":73},"end":{"line":177,"column":3}},"line":171},"21":{"name":"(anonymous_21)","decl":{"start":{"line":183,"column":27},"end":{"line":183,"column":28}},"loc":{"start":{"line":183,"column":51},"end":{"line":218,"column":1}},"line":183},"22":{"name":"(anonymous_22)","decl":{"start":{"line":184,"column":31},"end":{"line":184,"column":32}},"loc":{"start":{"line":184,"column":51},"end":{"line":191,"column":3}},"line":184},"23":{"name":"(anonymous_23)","decl":{"start":{"line":193,"column":36},"end":{"line":193,"column":37}},"loc":{"start":{"line":193,"column":56},"end":{"line":200,"column":3}},"line":193},"24":{"name":"(anonymous_24)","decl":{"start":{"line":202,"column":31},"end":{"line":202,"column":32}},"loc":{"start":{"line":202,"column":51},"end":{"line":209,"column":3}},"line":202},"25":{"name":"(anonymous_25)","decl":{"start":{"line":211,"column":37},"end":{"line":211,"column":38}},"loc":{"start":{"line":211,"column":57},"end":{"line":217,"column":3}},"line":211},"26":{"name":"(anonymous_26)","decl":{"start":{"line":223,"column":17},"end":{"line":223,"column":18}},"loc":{"start":{"line":223,"column":42},"end":{"line":241,"column":1}},"line":223}},"branchMap":{"0":{"loc":{"start":{"line":29,"column":40},"end":{"line":29,"column":63}},"type":"default-arg","locations":[{"start":{"line":29,"column":54},"end":{"line":29,"column":63}}],"line":29},"1":{"loc":{"start":{"line":32,"column":2},"end":{"line":37,"column":3}},"type":"if","locations":[{"start":{"line":32,"column":2},"end":{"line":37,"column":3}},{"start":{},"end":{}}],"line":32}},"s":{"0":1,"1":1,"2":1,"3":1,"4":1,"5":21,"6":1,"7":1,"8":1,"9":0,"10":0,"11":0,"12":1,"13":21,"14":1,"15":1,"16":1,"17":0,"18":21,"19":2,"20":2,"21":0,"22":21,"23":1,"24":1,"25":0,"26":21,"27":1,"28":1,"29":0,"30":21,"31":1,"32":1,"33":0,"34":1,"35":21,"36":1,"37":1,"38":1,"39":0,"40":21,"41":1,"42":1,"43":0,"44":21,"45":0,"46":0,"47":0,"48":21,"49":0,"50":0,"51":0,"52":21,"53":0,"54":0,"55":0,"56":1,"57":21,"58":1,"59":1,"60":1,"61":0,"62":21,"63":1,"64":1,"65":1,"66":0,"67":21,"68":1,"69":1,"70":1,"71":0,"72":21,"73":1,"74":1,"75":0,"76":21,"77":1,"78":1,"79":0,"80":1,"81":21,"82":1,"83":1,"84":1,"85":0,"86":21,"87":1,"88":1,"89":1,"90":0,"91":21,"92":1,"93":1,"94":1,"95":0,"96":21,"97":1,"98":1,"99":0,"100":1,"101":21,"102":21,"103":21,"104":21,"105":21,"106":21,"107":21,"108":21,"109":21,"110":21,"111":21},"f":{"0":21,"1":1,"2":0,"3":21,"4":1,"5":2,"6":1,"7":1,"8":1,"9":21,"10":1,"11":1,"12":0,"13":0,"14":0,"15":21,"16":1,"17":1,"18":1,"19":1,"20":1,"21":21,"22":1,"23":1,"24":1,"25":1,"26":21},"b":{"0":[0],"1":[0,0]},"_coverageSchema":"1a1c01bbd47fc00a2c39e90264f33305004495a9","hash":"e455ab32a8c050d11cb70a637a77190791474d31"}
,"D:\\projectBackend\\microservice-payroll\\gateway\\services\\healthChecker.js": {"path":"D:\\projectBackend\\microservice-payroll\\gateway\\services\\healthChecker.js","statementMap":{"0":{"start":{"line":1,"column":50},"end":{"line":1,"column":84}},"1":{"start":{"line":5,"column":4},"end":{"line":5,"column":35}},"2":{"start":{"line":6,"column":4},"end":{"line":6,"column":68}},"3":{"start":{"line":7,"column":4},"end":{"line":7,"column":30}},"4":{"start":{"line":11,"column":27},"end":{"line":11,"column":46}},"5":{"start":{"line":12,"column":4},"end":{"line":36,"column":5}},"6":{"start":{"line":13,"column":6},"end":{"line":35,"column":7}},"7":{"start":{"line":15,"column":31},"end":{"line":15,"column":71}},"8":{"start":{"line":16,"column":8},"end":{"line":20,"column":11}},"9":{"start":{"line":22,"column":32},"end":{"line":22,"column":73}},"10":{"start":{"line":23,"column":8},"end":{"line":27,"column":11}},"11":{"start":{"line":29,"column":8},"end":{"line":29,"column":54}},"12":{"start":{"line":30,"column":8},"end":{"line":30,"column":102}},"13":{"start":{"line":31,"column":8},"end":{"line":31,"column":105}},"14":{"start":{"line":34,"column":8},"end":{"line":34,"column":80}},"15":{"start":{"line":40,"column":4},"end":{"line":40,"column":34}},"16":{"start":{"line":40,"column":27},"end":{"line":40,"column":34}},"17":{"start":{"line":42,"column":4},"end":{"line":42,"column":52}},"18":{"start":{"line":43,"column":4},"end":{"line":43,"column":29}},"19":{"start":{"line":46,"column":4},"end":{"line":46,"column":28}},"20":{"start":{"line":49,"column":4},"end":{"line":51,"column":27}},"21":{"start":{"line":50,"column":6},"end":{"line":50,"column":30}},"22":{"start":{"line":55,"column":4},"end":{"line":59,"column":5}},"23":{"start":{"line":56,"column":6},"end":{"line":56,"column":37}},"24":{"start":{"line":57,"column":6},"end":{"line":57,"column":34}},"25":{"start":{"line":58,"column":6},"end":{"line":58,"column":50}},"26":{"start":{"line":60,"column":4},"end":{"line":60,"column":30}},"27":{"start":{"line":64,"column":19},"end":{"line":64,"column":21}},"28":{"start":{"line":66,"column":4},"end":{"line":68,"column":5}},"29":{"start":{"line":67,"column":6},"end":{"line":67,"column":26}},"30":{"start":{"line":70,"column":4},"end":{"line":70,"column":18}},"31":{"start":{"line":74,"column":0},"end":{"line":74,"column":37}}},"fnMap":{"0":{"name":"(anonymous_0)","decl":{"start":{"line":4,"column":2},"end":{"line":4,"column":3}},"loc":{"start":{"line":4,"column":16},"end":{"line":8,"column":3}},"line":4},"1":{"name":"(anonymous_1)","decl":{"start":{"line":10,"column":4},"end":{"line":10,"column":5}},"loc":{"start":{"line":10,"column":29},"end":{"line":37,"column":3}},"line":10},"2":{"name":"(anonymous_2)","decl":{"start":{"line":39,"column":2},"end":{"line":39,"column":3}},"loc":{"start":{"line":39,"column":20},"end":{"line":52,"column":3}},"line":39},"3":{"name":"(anonymous_3)","decl":{"start":{"line":49,"column":34},"end":{"line":49,"column":35}},"loc":{"start":{"line":49,"column":40},"end":{"line":51,"column":5}},"line":49},"4":{"name":"(anonymous_4)","decl":{"start":{"line":54,"column":4},"end":{"line":54,"column":5}},"loc":{"start":{"line":54,"column":21},"end":{"line":61,"column":3}},"line":54},"5":{"name":"(anonymous_5)","decl":{"start":{"line":63,"column":2},"end":{"line":63,"column":3}},"loc":{"start":{"line":63,"column":21},"end":{"line":71,"column":3}},"line":63}},"branchMap":{"0":{"loc":{"start":{"line":6,"column":25},"end":{"line":6,"column":67}},"type":"binary-expr","locations":[{"start":{"line":6,"column":25},"end":{"line":6,"column":58}},{"start":{"line":6,"column":62},"end":{"line":6,"column":67}}],"line":6},"1":{"loc":{"start":{"line":30,"column":54},"end":{"line":30,"column":98}},"type":"cond-expr","locations":[{"start":{"line":30,"column":71},"end":{"line":30,"column":82}},{"start":{"line":30,"column":85},"end":{"line":30,"column":98}}],"line":30},"2":{"loc":{"start":{"line":31,"column":56},"end":{"line":31,"column":101}},"type":"cond-expr","locations":[{"start":{"line":31,"column":74},"end":{"line":31,"column":85}},{"start":{"line":31,"column":88},"end":{"line":31,"column":101}}],"line":31},"3":{"loc":{"start":{"line":40,"column":4},"end":{"line":40,"column":34}},"type":"if","locations":[{"start":{"line":40,"column":4},"end":{"line":40,"column":34}},{"start":{},"end":{}}],"line":40},"4":{"loc":{"start":{"line":55,"column":4},"end":{"line":59,"column":5}},"type":"if","locations":[{"start":{"line":55,"column":4},"end":{"line":59,"column":5}},{"start":{},"end":{}}],"line":55}},"s":{"0":2,"1":2,"2":2,"3":2,"4":17,"5":17,"6":32,"7":32,"8":31,"9":31,"10":31,"11":31,"12":31,"13":31,"14":1,"15":8,"16":2,"17":6,"18":6,"19":6,"20":6,"21":3,"22":46,"23":6,"24":6,"25":6,"26":46,"27":5,"28":5,"29":16,"30":5,"31":2},"f":{"0":2,"1":17,"2":8,"3":3,"4":46,"5":5},"b":{"0":[2,1],"1":[30,1],"2":[27,4],"3":[2,6],"4":[6,40]},"_coverageSchema":"1a1c01bbd47fc00a2c39e90264f33305004495a9","hash":"72c1fd6f3045a13da295a7e3d556901d797f579b"}
,"D:\\projectBackend\\microservice-payroll\\gateway\\utils\\requestHandler.js": {"path":"D:\\projectBackend\\microservice-payroll\\gateway\\utils\\requestHandler.js","statementMap":{"0":{"start":{"line":2,"column":14},"end":{"line":2,"column":30}},"1":{"start":{"line":7,"column":26},"end":{"line":30,"column":1}},"2":{"start":{"line":8,"column":2},"end":{"line":29,"column":4}},"3":{"start":{"line":35,"column":31},"end":{"line":45,"column":1}},"4":{"start":{"line":36,"column":23},"end":{"line":36,"column":38}},"5":{"start":{"line":39,"column":2},"end":{"line":42,"column":3}},"6":{"start":{"line":40,"column":24},"end":{"line":40,"column":39}},"7":{"start":{"line":41,"column":4},"end":{"line":41,"column":23}},"8":{"start":{"line":44,"column":2},"end":{"line":44,"column":14}},"9":{"start":{"line":50,"column":27},"end":{"line":62,"column":1}},"10":{"start":{"line":51,"column":2},"end":{"line":61,"column":3}},"11":{"start":{"line":52,"column":21},"end":{"line":55,"column":6}},"12":{"start":{"line":54,"column":34},"end":{"line":54,"column":48}},"13":{"start":{"line":57,"column":4},"end":{"line":57,"column":63}},"14":{"start":{"line":59,"column":4},"end":{"line":59,"column":82}},"15":{"start":{"line":60,"column":4},"end":{"line":60,"column":17}},"16":{"start":{"line":67,"column":35},"end":{"line":118,"column":1}},"17":{"start":{"line":68,"column":22},"end":{"line":68,"column":50}},"18":{"start":{"line":69,"column":25},"end":{"line":69,"column":44}},"19":{"start":{"line":71,"column":2},"end":{"line":71,"column":84}},"20":{"start":{"line":74,"column":22},"end":{"line":74,"column":49}},"21":{"start":{"line":76,"column":2},"end":{"line":79,"column":3}},"22":{"start":{"line":77,"column":4},"end":{"line":77,"column":94}},"23":{"start":{"line":78,"column":4},"end":{"line":78,"column":70}},"24":{"start":{"line":81,"column":32},"end":{"line":81,"column":59}},"25":{"start":{"line":83,"column":2},"end":{"line":117,"column":3}},"26":{"start":{"line":85,"column":4},"end":{"line":85,"column":76}},"27":{"start":{"line":86,"column":4},"end":{"line":86,"column":59}},"28":{"start":{"line":87,"column":4},"end":{"line":87,"column":66}},"29":{"start":{"line":89,"column":4},"end":{"line":89,"column":87}},"30":{"start":{"line":91,"column":4},"end":{"line":116,"column":5}},"31":{"start":{"line":93,"column":6},"end":{"line":93,"column":89}},"32":{"start":{"line":94,"column":6},"end":{"line":94,"column":62}},"33":{"start":{"line":97,"column":6},"end":{"line":97,"column":86}},"34":{"start":{"line":99,"column":6},"end":{"line":99,"column":87}},"35":{"start":{"line":100,"column":6},"end":{"line":100,"column":60}},"36":{"start":{"line":101,"column":6},"end":{"line":101,"column":62}},"37":{"start":{"line":104,"column":6},"end":{"line":115,"column":7}},"38":{"start":{"line":105,"column":8},"end":{"line":114,"column":11}},"39":{"start":{"line":123,"column":23},"end":{"line":188,"column":1}},"40":{"start":{"line":124,"column":2},"end":{"line":187,"column":3}},"41":{"start":{"line":125,"column":19},"end":{"line":135,"column":5}},"42":{"start":{"line":138,"column":4},"end":{"line":140,"column":5}},"43":{"start":{"line":139,"column":6},"end":{"line":139,"column":29}},"44":{"start":{"line":143,"column":4},"end":{"line":155,"column":5}},"45":{"start":{"line":144,"column":23},"end":{"line":144,"column":43}},"46":{"start":{"line":145,"column":23},"end":{"line":145,"column":37}},"47":{"start":{"line":146,"column":6},"end":{"line":149,"column":9}},"48":{"start":{"line":150,"column":6},"end":{"line":150,"column":29}},"49":{"start":{"line":151,"column":6},"end":{"line":154,"column":8}},"50":{"start":{"line":157,"column":4},"end":{"line":157,"column":69}},"51":{"start":{"line":158,"column":21},"end":{"line":158,"column":40}},"52":{"start":{"line":159,"column":4},"end":{"line":159,"column":60}},"53":{"start":{"line":162,"column":4},"end":{"line":169,"column":5}},"54":{"start":{"line":163,"column":6},"end":{"line":163,"column":30}},"55":{"start":{"line":166,"column":6},"end":{"line":168,"column":7}},"56":{"start":{"line":167,"column":8},"end":{"line":167,"column":56}},"57":{"start":{"line":171,"column":4},"end":{"line":171,"column":87}},"58":{"start":{"line":173,"column":4},"end":{"line":186,"column":5}},"59":{"start":{"line":175,"column":6},"end":{"line":177,"column":7}},"60":{"start":{"line":176,"column":8},"end":{"line":176,"column":68}},"61":{"start":{"line":179,"column":6},"end":{"line":179,"column":13}},"62":{"start":{"line":180,"column":11},"end":{"line":186,"column":5}},"63":{"start":{"line":182,"column":6},"end":{"line":182,"column":65}},"64":{"start":{"line":185,"column":6},"end":{"line":185,"column":71}},"65":{"start":{"line":190,"column":0},"end":{"line":195,"column":2}}},"fnMap":{"0":{"name":"(anonymous_0)","decl":{"start":{"line":7,"column":26},"end":{"line":7,"column":27}},"loc":{"start":{"line":7,"column":32},"end":{"line":30,"column":1}},"line":7},"1":{"name":"(anonymous_1)","decl":{"start":{"line":35,"column":31},"end":{"line":35,"column":32}},"loc":{"start":{"line":35,"column":41},"end":{"line":45,"column":1}},"line":35},"2":{"name":"(anonymous_2)","decl":{"start":{"line":50,"column":27},"end":{"line":50,"column":28}},"loc":{"start":{"line":50,"column":49},"end":{"line":62,"column":1}},"line":50},"3":{"name":"(anonymous_3)","decl":{"start":{"line":54,"column":22},"end":{"line":54,"column":23}},"loc":{"start":{"line":54,"column":34},"end":{"line":54,"column":48}},"line":54},"4":{"name":"(anonymous_4)","decl":{"start":{"line":67,"column":35},"end":{"line":67,"column":36}},"loc":{"start":{"line":67,"column":94},"end":{"line":118,"column":1}},"line":67},"5":{"name":"(anonymous_5)","decl":{"start":{"line":123,"column":23},"end":{"line":123,"column":24}},"loc":{"start":{"line":123,"column":75},"end":{"line":188,"column":1}},"line":123}},"branchMap":{"0":{"loc":{"start":{"line":10,"column":15},"end":{"line":10,"column":74}},"type":"binary-expr","locations":[{"start":{"line":10,"column":15},"end":{"line":10,"column":47}},{"start":{"line":10,"column":51},"end":{"line":10,"column":74}}],"line":10},"1":{"loc":{"start":{"line":11,"column":16},"end":{"line":11,"column":74}},"type":"binary-expr","locations":[{"start":{"line":11,"column":16},"end":{"line":11,"column":47}},{"start":{"line":11,"column":51},"end":{"line":11,"column":74}}],"line":11},"2":{"loc":{"start":{"line":14,"column":15},"end":{"line":14,"column":74}},"type":"binary-expr","locations":[{"start":{"line":14,"column":15},"end":{"line":14,"column":47}},{"start":{"line":14,"column":51},"end":{"line":14,"column":74}}],"line":14},"3":{"loc":{"start":{"line":15,"column":16},"end":{"line":15,"column":74}},"type":"binary-expr","locations":[{"start":{"line":15,"column":16},"end":{"line":15,"column":47}},{"start":{"line":15,"column":51},"end":{"line":15,"column":74}}],"line":15},"4":{"loc":{"start":{"line":18,"column":15},"end":{"line":18,"column":74}},"type":"binary-expr","locations":[{"start":{"line":18,"column":15},"end":{"line":18,"column":47}},{"start":{"line":18,"column":51},"end":{"line":18,"column":74}}],"line":18},"5":{"loc":{"start":{"line":19,"column":16},"end":{"line":19,"column":74}},"type":"binary-expr","locations":[{"start":{"line":19,"column":16},"end":{"line":19,"column":47}},{"start":{"line":19,"column":51},"end":{"line":19,"column":74}}],"line":19},"6":{"loc":{"start":{"line":22,"column":15},"end":{"line":22,"column":74}},"type":"binary-expr","locations":[{"start":{"line":22,"column":15},"end":{"line":22,"column":47}},{"start":{"line":22,"column":51},"end":{"line":22,"column":74}}],"line":22},"7":{"loc":{"start":{"line":23,"column":16},"end":{"line":23,"column":74}},"type":"binary-expr","locations":[{"start":{"line":23,"column":16},"end":{"line":23,"column":47}},{"start":{"line":23,"column":51},"end":{"line":23,"column":74}}],"line":23},"8":{"loc":{"start":{"line":26,"column":15},"end":{"line":26,"column":74}},"type":"binary-expr","locations":[{"start":{"line":26,"column":15},"end":{"line":26,"column":47}},{"start":{"line":26,"column":51},"end":{"line":26,"column":74}}],"line":26},"9":{"loc":{"start":{"line":27,"column":16},"end":{"line":27,"column":74}},"type":"binary-expr","locations":[{"start":{"line":27,"column":16},"end":{"line":27,"column":47}},{"start":{"line":27,"column":51},"end":{"line":27,"column":74}}],"line":27},"10":{"loc":{"start":{"line":39,"column":2},"end":{"line":42,"column":3}},"type":"if","locations":[{"start":{"line":39,"column":2},"end":{"line":42,"column":3}},{"start":{},"end":{}}],"line":39},"11":{"loc":{"start":{"line":57,"column":11},"end":{"line":57,"column":62}},"type":"binary-expr","locations":[{"start":{"line":57,"column":11},"end":{"line":57,"column":24}},{"start":{"line":57,"column":28},"end":{"line":57,"column":62}}],"line":57},"12":{"loc":{"start":{"line":67,"column":77},"end":{"line":67,"column":89}},"type":"default-arg","locations":[{"start":{"line":67,"column":87},"end":{"line":67,"column":89}}],"line":67},"13":{"loc":{"start":{"line":76,"column":2},"end":{"line":79,"column":3}},"type":"if","locations":[{"start":{"line":76,"column":2},"end":{"line":79,"column":3}},{"start":{},"end":{}}],"line":76},"14":{"loc":{"start":{"line":104,"column":6},"end":{"line":115,"column":7}},"type":"if","locations":[{"start":{"line":104,"column":6},"end":{"line":115,"column":7}},{"start":{},"end":{}}],"line":104},"15":{"loc":{"start":{"line":123,"column":58},"end":{"line":123,"column":70}},"type":"default-arg","locations":[{"start":{"line":123,"column":68},"end":{"line":123,"column":70}}],"line":123},"16":{"loc":{"start":{"line":138,"column":4},"end":{"line":140,"column":5}},"type":"if","locations":[{"start":{"line":138,"column":4},"end":{"line":140,"column":5}},{"start":{},"end":{}}],"line":138},"17":{"loc":{"start":{"line":138,"column":8},"end":{"line":138,"column":40}},"type":"binary-expr","locations":[{"start":{"line":138,"column":8},"end":{"line":138,"column":28}},{"start":{"line":138,"column":32},"end":{"line":138,"column":40}}],"line":138},"18":{"loc":{"start":{"line":143,"column":4},"end":{"line":155,"column":5}},"type":"if","locations":[{"start":{"line":143,"column":4},"end":{"line":155,"column":5}},{"start":{},"end":{}}],"line":143},"19":{"loc":{"start":{"line":162,"column":4},"end":{"line":169,"column":5}},"type":"if","locations":[{"start":{"line":162,"column":4},"end":{"line":169,"column":5}},{"start":{"line":164,"column":11},"end":{"line":169,"column":5}}],"line":162},"20":{"loc":{"start":{"line":166,"column":6},"end":{"line":168,"column":7}},"type":"if","locations":[{"start":{"line":166,"column":6},"end":{"line":168,"column":7}},{"start":{},"end":{}}],"line":166},"21":{"loc":{"start":{"line":173,"column":4},"end":{"line":186,"column":5}},"type":"if","locations":[{"start":{"line":173,"column":4},"end":{"line":186,"column":5}},{"start":{"line":180,"column":11},"end":{"line":186,"column":5}}],"line":173},"22":{"loc":{"start":{"line":175,"column":6},"end":{"line":177,"column":7}},"type":"if","locations":[{"start":{"line":175,"column":6},"end":{"line":177,"column":7}},{"start":{},"end":{}}],"line":175},"23":{"loc":{"start":{"line":180,"column":11},"end":{"line":186,"column":5}},"type":"if","locations":[{"start":{"line":180,"column":11},"end":{"line":186,"column":5}},{"start":{"line":183,"column":11},"end":{"line":186,"column":5}}],"line":180}},"s":{"0":1,"1":1,"2":11,"3":1,"4":9,"5":9,"6":8,"7":8,"8":1,"9":1,"10":5,"11":5,"12":4,"13":3,"14":2,"15":2,"16":1,"17":9,"18":9,"19":9,"20":9,"21":9,"22":3,"23":3,"24":6,"25":6,"26":6,"27":6,"28":2,"29":4,"30":4,"31":4,"32":4,"33":2,"34":2,"35":2,"36":2,"37":2,"38":2,"39":1,"40":25,"41":25,"42":25,"43":2,"44":25,"45":1,"46":1,"47":1,"48":1,"49":1,"50":25,"51":25,"52":13,"53":13,"54":1,"55":12,"56":11,"57":12,"58":12,"59":4,"60":3,"61":4,"62":8,"63":0,"64":8,"65":1},"f":{"0":11,"1":9,"2":5,"3":4,"4":9,"5":25},"b":{"0":[11,10],"1":[11,10],"2":[11,10],"3":[11,10],"4":[11,10],"5":[11,10],"6":[11,10],"7":[11,10],"8":[11,10],"9":[11,10],"10":[8,1],"11":[3,3],"12":[9],"13":[3,6],"14":[2,0],"15":[11],"16":[2,23],"17":[25,3],"18":[1,24],"19":[1,12],"20":[11,1],"21":[4,8],"22":[3,1],"23":[0,8]},"_coverageSchema":"1a1c01bbd47fc00a2c39e90264f33305004495a9","hash":"bc2019e5dcdf8ab583665b7eb79467cec2738a55"}
}
