{"D:\\projectBackend\\microservice-payroll\\gateway\\index.js": {"path":"D:\\projectBackend\\microservice-payroll\\gateway\\index.js","statementMap":{"0":{"start":{"line":54,"column":16},"end":{"line":54,"column":34}},"1":{"start":{"line":55,"column":13},"end":{"line":55,"column":28}},"2":{"start":{"line":56,"column":15},"end":{"line":56,"column":32}},"3":{"start":{"line":57,"column":22},"end":{"line":57,"column":57}},"4":{"start":{"line":60,"column":0},"end":{"line":60,"column":16}},"5":{"start":{"line":63,"column":19},"end":{"line":63,"column":43}},"6":{"start":{"line":64,"column":23},"end":{"line":64,"column":51}},"7":{"start":{"line":65,"column":22},"end":{"line":65,"column":49}},"8":{"start":{"line":70,"column":24},"end":{"line":74,"column":1}},"9":{"start":{"line":71,"column":2},"end":{"line":71,"column":18}},"10":{"start":{"line":72,"column":2},"end":{"line":72,"column":26}},"11":{"start":{"line":73,"column":2},"end":{"line":73,"column":50}},"12":{"start":{"line":79,"column":23},"end":{"line":93,"column":1}},"13":{"start":{"line":80,"column":27},"end":{"line":80,"column":82}},"14":{"start":{"line":81,"column":31},"end":{"line":81,"column":90}},"15":{"start":{"line":82,"column":30},"end":{"line":82,"column":88}},"16":{"start":{"line":84,"column":2},"end":{"line":84,"column":59}},"17":{"start":{"line":85,"column":2},"end":{"line":85,"column":67}},"18":{"start":{"line":86,"column":2},"end":{"line":86,"column":65}},"19":{"start":{"line":88,"column":2},"end":{"line":92,"column":4}},"20":{"start":{"line":98,"column":20},"end":{"line":123,"column":1}},"21":{"start":{"line":100,"column":2},"end":{"line":100,"column":64}},"22":{"start":{"line":101,"column":2},"end":{"line":101,"column":67}},"23":{"start":{"line":102,"column":2},"end":{"line":102,"column":65}},"24":{"start":{"line":105,"column":2},"end":{"line":107,"column":5}},"25":{"start":{"line":106,"column":4},"end":{"line":106,"column":59}},"26":{"start":{"line":110,"column":2},"end":{"line":117,"column":5}},"27":{"start":{"line":111,"column":26},"end":{"line":111,"column":58}},"28":{"start":{"line":112,"column":4},"end":{"line":116,"column":7}},"29":{"start":{"line":120,"column":2},"end":{"line":122,"column":5}},"30":{"start":{"line":121,"column":4},"end":{"line":121,"column":73}},"31":{"start":{"line":130,"column":27},"end":{"line":177,"column":1}},"32":{"start":{"line":132,"column":2},"end":{"line":137,"column":5}},"33":{"start":{"line":133,"column":4},"end":{"line":136,"column":7}},"34":{"start":{"line":140,"column":2},"end":{"line":176,"column":5}},"35":{"start":{"line":141,"column":4},"end":{"line":141,"column":43}},"36":{"start":{"line":143,"column":23},"end":{"line":143,"column":53}},"37":{"start":{"line":146,"column":4},"end":{"line":170,"column":5}},"38":{"start":{"line":148,"column":6},"end":{"line":165,"column":7}},"39":{"start":{"line":150,"column":8},"end":{"line":160,"column":9}},"40":{"start":{"line":151,"column":10},"end":{"line":151,"column":37}},"41":{"start":{"line":154,"column":13},"end":{"line":160,"column":9}},"42":{"start":{"line":155,"column":10},"end":{"line":155,"column":28}},"43":{"start":{"line":159,"column":10},"end":{"line":159,"column":56}},"44":{"start":{"line":164,"column":8},"end":{"line":164,"column":54}},"45":{"start":{"line":169,"column":6},"end":{"line":169,"column":52}},"46":{"start":{"line":172,"column":4},"end":{"line":175,"column":7}},"47":{"start":{"line":179,"column":18},"end":{"line":201,"column":1}},"48":{"start":{"line":180,"column":14},"end":{"line":180,"column":23}},"49":{"start":{"line":183,"column":2},"end":{"line":183,"column":23}},"50":{"start":{"line":184,"column":22},"end":{"line":184,"column":38}},"51":{"start":{"line":185,"column":2},"end":{"line":185,"column":32}},"52":{"start":{"line":188,"column":2},"end":{"line":190,"column":3}},"53":{"start":{"line":189,"column":4},"end":{"line":189,"column":36}},"54":{"start":{"line":192,"column":35},"end":{"line":192,"column":60}},"55":{"start":{"line":194,"column":2},"end":{"line":198,"column":3}},"56":{"start":{"line":195,"column":4},"end":{"line":195,"column":49}},"57":{"start":{"line":197,"column":4},"end":{"line":197,"column":28}},"58":{"start":{"line":200,"column":2},"end":{"line":200,"column":13}},"59":{"start":{"line":203,"column":0},"end":{"line":207,"column":3}},"60":{"start":{"line":204,"column":2},"end":{"line":204,"column":63}},"61":{"start":{"line":205,"column":2},"end":{"line":205,"column":33}},"62":{"start":{"line":206,"column":2},"end":{"line":206,"column":18}},"63":{"start":{"line":209,"column":0},"end":{"line":213,"column":3}},"64":{"start":{"line":210,"column":2},"end":{"line":210,"column":62}},"65":{"start":{"line":211,"column":2},"end":{"line":211,"column":33}},"66":{"start":{"line":212,"column":2},"end":{"line":212,"column":18}},"67":{"start":{"line":218,"column":20},"end":{"line":222,"column":1}},"68":{"start":{"line":219,"column":2},"end":{"line":221,"column":5}},"69":{"start":{"line":220,"column":4},"end":{"line":220,"column":58}},"70":{"start":{"line":225,"column":0},"end":{"line":228,"column":1}},"71":{"start":{"line":226,"column":14},"end":{"line":226,"column":25}},"72":{"start":{"line":227,"column":2},"end":{"line":227,"column":19}},"73":{"start":{"line":230,"column":0},"end":{"line":230,"column":64}}},"fnMap":{"0":{"name":"(anonymous_0)","decl":{"start":{"line":70,"column":24},"end":{"line":70,"column":25}},"loc":{"start":{"line":70,"column":33},"end":{"line":74,"column":1}},"line":70},"1":{"name":"(anonymous_1)","decl":{"start":{"line":79,"column":23},"end":{"line":79,"column":24}},"loc":{"start":{"line":79,"column":29},"end":{"line":93,"column":1}},"line":79},"2":{"name":"(anonymous_2)","decl":{"start":{"line":98,"column":20},"end":{"line":98,"column":21}},"loc":{"start":{"line":98,"column":42},"end":{"line":123,"column":1}},"line":98},"3":{"name":"(anonymous_3)","decl":{"start":{"line":105,"column":21},"end":{"line":105,"column":22}},"loc":{"start":{"line":105,"column":35},"end":{"line":107,"column":3}},"line":105},"4":{"name":"(anonymous_4)","decl":{"start":{"line":110,"column":30},"end":{"line":110,"column":31}},"loc":{"start":{"line":110,"column":44},"end":{"line":117,"column":3}},"line":110},"5":{"name":"(anonymous_5)","decl":{"start":{"line":120,"column":15},"end":{"line":120,"column":16}},"loc":{"start":{"line":120,"column":29},"end":{"line":122,"column":3}},"line":120},"6":{"name":"(anonymous_6)","decl":{"start":{"line":130,"column":27},"end":{"line":130,"column":28}},"loc":{"start":{"line":130,"column":36},"end":{"line":177,"column":1}},"line":130},"7":{"name":"(anonymous_7)","decl":{"start":{"line":132,"column":10},"end":{"line":132,"column":11}},"loc":{"start":{"line":132,"column":24},"end":{"line":137,"column":3}},"line":132},"8":{"name":"(anonymous_8)","decl":{"start":{"line":140,"column":10},"end":{"line":140,"column":11}},"loc":{"start":{"line":140,"column":35},"end":{"line":176,"column":3}},"line":140},"9":{"name":"(anonymous_9)","decl":{"start":{"line":179,"column":18},"end":{"line":179,"column":19}},"loc":{"start":{"line":179,"column":36},"end":{"line":201,"column":1}},"line":179},"10":{"name":"(anonymous_10)","decl":{"start":{"line":203,"column":22},"end":{"line":203,"column":23}},"loc":{"start":{"line":203,"column":28},"end":{"line":207,"column":1}},"line":203},"11":{"name":"(anonymous_11)","decl":{"start":{"line":209,"column":21},"end":{"line":209,"column":22}},"loc":{"start":{"line":209,"column":27},"end":{"line":213,"column":1}},"line":209},"12":{"name":"(anonymous_12)","decl":{"start":{"line":218,"column":20},"end":{"line":218,"column":21}},"loc":{"start":{"line":218,"column":62},"end":{"line":222,"column":1}},"line":218},"13":{"name":"(anonymous_13)","decl":{"start":{"line":219,"column":26},"end":{"line":219,"column":27}},"loc":{"start":{"line":219,"column":32},"end":{"line":221,"column":3}},"line":219}},"branchMap":{"0":{"loc":{"start":{"line":80,"column":27},"end":{"line":80,"column":82}},"type":"binary-expr","locations":[{"start":{"line":80,"column":27},"end":{"line":80,"column":55}},{"start":{"line":80,"column":59},"end":{"line":80,"column":82}}],"line":80},"1":{"loc":{"start":{"line":81,"column":31},"end":{"line":81,"column":90}},"type":"binary-expr","locations":[{"start":{"line":81,"column":31},"end":{"line":81,"column":63}},{"start":{"line":81,"column":67},"end":{"line":81,"column":90}}],"line":81},"2":{"loc":{"start":{"line":82,"column":30},"end":{"line":82,"column":88}},"type":"binary-expr","locations":[{"start":{"line":82,"column":30},"end":{"line":82,"column":61}},{"start":{"line":82,"column":65},"end":{"line":82,"column":88}}],"line":82},"3":{"loc":{"start":{"line":146,"column":4},"end":{"line":170,"column":5}},"type":"if","locations":[{"start":{"line":146,"column":4},"end":{"line":170,"column":5}},{"start":{"line":168,"column":9},"end":{"line":170,"column":5}}],"line":146},"4":{"loc":{"start":{"line":148,"column":6},"end":{"line":165,"column":7}},"type":"if","locations":[{"start":{"line":148,"column":6},"end":{"line":165,"column":7}},{"start":{"line":163,"column":11},"end":{"line":165,"column":7}}],"line":148},"5":{"loc":{"start":{"line":150,"column":8},"end":{"line":160,"column":9}},"type":"if","locations":[{"start":{"line":150,"column":8},"end":{"line":160,"column":9}},{"start":{"line":154,"column":13},"end":{"line":160,"column":9}}],"line":150},"6":{"loc":{"start":{"line":154,"column":13},"end":{"line":160,"column":9}},"type":"if","locations":[{"start":{"line":154,"column":13},"end":{"line":160,"column":9}},{"start":{"line":158,"column":13},"end":{"line":160,"column":9}}],"line":154},"7":{"loc":{"start":{"line":179,"column":19},"end":{"line":179,"column":31}},"type":"default-arg","locations":[{"start":{"line":179,"column":29},"end":{"line":179,"column":31}}],"line":179},"8":{"loc":{"start":{"line":188,"column":2},"end":{"line":190,"column":3}},"type":"if","locations":[{"start":{"line":188,"column":2},"end":{"line":190,"column":3}},{"start":{},"end":{}}],"line":188},"9":{"loc":{"start":{"line":194,"column":2},"end":{"line":198,"column":3}},"type":"if","locations":[{"start":{"line":194,"column":2},"end":{"line":198,"column":3}},{"start":{"line":196,"column":9},"end":{"line":198,"column":3}}],"line":194},"10":{"loc":{"start":{"line":218,"column":26},"end":{"line":218,"column":57}},"type":"default-arg","locations":[{"start":{"line":218,"column":33},"end":{"line":218,"column":57}}],"line":218},"11":{"loc":{"start":{"line":218,"column":33},"end":{"line":218,"column":57}},"type":"binary-expr","locations":[{"start":{"line":218,"column":33},"end":{"line":218,"column":49}},{"start":{"line":218,"column":53},"end":{"line":218,"column":57}}],"line":218},"12":{"loc":{"start":{"line":225,"column":0},"end":{"line":228,"column":1}},"type":"if","locations":[{"start":{"line":225,"column":0},"end":{"line":228,"column":1}},{"start":{},"end":{}}],"line":225}},"s":{"0":1,"1":1,"2":1,"3":1,"4":1,"5":1,"6":1,"7":1,"8":1,"9":39,"10":39,"11":39,"12":1,"13":39,"14":39,"15":39,"16":39,"17":39,"18":39,"19":39,"20":1,"21":39,"22":39,"23":39,"24":39,"25":1,"26":39,"27":0,"28":0,"29":39,"30":1,"31":1,"32":40,"33":16,"34":40,"35":52,"36":52,"37":52,"38":45,"39":37,"40":15,"41":22,"42":5,"43":17,"44":8,"45":7,"46":52,"47":1,"48":39,"49":39,"50":39,"51":39,"52":39,"53":39,"54":39,"55":39,"56":19,"57":20,"58":39,"59":1,"60":0,"61":0,"62":0,"63":1,"64":0,"65":0,"66":0,"67":1,"68":4,"69":4,"70":1,"71":0,"72":0,"73":1},"f":{"0":39,"1":39,"2":39,"3":1,"4":0,"5":1,"6":40,"7":16,"8":52,"9":39,"10":0,"11":0,"12":4,"13":4},"b":{"0":[39,0],"1":[39,0],"2":[39,0],"3":[45,7],"4":[37,8],"5":[15,22],"6":[5,17],"7":[6],"8":[39,0],"9":[19,20],"10":[2],"11":[2,0],"12":[0,1]},"_coverageSchema":"1a1c01bbd47fc00a2c39e90264f33305004495a9","hash":"60aeb522eae6079576d03bc0fcc7470e0d7ebad4"}
,"D:\\projectBackend\\microservice-payroll\\gateway\\routes\\auth.js": {"path":"D:\\projectBackend\\microservice-payroll\\gateway\\routes\\auth.js","statementMap":{"0":{"start":{"line":1,"column":16},"end":{"line":1,"column":34}},"1":{"start":{"line":2,"column":34},"end":{"line":2,"column":66}},"2":{"start":{"line":3,"column":27},"end":{"line":3,"column":61}},"3":{"start":{"line":5,"column":15},"end":{"line":5,"column":31}},"4":{"start":{"line":7,"column":0},"end":{"line":44,"column":2}},"5":{"start":{"line":9,"column":20},"end":{"line":14,"column":4}},"6":{"start":{"line":17,"column":2},"end":{"line":20,"column":5}},"7":{"start":{"line":18,"column":4},"end":{"line":18,"column":70}},"8":{"start":{"line":19,"column":4},"end":{"line":19,"column":65}},"9":{"start":{"line":24,"column":2},"end":{"line":41,"column":5}},"10":{"start":{"line":26,"column":4},"end":{"line":28,"column":5}},"11":{"start":{"line":27,"column":6},"end":{"line":27,"column":39}},"12":{"start":{"line":31,"column":24},"end":{"line":31,"column":45}},"13":{"start":{"line":32,"column":25},"end":{"line":32,"column":46}},"14":{"start":{"line":35,"column":4},"end":{"line":37,"column":5}},"15":{"start":{"line":36,"column":6},"end":{"line":36,"column":27}},"16":{"start":{"line":40,"column":4},"end":{"line":40,"column":37}},"17":{"start":{"line":43,"column":2},"end":{"line":43,"column":16}}},"fnMap":{"0":{"name":"(anonymous_0)","decl":{"start":{"line":7,"column":17},"end":{"line":7,"column":18}},"loc":{"start":{"line":7,"column":39},"end":{"line":44,"column":1}},"line":7},"1":{"name":"(anonymous_1)","decl":{"start":{"line":17,"column":24},"end":{"line":17,"column":25}},"loc":{"start":{"line":17,"column":44},"end":{"line":20,"column":3}},"line":17},"2":{"name":"(anonymous_2)","decl":{"start":{"line":24,"column":18},"end":{"line":24,"column":19}},"loc":{"start":{"line":24,"column":38},"end":{"line":41,"column":3}},"line":24}},"branchMap":{"0":{"loc":{"start":{"line":26,"column":4},"end":{"line":28,"column":5}},"type":"if","locations":[{"start":{"line":26,"column":4},"end":{"line":28,"column":5}},{"start":{},"end":{}}],"line":26},"1":{"loc":{"start":{"line":26,"column":8},"end":{"line":26,"column":32}},"type":"binary-expr","locations":[{"start":{"line":26,"column":8},"end":{"line":26,"column":17}},{"start":{"line":26,"column":21},"end":{"line":26,"column":32}}],"line":26},"2":{"loc":{"start":{"line":35,"column":4},"end":{"line":37,"column":5}},"type":"if","locations":[{"start":{"line":35,"column":4},"end":{"line":37,"column":5}},{"start":{},"end":{}}],"line":35},"3":{"loc":{"start":{"line":35,"column":8},"end":{"line":35,"column":35}},"type":"binary-expr","locations":[{"start":{"line":35,"column":8},"end":{"line":35,"column":19}},{"start":{"line":35,"column":23},"end":{"line":35,"column":35}}],"line":35}},"s":{"0":1,"1":1,"2":1,"3":1,"4":1,"5":16,"6":16,"7":5,"8":5,"9":16,"10":12,"11":1,"12":11,"13":11,"14":11,"15":0,"16":11,"17":16},"f":{"0":16,"1":5,"2":12},"b":{"0":[1,11],"1":[12,12],"2":[0,11],"3":[11,4]},"_coverageSchema":"1a1c01bbd47fc00a2c39e90264f33305004495a9","hash":"0c0c82870947f5f39d040a8c3f3efe8cbd35278b"}
,"D:\\projectBackend\\microservice-payroll\\gateway\\routes\\employee.js": {"path":"D:\\projectBackend\\microservice-payroll\\gateway\\routes\\employee.js","statementMap":{"0":{"start":{"line":129,"column":16},"end":{"line":129,"column":34}},"1":{"start":{"line":130,"column":34},"end":{"line":130,"column":66}},"2":{"start":{"line":131,"column":15},"end":{"line":131,"column":32}},"3":{"start":{"line":132,"column":39},"end":{"line":132,"column":73}},"4":{"start":{"line":134,"column":15},"end":{"line":134,"column":31}},"5":{"start":{"line":135,"column":19},"end":{"line":135,"column":62}},"6":{"start":{"line":140,"column":28},"end":{"line":154,"column":1}},"7":{"start":{"line":141,"column":2},"end":{"line":153,"column":5}},"8":{"start":{"line":147,"column":6},"end":{"line":147,"column":50}},"9":{"start":{"line":148,"column":6},"end":{"line":151,"column":9}},"10":{"start":{"line":159,"column":28},"end":{"line":209,"column":1}},"11":{"start":{"line":161,"column":2},"end":{"line":164,"column":5}},"12":{"start":{"line":162,"column":4},"end":{"line":162,"column":76}},"13":{"start":{"line":163,"column":4},"end":{"line":163,"column":74}},"14":{"start":{"line":166,"column":2},"end":{"line":169,"column":5}},"15":{"start":{"line":167,"column":4},"end":{"line":167,"column":77}},"16":{"start":{"line":168,"column":4},"end":{"line":168,"column":92}},"17":{"start":{"line":171,"column":2},"end":{"line":174,"column":5}},"18":{"start":{"line":172,"column":4},"end":{"line":172,"column":79}},"19":{"start":{"line":173,"column":4},"end":{"line":173,"column":94}},"20":{"start":{"line":176,"column":2},"end":{"line":179,"column":5}},"21":{"start":{"line":177,"column":4},"end":{"line":177,"column":79}},"22":{"start":{"line":178,"column":4},"end":{"line":178,"column":94}},"23":{"start":{"line":181,"column":2},"end":{"line":184,"column":5}},"24":{"start":{"line":182,"column":4},"end":{"line":182,"column":77}},"25":{"start":{"line":183,"column":4},"end":{"line":183,"column":75}},"26":{"start":{"line":186,"column":2},"end":{"line":189,"column":5}},"27":{"start":{"line":187,"column":4},"end":{"line":187,"column":80}},"28":{"start":{"line":188,"column":4},"end":{"line":188,"column":78}},"29":{"start":{"line":191,"column":2},"end":{"line":194,"column":5}},"30":{"start":{"line":192,"column":4},"end":{"line":192,"column":78}},"31":{"start":{"line":193,"column":4},"end":{"line":193,"column":93}},"32":{"start":{"line":197,"column":2},"end":{"line":200,"column":5}},"33":{"start":{"line":198,"column":4},"end":{"line":198,"column":79}},"34":{"start":{"line":199,"column":4},"end":{"line":199,"column":77}},"35":{"start":{"line":203,"column":2},"end":{"line":208,"column":5}},"36":{"start":{"line":204,"column":4},"end":{"line":204,"column":81}},"37":{"start":{"line":205,"column":4},"end":{"line":207,"column":7}},"38":{"start":{"line":214,"column":32},"end":{"line":264,"column":1}},"39":{"start":{"line":215,"column":2},"end":{"line":218,"column":5}},"40":{"start":{"line":216,"column":4},"end":{"line":216,"column":78}},"41":{"start":{"line":217,"column":4},"end":{"line":217,"column":76}},"42":{"start":{"line":220,"column":2},"end":{"line":223,"column":5}},"43":{"start":{"line":221,"column":4},"end":{"line":221,"column":79}},"44":{"start":{"line":222,"column":4},"end":{"line":222,"column":94}},"45":{"start":{"line":225,"column":2},"end":{"line":228,"column":5}},"46":{"start":{"line":226,"column":4},"end":{"line":226,"column":79}},"47":{"start":{"line":227,"column":4},"end":{"line":227,"column":77}},"48":{"start":{"line":230,"column":2},"end":{"line":233,"column":5}},"49":{"start":{"line":231,"column":4},"end":{"line":231,"column":76}},"50":{"start":{"line":232,"column":4},"end":{"line":232,"column":74}},"51":{"start":{"line":235,"column":2},"end":{"line":238,"column":5}},"52":{"start":{"line":236,"column":4},"end":{"line":236,"column":77}},"53":{"start":{"line":237,"column":4},"end":{"line":237,"column":92}},"54":{"start":{"line":240,"column":2},"end":{"line":243,"column":5}},"55":{"start":{"line":241,"column":4},"end":{"line":241,"column":77}},"56":{"start":{"line":242,"column":4},"end":{"line":242,"column":75}},"57":{"start":{"line":245,"column":2},"end":{"line":248,"column":5}},"58":{"start":{"line":246,"column":4},"end":{"line":246,"column":81}},"59":{"start":{"line":247,"column":4},"end":{"line":247,"column":79}},"60":{"start":{"line":250,"column":2},"end":{"line":253,"column":5}},"61":{"start":{"line":251,"column":4},"end":{"line":251,"column":82}},"62":{"start":{"line":252,"column":4},"end":{"line":252,"column":97}},"63":{"start":{"line":255,"column":2},"end":{"line":258,"column":5}},"64":{"start":{"line":256,"column":4},"end":{"line":256,"column":82}},"65":{"start":{"line":257,"column":4},"end":{"line":257,"column":80}},"66":{"start":{"line":260,"column":2},"end":{"line":263,"column":5}},"67":{"start":{"line":261,"column":4},"end":{"line":261,"column":83}},"68":{"start":{"line":262,"column":4},"end":{"line":262,"column":80}},"69":{"start":{"line":269,"column":0},"end":{"line":288,"column":2}},"70":{"start":{"line":271,"column":24},"end":{"line":271,"column":65}},"71":{"start":{"line":274,"column":2},"end":{"line":274,"column":52}},"72":{"start":{"line":275,"column":2},"end":{"line":275,"column":56}},"73":{"start":{"line":278,"column":2},"end":{"line":278,"column":42}},"74":{"start":{"line":279,"column":2},"end":{"line":279,"column":47}},"75":{"start":{"line":280,"column":2},"end":{"line":280,"column":44}},"76":{"start":{"line":281,"column":2},"end":{"line":281,"column":42}},"77":{"start":{"line":282,"column":2},"end":{"line":282,"column":47}},"78":{"start":{"line":283,"column":2},"end":{"line":283,"column":41}},"79":{"start":{"line":284,"column":2},"end":{"line":284,"column":38}},"80":{"start":{"line":285,"column":2},"end":{"line":285,"column":43}},"81":{"start":{"line":287,"column":2},"end":{"line":287,"column":16}}},"fnMap":{"0":{"name":"(anonymous_0)","decl":{"start":{"line":140,"column":28},"end":{"line":140,"column":29}},"loc":{"start":{"line":140,"column":44},"end":{"line":154,"column":1}},"line":140},"1":{"name":"(anonymous_1)","decl":{"start":{"line":146,"column":13},"end":{"line":146,"column":14}},"loc":{"start":{"line":146,"column":32},"end":{"line":152,"column":5}},"line":146},"2":{"name":"(anonymous_2)","decl":{"start":{"line":159,"column":28},"end":{"line":159,"column":29}},"loc":{"start":{"line":159,"column":52},"end":{"line":209,"column":1}},"line":159},"3":{"name":"(anonymous_3)","decl":{"start":{"line":161,"column":32},"end":{"line":161,"column":33}},"loc":{"start":{"line":161,"column":46},"end":{"line":164,"column":3}},"line":161},"4":{"name":"(anonymous_4)","decl":{"start":{"line":166,"column":36},"end":{"line":166,"column":37}},"loc":{"start":{"line":166,"column":50},"end":{"line":169,"column":3}},"line":166},"5":{"name":"(anonymous_5)","decl":{"start":{"line":171,"column":41},"end":{"line":171,"column":42}},"loc":{"start":{"line":171,"column":55},"end":{"line":174,"column":3}},"line":171},"6":{"name":"(anonymous_6)","decl":{"start":{"line":176,"column":38},"end":{"line":176,"column":39}},"loc":{"start":{"line":176,"column":52},"end":{"line":179,"column":3}},"line":176},"7":{"name":"(anonymous_7)","decl":{"start":{"line":181,"column":32},"end":{"line":181,"column":33}},"loc":{"start":{"line":181,"column":46},"end":{"line":184,"column":3}},"line":181},"8":{"name":"(anonymous_8)","decl":{"start":{"line":186,"column":35},"end":{"line":186,"column":36}},"loc":{"start":{"line":186,"column":49},"end":{"line":189,"column":3}},"line":186},"9":{"name":"(anonymous_9)","decl":{"start":{"line":191,"column":39},"end":{"line":191,"column":40}},"loc":{"start":{"line":191,"column":53},"end":{"line":194,"column":3}},"line":191},"10":{"name":"(anonymous_10)","decl":{"start":{"line":197,"column":62},"end":{"line":197,"column":63}},"loc":{"start":{"line":197,"column":76},"end":{"line":200,"column":3}},"line":197},"11":{"name":"(anonymous_11)","decl":{"start":{"line":203,"column":36},"end":{"line":203,"column":37}},"loc":{"start":{"line":203,"column":50},"end":{"line":208,"column":3}},"line":203},"12":{"name":"(anonymous_12)","decl":{"start":{"line":214,"column":32},"end":{"line":214,"column":33}},"loc":{"start":{"line":214,"column":56},"end":{"line":264,"column":1}},"line":214},"13":{"name":"(anonymous_13)","decl":{"start":{"line":215,"column":34},"end":{"line":215,"column":35}},"loc":{"start":{"line":215,"column":48},"end":{"line":218,"column":3}},"line":215},"14":{"name":"(anonymous_14)","decl":{"start":{"line":220,"column":38},"end":{"line":220,"column":39}},"loc":{"start":{"line":220,"column":52},"end":{"line":223,"column":3}},"line":220},"15":{"name":"(anonymous_15)","decl":{"start":{"line":225,"column":34},"end":{"line":225,"column":35}},"loc":{"start":{"line":225,"column":48},"end":{"line":228,"column":3}},"line":225},"16":{"name":"(anonymous_16)","decl":{"start":{"line":230,"column":32},"end":{"line":230,"column":33}},"loc":{"start":{"line":230,"column":46},"end":{"line":233,"column":3}},"line":230},"17":{"name":"(anonymous_17)","decl":{"start":{"line":235,"column":36},"end":{"line":235,"column":37}},"loc":{"start":{"line":235,"column":50},"end":{"line":238,"column":3}},"line":235},"18":{"name":"(anonymous_18)","decl":{"start":{"line":240,"column":32},"end":{"line":240,"column":33}},"loc":{"start":{"line":240,"column":46},"end":{"line":243,"column":3}},"line":240},"19":{"name":"(anonymous_19)","decl":{"start":{"line":245,"column":37},"end":{"line":245,"column":38}},"loc":{"start":{"line":245,"column":51},"end":{"line":248,"column":3}},"line":245},"20":{"name":"(anonymous_20)","decl":{"start":{"line":250,"column":41},"end":{"line":250,"column":42}},"loc":{"start":{"line":250,"column":55},"end":{"line":253,"column":3}},"line":250},"21":{"name":"(anonymous_21)","decl":{"start":{"line":255,"column":37},"end":{"line":255,"column":38}},"loc":{"start":{"line":255,"column":51},"end":{"line":258,"column":3}},"line":255},"22":{"name":"(anonymous_22)","decl":{"start":{"line":260,"column":37},"end":{"line":260,"column":38}},"loc":{"start":{"line":260,"column":51},"end":{"line":263,"column":3}},"line":260},"23":{"name":"(anonymous_23)","decl":{"start":{"line":269,"column":17},"end":{"line":269,"column":18}},"loc":{"start":{"line":269,"column":43},"end":{"line":288,"column":1}},"line":269}},"branchMap":{},"s":{"0":1,"1":1,"2":1,"3":1,"4":1,"5":1,"6":1,"7":19,"8":0,"9":0,"10":1,"11":19,"12":2,"13":2,"14":19,"15":1,"16":1,"17":19,"18":1,"19":1,"20":19,"21":1,"22":1,"23":19,"24":2,"25":2,"26":19,"27":1,"28":1,"29":19,"30":1,"31":1,"32":19,"33":1,"34":1,"35":19,"36":1,"37":1,"38":1,"39":19,"40":1,"41":1,"42":19,"43":1,"44":1,"45":19,"46":0,"47":0,"48":19,"49":1,"50":1,"51":19,"52":1,"53":1,"54":19,"55":0,"56":0,"57":19,"58":1,"59":1,"60":19,"61":1,"62":1,"63":19,"64":0,"65":0,"66":19,"67":1,"68":1,"69":1,"70":19,"71":19,"72":19,"73":19,"74":19,"75":19,"76":19,"77":19,"78":19,"79":19,"80":19,"81":19},"f":{"0":19,"1":0,"2":19,"3":2,"4":1,"5":1,"6":1,"7":2,"8":1,"9":1,"10":1,"11":1,"12":19,"13":1,"14":1,"15":0,"16":1,"17":1,"18":0,"19":1,"20":1,"21":0,"22":1,"23":19},"b":{},"_coverageSchema":"1a1c01bbd47fc00a2c39e90264f33305004495a9","hash":"4c6b1a2978d051f2e50875a9e28b96293b0d1442"}
,"D:\\projectBackend\\microservice-payroll\\gateway\\routes\\payroll.js": {"path":"D:\\projectBackend\\microservice-payroll\\gateway\\routes\\payroll.js","statementMap":{"0":{"start":{"line":127,"column":16},"end":{"line":127,"column":34}},"1":{"start":{"line":128,"column":34},"end":{"line":128,"column":66}},"2":{"start":{"line":129,"column":27},"end":{"line":129,"column":61}},"3":{"start":{"line":131,"column":15},"end":{"line":131,"column":31}},"4":{"start":{"line":136,"column":27},"end":{"line":150,"column":1}},"5":{"start":{"line":137,"column":2},"end":{"line":149,"column":5}},"6":{"start":{"line":143,"column":6},"end":{"line":143,"column":49}},"7":{"start":{"line":144,"column":6},"end":{"line":147,"column":9}},"8":{"start":{"line":155,"column":26},"end":{"line":176,"column":1}},"9":{"start":{"line":156,"column":2},"end":{"line":159,"column":5}},"10":{"start":{"line":157,"column":4},"end":{"line":157,"column":78}},"11":{"start":{"line":158,"column":4},"end":{"line":158,"column":61}},"12":{"start":{"line":161,"column":2},"end":{"line":163,"column":5}},"13":{"start":{"line":162,"column":4},"end":{"line":162,"column":62}},"14":{"start":{"line":165,"column":2},"end":{"line":167,"column":5}},"15":{"start":{"line":166,"column":4},"end":{"line":166,"column":81}},"16":{"start":{"line":169,"column":2},"end":{"line":171,"column":5}},"17":{"start":{"line":170,"column":4},"end":{"line":170,"column":79}},"18":{"start":{"line":173,"column":2},"end":{"line":175,"column":5}},"19":{"start":{"line":174,"column":4},"end":{"line":174,"column":81}},"20":{"start":{"line":181,"column":30},"end":{"line":202,"column":1}},"21":{"start":{"line":182,"column":2},"end":{"line":185,"column":5}},"22":{"start":{"line":183,"column":4},"end":{"line":183,"column":82}},"23":{"start":{"line":184,"column":4},"end":{"line":184,"column":64}},"24":{"start":{"line":187,"column":2},"end":{"line":189,"column":5}},"25":{"start":{"line":188,"column":4},"end":{"line":188,"column":65}},"26":{"start":{"line":191,"column":2},"end":{"line":193,"column":5}},"27":{"start":{"line":192,"column":4},"end":{"line":192,"column":84}},"28":{"start":{"line":195,"column":2},"end":{"line":197,"column":5}},"29":{"start":{"line":196,"column":4},"end":{"line":196,"column":82}},"30":{"start":{"line":199,"column":2},"end":{"line":201,"column":5}},"31":{"start":{"line":200,"column":4},"end":{"line":200,"column":84}},"32":{"start":{"line":207,"column":39},"end":{"line":230,"column":1}},"33":{"start":{"line":208,"column":2},"end":{"line":211,"column":5}},"34":{"start":{"line":209,"column":4},"end":{"line":209,"column":87}},"35":{"start":{"line":210,"column":4},"end":{"line":210,"column":80}},"36":{"start":{"line":213,"column":2},"end":{"line":216,"column":5}},"37":{"start":{"line":214,"column":4},"end":{"line":214,"column":87}},"38":{"start":{"line":215,"column":4},"end":{"line":215,"column":79}},"39":{"start":{"line":218,"column":2},"end":{"line":221,"column":5}},"40":{"start":{"line":219,"column":4},"end":{"line":219,"column":83}},"41":{"start":{"line":220,"column":4},"end":{"line":220,"column":75}},"42":{"start":{"line":223,"column":2},"end":{"line":225,"column":5}},"43":{"start":{"line":224,"column":4},"end":{"line":224,"column":94}},"44":{"start":{"line":227,"column":2},"end":{"line":229,"column":5}},"45":{"start":{"line":228,"column":4},"end":{"line":228,"column":94}},"46":{"start":{"line":235,"column":27},"end":{"line":254,"column":1}},"47":{"start":{"line":236,"column":2},"end":{"line":239,"column":5}},"48":{"start":{"line":237,"column":4},"end":{"line":237,"column":79}},"49":{"start":{"line":238,"column":4},"end":{"line":238,"column":61}},"50":{"start":{"line":241,"column":2},"end":{"line":244,"column":5}},"51":{"start":{"line":242,"column":4},"end":{"line":242,"column":84}},"52":{"start":{"line":243,"column":4},"end":{"line":243,"column":66}},"53":{"start":{"line":246,"column":2},"end":{"line":249,"column":5}},"54":{"start":{"line":247,"column":4},"end":{"line":247,"column":81}},"55":{"start":{"line":248,"column":4},"end":{"line":248,"column":62}},"56":{"start":{"line":251,"column":2},"end":{"line":253,"column":5}},"57":{"start":{"line":252,"column":4},"end":{"line":252,"column":81}},"58":{"start":{"line":259,"column":0},"end":{"line":277,"column":2}},"59":{"start":{"line":261,"column":23},"end":{"line":261,"column":62}},"60":{"start":{"line":264,"column":2},"end":{"line":264,"column":49}},"61":{"start":{"line":265,"column":2},"end":{"line":265,"column":53}},"62":{"start":{"line":266,"column":2},"end":{"line":266,"column":62}},"63":{"start":{"line":267,"column":2},"end":{"line":267,"column":50}},"64":{"start":{"line":270,"column":2},"end":{"line":270,"column":40}},"65":{"start":{"line":271,"column":2},"end":{"line":271,"column":43}},"66":{"start":{"line":272,"column":2},"end":{"line":272,"column":53}},"67":{"start":{"line":273,"column":2},"end":{"line":273,"column":40}},"68":{"start":{"line":274,"column":2},"end":{"line":274,"column":39}},"69":{"start":{"line":276,"column":2},"end":{"line":276,"column":16}}},"fnMap":{"0":{"name":"(anonymous_0)","decl":{"start":{"line":136,"column":27},"end":{"line":136,"column":28}},"loc":{"start":{"line":136,"column":43},"end":{"line":150,"column":1}},"line":136},"1":{"name":"(anonymous_1)","decl":{"start":{"line":142,"column":13},"end":{"line":142,"column":14}},"loc":{"start":{"line":142,"column":32},"end":{"line":148,"column":5}},"line":142},"2":{"name":"(anonymous_2)","decl":{"start":{"line":155,"column":26},"end":{"line":155,"column":27}},"loc":{"start":{"line":155,"column":50},"end":{"line":176,"column":1}},"line":155},"3":{"name":"(anonymous_3)","decl":{"start":{"line":156,"column":31},"end":{"line":156,"column":32}},"loc":{"start":{"line":156,"column":45},"end":{"line":159,"column":3}},"line":156},"4":{"name":"(anonymous_4)","decl":{"start":{"line":161,"column":31},"end":{"line":161,"column":32}},"loc":{"start":{"line":161,"column":45},"end":{"line":163,"column":3}},"line":161},"5":{"name":"(anonymous_5)","decl":{"start":{"line":165,"column":37},"end":{"line":165,"column":38}},"loc":{"start":{"line":165,"column":51},"end":{"line":167,"column":3}},"line":165},"6":{"name":"(anonymous_6)","decl":{"start":{"line":169,"column":35},"end":{"line":169,"column":36}},"loc":{"start":{"line":169,"column":49},"end":{"line":171,"column":3}},"line":169},"7":{"name":"(anonymous_7)","decl":{"start":{"line":173,"column":40},"end":{"line":173,"column":41}},"loc":{"start":{"line":173,"column":54},"end":{"line":175,"column":3}},"line":173},"8":{"name":"(anonymous_8)","decl":{"start":{"line":181,"column":30},"end":{"line":181,"column":31}},"loc":{"start":{"line":181,"column":54},"end":{"line":202,"column":1}},"line":181},"9":{"name":"(anonymous_9)","decl":{"start":{"line":182,"column":34},"end":{"line":182,"column":35}},"loc":{"start":{"line":182,"column":48},"end":{"line":185,"column":3}},"line":182},"10":{"name":"(anonymous_10)","decl":{"start":{"line":187,"column":34},"end":{"line":187,"column":35}},"loc":{"start":{"line":187,"column":48},"end":{"line":189,"column":3}},"line":187},"11":{"name":"(anonymous_11)","decl":{"start":{"line":191,"column":40},"end":{"line":191,"column":41}},"loc":{"start":{"line":191,"column":54},"end":{"line":193,"column":3}},"line":191},"12":{"name":"(anonymous_12)","decl":{"start":{"line":195,"column":38},"end":{"line":195,"column":39}},"loc":{"start":{"line":195,"column":52},"end":{"line":197,"column":3}},"line":195},"13":{"name":"(anonymous_13)","decl":{"start":{"line":199,"column":43},"end":{"line":199,"column":44}},"loc":{"start":{"line":199,"column":57},"end":{"line":201,"column":3}},"line":199},"14":{"name":"(anonymous_14)","decl":{"start":{"line":207,"column":39},"end":{"line":207,"column":40}},"loc":{"start":{"line":207,"column":63},"end":{"line":230,"column":1}},"line":207},"15":{"name":"(anonymous_15)","decl":{"start":{"line":208,"column":50},"end":{"line":208,"column":51}},"loc":{"start":{"line":208,"column":64},"end":{"line":211,"column":3}},"line":208},"16":{"name":"(anonymous_16)","decl":{"start":{"line":213,"column":49},"end":{"line":213,"column":50}},"loc":{"start":{"line":213,"column":63},"end":{"line":216,"column":3}},"line":213},"17":{"name":"(anonymous_17)","decl":{"start":{"line":218,"column":44},"end":{"line":218,"column":45}},"loc":{"start":{"line":218,"column":58},"end":{"line":221,"column":3}},"line":218},"18":{"name":"(anonymous_18)","decl":{"start":{"line":223,"column":50},"end":{"line":223,"column":51}},"loc":{"start":{"line":223,"column":64},"end":{"line":225,"column":3}},"line":223},"19":{"name":"(anonymous_19)","decl":{"start":{"line":227,"column":53},"end":{"line":227,"column":54}},"loc":{"start":{"line":227,"column":67},"end":{"line":229,"column":3}},"line":227},"20":{"name":"(anonymous_20)","decl":{"start":{"line":235,"column":27},"end":{"line":235,"column":28}},"loc":{"start":{"line":235,"column":51},"end":{"line":254,"column":1}},"line":235},"21":{"name":"(anonymous_21)","decl":{"start":{"line":236,"column":31},"end":{"line":236,"column":32}},"loc":{"start":{"line":236,"column":45},"end":{"line":239,"column":3}},"line":236},"22":{"name":"(anonymous_22)","decl":{"start":{"line":241,"column":36},"end":{"line":241,"column":37}},"loc":{"start":{"line":241,"column":50},"end":{"line":244,"column":3}},"line":241},"23":{"name":"(anonymous_23)","decl":{"start":{"line":246,"column":31},"end":{"line":246,"column":32}},"loc":{"start":{"line":246,"column":45},"end":{"line":249,"column":3}},"line":246},"24":{"name":"(anonymous_24)","decl":{"start":{"line":251,"column":37},"end":{"line":251,"column":38}},"loc":{"start":{"line":251,"column":51},"end":{"line":253,"column":3}},"line":251},"25":{"name":"(anonymous_25)","decl":{"start":{"line":259,"column":17},"end":{"line":259,"column":18}},"loc":{"start":{"line":259,"column":42},"end":{"line":277,"column":1}},"line":259}},"branchMap":{},"s":{"0":1,"1":1,"2":1,"3":1,"4":1,"5":21,"6":1,"7":1,"8":1,"9":21,"10":1,"11":1,"12":21,"13":2,"14":21,"15":1,"16":21,"17":1,"18":21,"19":1,"20":1,"21":21,"22":1,"23":1,"24":21,"25":1,"26":21,"27":0,"28":21,"29":0,"30":21,"31":0,"32":1,"33":21,"34":1,"35":1,"36":21,"37":1,"38":1,"39":21,"40":1,"41":1,"42":21,"43":1,"44":21,"45":1,"46":1,"47":21,"48":1,"49":1,"50":21,"51":1,"52":1,"53":21,"54":1,"55":1,"56":21,"57":1,"58":1,"59":21,"60":21,"61":21,"62":21,"63":21,"64":21,"65":21,"66":21,"67":21,"68":21,"69":21},"f":{"0":21,"1":1,"2":21,"3":1,"4":2,"5":1,"6":1,"7":1,"8":21,"9":1,"10":1,"11":0,"12":0,"13":0,"14":21,"15":1,"16":1,"17":1,"18":1,"19":1,"20":21,"21":1,"22":1,"23":1,"24":1,"25":21},"b":{},"_coverageSchema":"1a1c01bbd47fc00a2c39e90264f33305004495a9","hash":"cc963fe641184513da11473334bb7795b18be2c9"}
,"D:\\projectBackend\\microservice-payroll\\gateway\\services\\healthChecker.js": {"path":"D:\\projectBackend\\microservice-payroll\\gateway\\services\\healthChecker.js","statementMap":{"0":{"start":{"line":1,"column":50},"end":{"line":1,"column":84}},"1":{"start":{"line":5,"column":4},"end":{"line":5,"column":35}},"2":{"start":{"line":6,"column":4},"end":{"line":6,"column":68}},"3":{"start":{"line":7,"column":4},"end":{"line":7,"column":30}},"4":{"start":{"line":11,"column":27},"end":{"line":11,"column":46}},"5":{"start":{"line":13,"column":4},"end":{"line":34,"column":5}},"6":{"start":{"line":15,"column":29},"end":{"line":15,"column":69}},"7":{"start":{"line":16,"column":6},"end":{"line":20,"column":9}},"8":{"start":{"line":23,"column":30},"end":{"line":23,"column":71}},"9":{"start":{"line":24,"column":6},"end":{"line":28,"column":9}},"10":{"start":{"line":31,"column":6},"end":{"line":31,"column":52}},"11":{"start":{"line":32,"column":6},"end":{"line":32,"column":100}},"12":{"start":{"line":33,"column":6},"end":{"line":33,"column":103}},"13":{"start":{"line":38,"column":4},"end":{"line":38,"column":34}},"14":{"start":{"line":38,"column":27},"end":{"line":38,"column":34}},"15":{"start":{"line":40,"column":4},"end":{"line":40,"column":52}},"16":{"start":{"line":41,"column":4},"end":{"line":41,"column":29}},"17":{"start":{"line":44,"column":4},"end":{"line":44,"column":28}},"18":{"start":{"line":47,"column":4},"end":{"line":49,"column":27}},"19":{"start":{"line":48,"column":6},"end":{"line":48,"column":30}},"20":{"start":{"line":53,"column":4},"end":{"line":57,"column":5}},"21":{"start":{"line":54,"column":6},"end":{"line":54,"column":37}},"22":{"start":{"line":55,"column":6},"end":{"line":55,"column":32}},"23":{"start":{"line":56,"column":6},"end":{"line":56,"column":50}},"24":{"start":{"line":61,"column":19},"end":{"line":61,"column":21}},"25":{"start":{"line":63,"column":4},"end":{"line":65,"column":5}},"26":{"start":{"line":64,"column":6},"end":{"line":64,"column":26}},"27":{"start":{"line":67,"column":4},"end":{"line":67,"column":18}},"28":{"start":{"line":71,"column":0},"end":{"line":71,"column":37}}},"fnMap":{"0":{"name":"(anonymous_0)","decl":{"start":{"line":4,"column":2},"end":{"line":4,"column":3}},"loc":{"start":{"line":4,"column":16},"end":{"line":8,"column":3}},"line":4},"1":{"name":"(anonymous_1)","decl":{"start":{"line":10,"column":2},"end":{"line":10,"column":3}},"loc":{"start":{"line":10,"column":27},"end":{"line":35,"column":3}},"line":10},"2":{"name":"(anonymous_2)","decl":{"start":{"line":37,"column":2},"end":{"line":37,"column":3}},"loc":{"start":{"line":37,"column":20},"end":{"line":50,"column":3}},"line":37},"3":{"name":"(anonymous_3)","decl":{"start":{"line":47,"column":34},"end":{"line":47,"column":35}},"loc":{"start":{"line":47,"column":40},"end":{"line":49,"column":5}},"line":47},"4":{"name":"(anonymous_4)","decl":{"start":{"line":52,"column":2},"end":{"line":52,"column":3}},"loc":{"start":{"line":52,"column":19},"end":{"line":58,"column":3}},"line":52},"5":{"name":"(anonymous_5)","decl":{"start":{"line":60,"column":2},"end":{"line":60,"column":3}},"loc":{"start":{"line":60,"column":21},"end":{"line":68,"column":3}},"line":60}},"branchMap":{"0":{"loc":{"start":{"line":6,"column":25},"end":{"line":6,"column":67}},"type":"binary-expr","locations":[{"start":{"line":6,"column":25},"end":{"line":6,"column":58}},{"start":{"line":6,"column":62},"end":{"line":6,"column":67}}],"line":6},"1":{"loc":{"start":{"line":32,"column":52},"end":{"line":32,"column":96}},"type":"cond-expr","locations":[{"start":{"line":32,"column":69},"end":{"line":32,"column":80}},{"start":{"line":32,"column":83},"end":{"line":32,"column":96}}],"line":32},"2":{"loc":{"start":{"line":33,"column":54},"end":{"line":33,"column":99}},"type":"cond-expr","locations":[{"start":{"line":33,"column":72},"end":{"line":33,"column":83}},{"start":{"line":33,"column":86},"end":{"line":33,"column":99}}],"line":33},"3":{"loc":{"start":{"line":38,"column":4},"end":{"line":38,"column":34}},"type":"if","locations":[{"start":{"line":38,"column":4},"end":{"line":38,"column":34}},{"start":{},"end":{}}],"line":38},"4":{"loc":{"start":{"line":53,"column":4},"end":{"line":57,"column":5}},"type":"if","locations":[{"start":{"line":53,"column":4},"end":{"line":57,"column":5}},{"start":{},"end":{}}],"line":53}},"s":{"0":1,"1":1,"2":1,"3":1,"4":1,"5":1,"6":5,"7":5,"8":5,"9":5,"10":5,"11":5,"12":5,"13":39,"14":38,"15":1,"16":1,"17":1,"18":1,"19":0,"20":0,"21":0,"22":0,"23":0,"24":0,"25":0,"26":0,"27":0,"28":1},"f":{"0":1,"1":1,"2":39,"3":0,"4":0,"5":0},"b":{"0":[1,1],"1":[5,0],"2":[5,0],"3":[38,1],"4":[0,0]},"_coverageSchema":"1a1c01bbd47fc00a2c39e90264f33305004495a9","hash":"f67ad369b572f7eb67d3ce8550080208e30b114a"}
,"D:\\projectBackend\\microservice-payroll\\gateway\\utils\\requestHandler.js": {"path":"D:\\projectBackend\\microservice-payroll\\gateway\\utils\\requestHandler.js","statementMap":{"0":{"start":{"line":2,"column":14},"end":{"line":2,"column":30}},"1":{"start":{"line":7,"column":26},"end":{"line":30,"column":1}},"2":{"start":{"line":8,"column":2},"end":{"line":29,"column":4}},"3":{"start":{"line":35,"column":31},"end":{"line":45,"column":1}},"4":{"start":{"line":36,"column":23},"end":{"line":36,"column":38}},"5":{"start":{"line":39,"column":2},"end":{"line":42,"column":3}},"6":{"start":{"line":40,"column":24},"end":{"line":40,"column":39}},"7":{"start":{"line":41,"column":4},"end":{"line":41,"column":23}},"8":{"start":{"line":44,"column":2},"end":{"line":44,"column":14}},"9":{"start":{"line":50,"column":27},"end":{"line":61,"column":1}},"10":{"start":{"line":51,"column":2},"end":{"line":60,"column":3}},"11":{"start":{"line":52,"column":21},"end":{"line":55,"column":6}},"12":{"start":{"line":54,"column":34},"end":{"line":54,"column":48}},"13":{"start":{"line":56,"column":4},"end":{"line":56,"column":16}},"14":{"start":{"line":58,"column":4},"end":{"line":58,"column":82}},"15":{"start":{"line":59,"column":4},"end":{"line":59,"column":17}},"16":{"start":{"line":66,"column":35},"end":{"line":117,"column":1}},"17":{"start":{"line":67,"column":22},"end":{"line":67,"column":50}},"18":{"start":{"line":68,"column":25},"end":{"line":68,"column":44}},"19":{"start":{"line":70,"column":2},"end":{"line":70,"column":84}},"20":{"start":{"line":73,"column":22},"end":{"line":73,"column":49}},"21":{"start":{"line":75,"column":2},"end":{"line":78,"column":3}},"22":{"start":{"line":76,"column":4},"end":{"line":76,"column":94}},"23":{"start":{"line":77,"column":4},"end":{"line":77,"column":70}},"24":{"start":{"line":80,"column":32},"end":{"line":80,"column":59}},"25":{"start":{"line":82,"column":2},"end":{"line":116,"column":3}},"26":{"start":{"line":84,"column":4},"end":{"line":84,"column":76}},"27":{"start":{"line":85,"column":4},"end":{"line":85,"column":59}},"28":{"start":{"line":86,"column":4},"end":{"line":86,"column":66}},"29":{"start":{"line":88,"column":4},"end":{"line":88,"column":87}},"30":{"start":{"line":90,"column":4},"end":{"line":115,"column":5}},"31":{"start":{"line":92,"column":6},"end":{"line":92,"column":89}},"32":{"start":{"line":93,"column":6},"end":{"line":93,"column":62}},"33":{"start":{"line":96,"column":6},"end":{"line":96,"column":86}},"34":{"start":{"line":98,"column":6},"end":{"line":98,"column":87}},"35":{"start":{"line":99,"column":6},"end":{"line":99,"column":60}},"36":{"start":{"line":100,"column":6},"end":{"line":100,"column":62}},"37":{"start":{"line":103,"column":6},"end":{"line":114,"column":7}},"38":{"start":{"line":104,"column":8},"end":{"line":113,"column":11}},"39":{"start":{"line":122,"column":23},"end":{"line":185,"column":1}},"40":{"start":{"line":123,"column":2},"end":{"line":184,"column":3}},"41":{"start":{"line":124,"column":19},"end":{"line":134,"column":5}},"42":{"start":{"line":137,"column":4},"end":{"line":139,"column":5}},"43":{"start":{"line":138,"column":6},"end":{"line":138,"column":29}},"44":{"start":{"line":142,"column":4},"end":{"line":154,"column":5}},"45":{"start":{"line":143,"column":23},"end":{"line":143,"column":43}},"46":{"start":{"line":144,"column":23},"end":{"line":144,"column":37}},"47":{"start":{"line":145,"column":6},"end":{"line":148,"column":9}},"48":{"start":{"line":149,"column":6},"end":{"line":149,"column":29}},"49":{"start":{"line":150,"column":6},"end":{"line":153,"column":8}},"50":{"start":{"line":156,"column":4},"end":{"line":156,"column":69}},"51":{"start":{"line":157,"column":21},"end":{"line":157,"column":40}},"52":{"start":{"line":158,"column":4},"end":{"line":158,"column":60}},"53":{"start":{"line":161,"column":4},"end":{"line":168,"column":5}},"54":{"start":{"line":162,"column":6},"end":{"line":162,"column":30}},"55":{"start":{"line":165,"column":6},"end":{"line":167,"column":7}},"56":{"start":{"line":166,"column":8},"end":{"line":166,"column":56}},"57":{"start":{"line":170,"column":4},"end":{"line":170,"column":87}},"58":{"start":{"line":172,"column":4},"end":{"line":183,"column":5}},"59":{"start":{"line":174,"column":6},"end":{"line":176,"column":7}},"60":{"start":{"line":175,"column":8},"end":{"line":175,"column":68}},"61":{"start":{"line":178,"column":6},"end":{"line":178,"column":13}},"62":{"start":{"line":179,"column":11},"end":{"line":183,"column":5}},"63":{"start":{"line":180,"column":6},"end":{"line":180,"column":65}},"64":{"start":{"line":182,"column":6},"end":{"line":182,"column":71}},"65":{"start":{"line":187,"column":0},"end":{"line":192,"column":2}}},"fnMap":{"0":{"name":"(anonymous_0)","decl":{"start":{"line":7,"column":26},"end":{"line":7,"column":27}},"loc":{"start":{"line":7,"column":32},"end":{"line":30,"column":1}},"line":7},"1":{"name":"(anonymous_1)","decl":{"start":{"line":35,"column":31},"end":{"line":35,"column":32}},"loc":{"start":{"line":35,"column":41},"end":{"line":45,"column":1}},"line":35},"2":{"name":"(anonymous_2)","decl":{"start":{"line":50,"column":27},"end":{"line":50,"column":28}},"loc":{"start":{"line":50,"column":49},"end":{"line":61,"column":1}},"line":50},"3":{"name":"(anonymous_3)","decl":{"start":{"line":54,"column":22},"end":{"line":54,"column":23}},"loc":{"start":{"line":54,"column":34},"end":{"line":54,"column":48}},"line":54},"4":{"name":"(anonymous_4)","decl":{"start":{"line":66,"column":35},"end":{"line":66,"column":36}},"loc":{"start":{"line":66,"column":94},"end":{"line":117,"column":1}},"line":66},"5":{"name":"(anonymous_5)","decl":{"start":{"line":122,"column":23},"end":{"line":122,"column":24}},"loc":{"start":{"line":122,"column":75},"end":{"line":185,"column":1}},"line":122}},"branchMap":{"0":{"loc":{"start":{"line":10,"column":15},"end":{"line":10,"column":74}},"type":"binary-expr","locations":[{"start":{"line":10,"column":15},"end":{"line":10,"column":47}},{"start":{"line":10,"column":51},"end":{"line":10,"column":74}}],"line":10},"1":{"loc":{"start":{"line":11,"column":16},"end":{"line":11,"column":74}},"type":"binary-expr","locations":[{"start":{"line":11,"column":16},"end":{"line":11,"column":47}},{"start":{"line":11,"column":51},"end":{"line":11,"column":74}}],"line":11},"2":{"loc":{"start":{"line":14,"column":15},"end":{"line":14,"column":74}},"type":"binary-expr","locations":[{"start":{"line":14,"column":15},"end":{"line":14,"column":47}},{"start":{"line":14,"column":51},"end":{"line":14,"column":74}}],"line":14},"3":{"loc":{"start":{"line":15,"column":16},"end":{"line":15,"column":74}},"type":"binary-expr","locations":[{"start":{"line":15,"column":16},"end":{"line":15,"column":47}},{"start":{"line":15,"column":51},"end":{"line":15,"column":74}}],"line":15},"4":{"loc":{"start":{"line":18,"column":15},"end":{"line":18,"column":74}},"type":"binary-expr","locations":[{"start":{"line":18,"column":15},"end":{"line":18,"column":47}},{"start":{"line":18,"column":51},"end":{"line":18,"column":74}}],"line":18},"5":{"loc":{"start":{"line":19,"column":16},"end":{"line":19,"column":74}},"type":"binary-expr","locations":[{"start":{"line":19,"column":16},"end":{"line":19,"column":47}},{"start":{"line":19,"column":51},"end":{"line":19,"column":74}}],"line":19},"6":{"loc":{"start":{"line":22,"column":15},"end":{"line":22,"column":74}},"type":"binary-expr","locations":[{"start":{"line":22,"column":15},"end":{"line":22,"column":47}},{"start":{"line":22,"column":51},"end":{"line":22,"column":74}}],"line":22},"7":{"loc":{"start":{"line":23,"column":16},"end":{"line":23,"column":74}},"type":"binary-expr","locations":[{"start":{"line":23,"column":16},"end":{"line":23,"column":47}},{"start":{"line":23,"column":51},"end":{"line":23,"column":74}}],"line":23},"8":{"loc":{"start":{"line":26,"column":15},"end":{"line":26,"column":74}},"type":"binary-expr","locations":[{"start":{"line":26,"column":15},"end":{"line":26,"column":47}},{"start":{"line":26,"column":51},"end":{"line":26,"column":74}}],"line":26},"9":{"loc":{"start":{"line":27,"column":16},"end":{"line":27,"column":74}},"type":"binary-expr","locations":[{"start":{"line":27,"column":16},"end":{"line":27,"column":47}},{"start":{"line":27,"column":51},"end":{"line":27,"column":74}}],"line":27},"10":{"loc":{"start":{"line":39,"column":2},"end":{"line":42,"column":3}},"type":"if","locations":[{"start":{"line":39,"column":2},"end":{"line":42,"column":3}},{"start":{},"end":{}}],"line":39},"11":{"loc":{"start":{"line":66,"column":77},"end":{"line":66,"column":89}},"type":"default-arg","locations":[{"start":{"line":66,"column":87},"end":{"line":66,"column":89}}],"line":66},"12":{"loc":{"start":{"line":75,"column":2},"end":{"line":78,"column":3}},"type":"if","locations":[{"start":{"line":75,"column":2},"end":{"line":78,"column":3}},{"start":{},"end":{}}],"line":75},"13":{"loc":{"start":{"line":103,"column":6},"end":{"line":114,"column":7}},"type":"if","locations":[{"start":{"line":103,"column":6},"end":{"line":114,"column":7}},{"start":{},"end":{}}],"line":103},"14":{"loc":{"start":{"line":122,"column":58},"end":{"line":122,"column":70}},"type":"default-arg","locations":[{"start":{"line":122,"column":68},"end":{"line":122,"column":70}}],"line":122},"15":{"loc":{"start":{"line":137,"column":4},"end":{"line":139,"column":5}},"type":"if","locations":[{"start":{"line":137,"column":4},"end":{"line":139,"column":5}},{"start":{},"end":{}}],"line":137},"16":{"loc":{"start":{"line":137,"column":8},"end":{"line":137,"column":40}},"type":"binary-expr","locations":[{"start":{"line":137,"column":8},"end":{"line":137,"column":28}},{"start":{"line":137,"column":32},"end":{"line":137,"column":40}}],"line":137},"17":{"loc":{"start":{"line":142,"column":4},"end":{"line":154,"column":5}},"type":"if","locations":[{"start":{"line":142,"column":4},"end":{"line":154,"column":5}},{"start":{},"end":{}}],"line":142},"18":{"loc":{"start":{"line":161,"column":4},"end":{"line":168,"column":5}},"type":"if","locations":[{"start":{"line":161,"column":4},"end":{"line":168,"column":5}},{"start":{"line":163,"column":11},"end":{"line":168,"column":5}}],"line":161},"19":{"loc":{"start":{"line":165,"column":6},"end":{"line":167,"column":7}},"type":"if","locations":[{"start":{"line":165,"column":6},"end":{"line":167,"column":7}},{"start":{},"end":{}}],"line":165},"20":{"loc":{"start":{"line":172,"column":4},"end":{"line":183,"column":5}},"type":"if","locations":[{"start":{"line":172,"column":4},"end":{"line":183,"column":5}},{"start":{"line":179,"column":11},"end":{"line":183,"column":5}}],"line":172},"21":{"loc":{"start":{"line":174,"column":6},"end":{"line":176,"column":7}},"type":"if","locations":[{"start":{"line":174,"column":6},"end":{"line":176,"column":7}},{"start":{},"end":{}}],"line":174},"22":{"loc":{"start":{"line":179,"column":11},"end":{"line":183,"column":5}},"type":"if","locations":[{"start":{"line":179,"column":11},"end":{"line":183,"column":5}},{"start":{"line":181,"column":11},"end":{"line":183,"column":5}}],"line":179}},"s":{"0":2,"1":2,"2":1,"3":2,"4":0,"5":0,"6":0,"7":0,"8":0,"9":2,"10":10,"11":10,"12":10,"13":10,"14":0,"15":0,"16":2,"17":0,"18":0,"19":0,"20":0,"21":0,"22":0,"23":0,"24":0,"25":0,"26":0,"27":0,"28":0,"29":0,"30":0,"31":0,"32":0,"33":0,"34":0,"35":0,"36":0,"37":0,"38":0,"39":2,"40":8,"41":8,"42":8,"43":2,"44":8,"45":1,"46":1,"47":1,"48":1,"49":1,"50":8,"51":8,"52":5,"53":5,"54":0,"55":5,"56":5,"57":3,"58":3,"59":2,"60":2,"61":2,"62":1,"63":0,"64":1,"65":2},"f":{"0":1,"1":0,"2":10,"3":10,"4":0,"5":8},"b":{"0":[1,0],"1":[1,0],"2":[1,0],"3":[1,0],"4":[1,0],"5":[1,0],"6":[1,0],"7":[1,0],"8":[1,0],"9":[1,0],"10":[0,0],"11":[0],"12":[0,0],"13":[0,0],"14":[8],"15":[2,6],"16":[8,3],"17":[1,7],"18":[0,5],"19":[5,0],"20":[2,1],"21":[2,0],"22":[0,1]},"_coverageSchema":"1a1c01bbd47fc00a2c39e90264f33305004495a9","hash":"57948e75d82fd2274ea57594b62779a699e3620a"}
}
