TN:
SF:routes\auth.js
FN:7,(anonymous_0)
FN:14,(anonymous_1)
FN:30,(anonymous_2)
FN:49,(anonymous_3)
FNF:4
FNH:4
FNDA:23,(anonymous_0)
FNDA:3,(anonymous_1)
FNDA:7,(anonymous_2)
FNDA:12,(anonymous_3)
DA:1,1
DA:2,1
DA:3,1
DA:5,1
DA:7,1
DA:9,23
DA:15,3
DA:16,3
DA:17,3
DA:18,1
DA:19,2
DA:20,1
DA:22,3
DA:30,23
DA:31,7
DA:33,7
DA:34,7
DA:36,2
DA:39,2
DA:40,2
DA:49,23
DA:51,12
DA:52,1
DA:56,11
DA:57,11
DA:60,11
DA:61,0
DA:65,11
DA:68,23
LF:29
LH:28
BRDA:17,0,0,1
BRDA:17,0,1,2
BRDA:19,1,0,1
BRDA:19,1,1,1
BRDA:39,2,0,2
BRDA:39,2,1,0
BRDA:51,3,0,1
BRDA:51,3,1,11
BRDA:51,4,0,12
BRDA:51,4,1,12
BRDA:60,5,0,0
BRDA:60,5,1,11
BRDA:60,6,0,11
BRDA:60,6,1,4
BRF:14
BRH:12
end_of_record
TN:
SF:routes\employee.js
FN:9,(anonymous_0)
FN:15,(anonymous_1)
FN:25,(anonymous_2)
FN:41,(anonymous_3)
FN:42,(anonymous_4)
FN:51,(anonymous_5)
FN:60,(anonymous_6)
FN:69,(anonymous_7)
FN:78,(anonymous_8)
FN:87,(anonymous_9)
FN:96,(anonymous_10)
FN:105,(anonymous_11)
FN:114,(anonymous_12)
FN:126,(anonymous_13)
FN:127,(anonymous_14)
FN:136,(anonymous_15)
FN:145,(anonymous_16)
FN:154,(anonymous_17)
FN:163,(anonymous_18)
FN:172,(anonymous_19)
FN:181,(anonymous_20)
FN:190,(anonymous_21)
FN:199,(anonymous_22)
FN:208,(anonymous_23)
FN:218,(anonymous_24)
FNF:25
FNH:25
FNDA:43,(anonymous_0)
FNDA:2,(anonymous_1)
FNDA:19,(anonymous_2)
FNDA:43,(anonymous_3)
FNDA:1,(anonymous_4)
FNDA:1,(anonymous_5)
FNDA:1,(anonymous_6)
FNDA:1,(anonymous_7)
FNDA:2,(anonymous_8)
FNDA:1,(anonymous_9)
FNDA:1,(anonymous_10)
FNDA:2,(anonymous_11)
FNDA:2,(anonymous_12)
FNDA:43,(anonymous_13)
FNDA:2,(anonymous_14)
FNDA:2,(anonymous_15)
FNDA:2,(anonymous_16)
FNDA:2,(anonymous_17)
FNDA:2,(anonymous_18)
FNDA:3,(anonymous_19)
FNDA:2,(anonymous_20)
FNDA:2,(anonymous_21)
FNDA:3,(anonymous_22)
FNDA:3,(anonymous_23)
FNDA:43,(anonymous_24)
DA:1,1
DA:2,1
DA:3,1
DA:4,1
DA:6,1
DA:7,1
DA:9,1
DA:10,43
DA:16,2
DA:17,2
DA:25,1
DA:26,19
DA:27,19
DA:28,18
DA:29,18
DA:30,16
DA:31,2
DA:32,1
DA:34,18
DA:41,1
DA:42,43
DA:43,1
DA:44,1
DA:45,1
DA:47,0
DA:51,43
DA:52,1
DA:53,1
DA:54,1
DA:56,0
DA:60,43
DA:61,1
DA:62,1
DA:63,1
DA:65,0
DA:69,43
DA:70,1
DA:71,1
DA:72,1
DA:74,0
DA:78,43
DA:79,2
DA:80,2
DA:81,2
DA:83,1
DA:87,43
DA:88,1
DA:89,1
DA:90,1
DA:92,0
DA:96,43
DA:97,1
DA:98,1
DA:99,1
DA:101,0
DA:105,43
DA:106,2
DA:107,2
DA:108,2
DA:110,1
DA:114,43
DA:115,2
DA:116,2
DA:117,2
DA:121,1
DA:126,1
DA:127,43
DA:128,2
DA:129,2
DA:130,2
DA:132,1
DA:136,43
DA:137,2
DA:138,2
DA:139,2
DA:141,1
DA:145,43
DA:146,2
DA:147,2
DA:148,2
DA:150,1
DA:154,43
DA:155,2
DA:156,2
DA:157,2
DA:159,1
DA:163,43
DA:164,2
DA:165,2
DA:166,2
DA:168,1
DA:172,43
DA:173,3
DA:174,3
DA:175,3
DA:177,2
DA:181,43
DA:182,2
DA:183,2
DA:184,2
DA:186,1
DA:190,43
DA:191,2
DA:192,2
DA:193,2
DA:195,1
DA:199,43
DA:200,3
DA:201,3
DA:202,3
DA:204,2
DA:208,43
DA:209,3
DA:210,3
DA:211,3
DA:213,2
DA:218,1
DA:219,43
DA:221,43
DA:222,43
DA:224,43
DA:225,43
DA:226,43
DA:227,43
DA:228,43
DA:229,43
DA:230,43
DA:231,43
DA:233,43
DA:236,1
LF:130
LH:124
BRDA:19,0,0,2
BRDA:19,0,1,1
BRDA:19,0,2,0
BRDA:25,1,0,16
BRDA:26,2,0,19
BRDA:26,2,1,19
BRDA:27,3,0,18
BRDA:27,3,1,1
BRDA:29,4,0,16
BRDA:29,4,1,2
BRDA:31,5,0,1
BRDA:31,5,1,1
BRF:12
BRH:11
end_of_record
TN:
SF:routes\payroll.js
FN:10,(anonymous_0)
FN:16,(anonymous_1)
FN:29,(anonymous_2)
FN:43,(anonymous_3)
FN:44,(anonymous_4)
FN:53,(anonymous_5)
FN:61,(anonymous_6)
FN:69,(anonymous_7)
FN:77,(anonymous_8)
FN:89,(anonymous_9)
FN:90,(anonymous_10)
FN:99,(anonymous_11)
FN:107,(anonymous_12)
FN:115,(anonymous_13)
FN:123,(anonymous_14)
FN:135,(anonymous_15)
FN:136,(anonymous_16)
FN:145,(anonymous_17)
FN:154,(anonymous_18)
FN:163,(anonymous_19)
FN:171,(anonymous_20)
FN:183,(anonymous_21)
FN:184,(anonymous_22)
FN:193,(anonymous_23)
FN:202,(anonymous_24)
FN:211,(anonymous_25)
FN:223,(anonymous_26)
FNF:27
FNH:27
FNDA:32,(anonymous_0)
FNDA:2,(anonymous_1)
FNDA:7,(anonymous_2)
FNDA:32,(anonymous_3)
FNDA:2,(anonymous_4)
FNDA:2,(anonymous_5)
FNDA:1,(anonymous_6)
FNDA:1,(anonymous_7)
FNDA:1,(anonymous_8)
FNDA:32,(anonymous_9)
FNDA:1,(anonymous_10)
FNDA:2,(anonymous_11)
FNDA:1,(anonymous_12)
FNDA:1,(anonymous_13)
FNDA:1,(anonymous_14)
FNDA:32,(anonymous_15)
FNDA:1,(anonymous_16)
FNDA:1,(anonymous_17)
FNDA:2,(anonymous_18)
FNDA:1,(anonymous_19)
FNDA:1,(anonymous_20)
FNDA:32,(anonymous_21)
FNDA:1,(anonymous_22)
FNDA:1,(anonymous_23)
FNDA:2,(anonymous_24)
FNDA:1,(anonymous_25)
FNDA:32,(anonymous_26)
DA:1,1
DA:2,1
DA:3,1
DA:5,1
DA:10,1
DA:11,32
DA:17,2
DA:18,2
DA:29,1
DA:30,7
DA:32,7
DA:33,6
DA:43,1
DA:44,32
DA:45,2
DA:46,2
DA:47,2
DA:49,1
DA:53,32
DA:54,2
DA:55,2
DA:57,1
DA:61,32
DA:62,1
DA:63,1
DA:65,0
DA:69,32
DA:70,1
DA:71,1
DA:73,0
DA:77,32
DA:78,1
DA:79,1
DA:81,0
DA:89,1
DA:90,32
DA:91,1
DA:92,1
DA:93,1
DA:95,0
DA:99,32
DA:100,2
DA:101,2
DA:103,1
DA:107,32
DA:108,1
DA:109,1
DA:111,0
DA:115,32
DA:116,1
DA:117,1
DA:119,0
DA:123,32
DA:124,1
DA:125,1
DA:127,0
DA:135,1
DA:136,32
DA:137,1
DA:138,1
DA:139,1
DA:141,0
DA:145,32
DA:146,1
DA:147,1
DA:148,1
DA:150,0
DA:154,32
DA:155,2
DA:156,2
DA:157,2
DA:159,1
DA:163,32
DA:164,1
DA:165,1
DA:167,0
DA:171,32
DA:172,1
DA:173,1
DA:175,0
DA:183,1
DA:184,32
DA:185,1
DA:186,1
DA:187,1
DA:189,0
DA:193,32
DA:194,1
DA:195,1
DA:196,1
DA:198,0
DA:202,32
DA:203,2
DA:204,2
DA:205,2
DA:207,1
DA:211,32
DA:212,1
DA:213,1
DA:215,0
DA:223,1
DA:225,32
DA:228,32
DA:229,32
DA:230,32
DA:231,32
DA:234,32
DA:235,32
DA:236,32
DA:237,32
DA:238,32
DA:240,32
DA:243,1
LF:113
LH:99
BRDA:29,0,0,5
BRDA:32,1,0,6
BRDA:32,1,1,1
BRF:3
BRH:3
end_of_record
TN:
SF:utils\requestHandler.js
FN:7,(anonymous_0)
FN:35,(anonymous_1)
FN:50,(anonymous_2)
FN:54,(anonymous_3)
FN:67,(anonymous_4)
FN:123,(anonymous_5)
FNF:6
FNH:6
FNDA:11,(anonymous_0)
FNDA:9,(anonymous_1)
FNDA:5,(anonymous_2)
FNDA:4,(anonymous_3)
FNDA:9,(anonymous_4)
FNDA:25,(anonymous_5)
DA:2,1
DA:7,1
DA:8,11
DA:35,1
DA:36,9
DA:39,9
DA:40,8
DA:41,8
DA:44,1
DA:50,1
DA:51,5
DA:52,5
DA:54,4
DA:57,3
DA:59,2
DA:60,2
DA:67,1
DA:68,9
DA:69,9
DA:71,9
DA:74,9
DA:76,9
DA:77,3
DA:78,3
DA:81,6
DA:83,6
DA:85,6
DA:86,6
DA:87,2
DA:89,4
DA:91,4
DA:93,4
DA:94,4
DA:97,2
DA:99,2
DA:100,2
DA:101,2
DA:104,2
DA:105,2
DA:123,1
DA:124,25
DA:125,25
DA:138,25
DA:139,2
DA:143,25
DA:144,1
DA:145,1
DA:146,1
DA:150,1
DA:151,1
DA:157,25
DA:158,25
DA:159,13
DA:162,13
DA:163,1
DA:166,12
DA:167,11
DA:171,12
DA:173,12
DA:175,4
DA:176,3
DA:179,4
DA:180,8
DA:182,0
DA:185,8
DA:190,1
LF:66
LH:65
BRDA:10,0,0,11
BRDA:10,0,1,10
BRDA:11,1,0,11
BRDA:11,1,1,10
BRDA:14,2,0,11
BRDA:14,2,1,10
BRDA:15,3,0,11
BRDA:15,3,1,10
BRDA:18,4,0,11
BRDA:18,4,1,10
BRDA:19,5,0,11
BRDA:19,5,1,10
BRDA:22,6,0,11
BRDA:22,6,1,10
BRDA:23,7,0,11
BRDA:23,7,1,10
BRDA:26,8,0,11
BRDA:26,8,1,10
BRDA:27,9,0,11
BRDA:27,9,1,10
BRDA:39,10,0,8
BRDA:39,10,1,1
BRDA:57,11,0,3
BRDA:57,11,1,3
BRDA:67,12,0,9
BRDA:76,13,0,3
BRDA:76,13,1,6
BRDA:104,14,0,2
BRDA:104,14,1,0
BRDA:123,15,0,11
BRDA:138,16,0,2
BRDA:138,16,1,23
BRDA:138,17,0,25
BRDA:138,17,1,3
BRDA:143,18,0,1
BRDA:143,18,1,24
BRDA:162,19,0,1
BRDA:162,19,1,12
BRDA:166,20,0,11
BRDA:166,20,1,1
BRDA:173,21,0,4
BRDA:173,21,1,8
BRDA:175,22,0,3
BRDA:175,22,1,1
BRDA:180,23,0,0
BRDA:180,23,1,8
BRF:46
BRH:44
end_of_record
