TN:
SF:index.js
FN:70,(anonymous_0)
FN:79,(anonymous_1)
FN:98,(anonymous_2)
FN:105,(anonymous_3)
FN:110,(anonymous_4)
FN:120,(anonymous_5)
FN:130,(anonymous_6)
FN:132,(anonymous_7)
FN:140,(anonymous_8)
FN:179,(anonymous_9)
FN:203,(anonymous_10)
FN:209,(anonymous_11)
FN:218,(anonymous_12)
FN:219,(anonymous_13)
FNF:14
FNH:12
FNDA:30,(anonymous_0)
FNDA:30,(anonymous_1)
FNDA:30,(anonymous_2)
FNDA:1,(anonymous_3)
FNDA:1,(anonymous_4)
FNDA:1,(anonymous_5)
FNDA:24,(anonymous_6)
FNDA:4,(anonymous_7)
FNDA:15,(anonymous_8)
FNDA:30,(anonymous_9)
FNDA:0,(anonymous_10)
FNDA:0,(anonymous_11)
FNDA:3,(anonymous_12)
FNDA:3,(anonymous_13)
DA:54,1
DA:55,1
DA:56,1
DA:57,1
DA:60,1
DA:63,1
DA:64,1
DA:65,1
DA:70,1
DA:71,30
DA:72,30
DA:73,30
DA:79,1
DA:80,30
DA:81,30
DA:82,30
DA:84,30
DA:85,30
DA:86,30
DA:88,30
DA:98,1
DA:100,30
DA:101,30
DA:102,30
DA:105,30
DA:106,1
DA:110,30
DA:111,1
DA:112,1
DA:120,30
DA:121,1
DA:130,1
DA:132,24
DA:133,4
DA:140,24
DA:141,15
DA:143,15
DA:146,15
DA:148,14
DA:150,13
DA:151,5
DA:154,8
DA:155,2
DA:159,6
DA:164,1
DA:169,1
DA:172,15
DA:179,1
DA:180,30
DA:183,30
DA:184,30
DA:185,30
DA:188,30
DA:189,29
DA:192,30
DA:194,30
DA:195,21
DA:197,9
DA:200,30
DA:203,1
DA:204,0
DA:205,0
DA:206,0
DA:209,1
DA:210,0
DA:211,0
DA:212,0
DA:218,1
DA:219,3
DA:220,3
DA:225,1
DA:226,0
DA:227,0
DA:230,1
LF:74
LH:66
BRDA:80,0,0,30
BRDA:80,0,1,0
BRDA:81,1,0,30
BRDA:81,1,1,0
BRDA:82,2,0,30
BRDA:82,2,1,0
BRDA:146,3,0,14
BRDA:146,3,1,1
BRDA:148,4,0,13
BRDA:148,4,1,1
BRDA:150,5,0,5
BRDA:150,5,1,8
BRDA:154,6,0,2
BRDA:154,6,1,6
BRDA:179,7,0,4
BRDA:188,8,0,29
BRDA:188,8,1,1
BRDA:194,9,0,21
BRDA:194,9,1,9
BRDA:218,10,0,2
BRDA:218,11,0,2
BRDA:218,11,1,1
BRDA:225,12,0,0
BRDA:225,12,1,1
BRF:24
BRH:20
end_of_record
TN:
SF:routes\auth.js
FN:7,(anonymous_0)
FN:14,(anonymous_1)
FN:24,(anonymous_2)
FN:43,(anonymous_3)
FNF:4
FNH:3
FNDA:16,(anonymous_0)
FNDA:0,(anonymous_1)
FNDA:5,(anonymous_2)
FNDA:12,(anonymous_3)
DA:1,1
DA:2,1
DA:3,1
DA:5,1
DA:7,1
DA:9,16
DA:15,0
DA:16,0
DA:24,16
DA:25,5
DA:27,5
DA:28,5
DA:30,0
DA:33,0
DA:34,0
DA:43,16
DA:45,12
DA:46,1
DA:50,11
DA:51,11
DA:54,11
DA:55,0
DA:59,11
DA:62,16
LF:24
LH:18
BRDA:33,0,0,0
BRDA:33,0,1,0
BRDA:45,1,0,1
BRDA:45,1,1,11
BRDA:45,2,0,12
BRDA:45,2,1,12
BRDA:54,3,0,0
BRDA:54,3,1,11
BRDA:54,4,0,11
BRDA:54,4,1,4
BRF:10
BRH:7
end_of_record
TN:
SF:routes\employee.js
FN:137,(anonymous_0)
FN:143,(anonymous_1)
FN:153,(anonymous_2)
FN:169,(anonymous_3)
FN:170,(anonymous_4)
FN:179,(anonymous_5)
FN:188,(anonymous_6)
FN:197,(anonymous_7)
FN:206,(anonymous_8)
FN:215,(anonymous_9)
FN:224,(anonymous_10)
FN:233,(anonymous_11)
FN:242,(anonymous_12)
FN:254,(anonymous_13)
FN:255,(anonymous_14)
FN:264,(anonymous_15)
FN:273,(anonymous_16)
FN:282,(anonymous_17)
FN:291,(anonymous_18)
FN:300,(anonymous_19)
FN:309,(anonymous_20)
FN:318,(anonymous_21)
FN:327,(anonymous_22)
FN:336,(anonymous_23)
FN:346,(anonymous_24)
FNF:25
FNH:25
FNDA:43,(anonymous_0)
FNDA:2,(anonymous_1)
FNDA:19,(anonymous_2)
FNDA:43,(anonymous_3)
FNDA:1,(anonymous_4)
FNDA:1,(anonymous_5)
FNDA:1,(anonymous_6)
FNDA:1,(anonymous_7)
FNDA:2,(anonymous_8)
FNDA:1,(anonymous_9)
FNDA:1,(anonymous_10)
FNDA:2,(anonymous_11)
FNDA:2,(anonymous_12)
FNDA:43,(anonymous_13)
FNDA:2,(anonymous_14)
FNDA:2,(anonymous_15)
FNDA:2,(anonymous_16)
FNDA:2,(anonymous_17)
FNDA:2,(anonymous_18)
FNDA:3,(anonymous_19)
FNDA:2,(anonymous_20)
FNDA:2,(anonymous_21)
FNDA:3,(anonymous_22)
FNDA:3,(anonymous_23)
FNDA:43,(anonymous_24)
DA:129,1
DA:130,1
DA:131,1
DA:132,1
DA:134,1
DA:135,1
DA:137,1
DA:138,43
DA:144,2
DA:145,2
DA:153,1
DA:154,19
DA:155,19
DA:156,18
DA:157,18
DA:158,16
DA:159,2
DA:160,1
DA:162,18
DA:169,1
DA:170,43
DA:171,1
DA:172,1
DA:173,1
DA:175,0
DA:179,43
DA:180,1
DA:181,1
DA:182,1
DA:184,0
DA:188,43
DA:189,1
DA:190,1
DA:191,1
DA:193,0
DA:197,43
DA:198,1
DA:199,1
DA:200,1
DA:202,0
DA:206,43
DA:207,2
DA:208,2
DA:209,2
DA:211,1
DA:215,43
DA:216,1
DA:217,1
DA:218,1
DA:220,0
DA:224,43
DA:225,1
DA:226,1
DA:227,1
DA:229,0
DA:233,43
DA:234,2
DA:235,2
DA:236,2
DA:238,1
DA:242,43
DA:243,2
DA:244,2
DA:245,2
DA:249,1
DA:254,1
DA:255,43
DA:256,2
DA:257,2
DA:258,2
DA:260,1
DA:264,43
DA:265,2
DA:266,2
DA:267,2
DA:269,1
DA:273,43
DA:274,2
DA:275,2
DA:276,2
DA:278,1
DA:282,43
DA:283,2
DA:284,2
DA:285,2
DA:287,1
DA:291,43
DA:292,2
DA:293,2
DA:294,2
DA:296,1
DA:300,43
DA:301,3
DA:302,3
DA:303,3
DA:305,2
DA:309,43
DA:310,2
DA:311,2
DA:312,2
DA:314,1
DA:318,43
DA:319,2
DA:320,2
DA:321,2
DA:323,1
DA:327,43
DA:328,3
DA:329,3
DA:330,3
DA:332,2
DA:336,43
DA:337,3
DA:338,3
DA:339,3
DA:341,2
DA:346,1
DA:347,43
DA:349,43
DA:350,43
DA:352,43
DA:353,43
DA:354,43
DA:355,43
DA:356,43
DA:357,43
DA:358,43
DA:359,43
DA:361,43
DA:364,1
LF:130
LH:124
BRDA:147,0,0,2
BRDA:147,0,1,1
BRDA:147,0,2,0
BRDA:153,1,0,16
BRDA:154,2,0,19
BRDA:154,2,1,19
BRDA:155,3,0,18
BRDA:155,3,1,1
BRDA:157,4,0,16
BRDA:157,4,1,2
BRDA:159,5,0,1
BRDA:159,5,1,1
BRF:12
BRH:11
end_of_record
TN:
SF:routes\payroll.js
FN:10,(anonymous_0)
FN:16,(anonymous_1)
FN:29,(anonymous_2)
FN:43,(anonymous_3)
FN:44,(anonymous_4)
FN:53,(anonymous_5)
FN:61,(anonymous_6)
FN:69,(anonymous_7)
FN:77,(anonymous_8)
FN:89,(anonymous_9)
FN:90,(anonymous_10)
FN:99,(anonymous_11)
FN:107,(anonymous_12)
FN:115,(anonymous_13)
FN:123,(anonymous_14)
FN:135,(anonymous_15)
FN:136,(anonymous_16)
FN:145,(anonymous_17)
FN:154,(anonymous_18)
FN:163,(anonymous_19)
FN:171,(anonymous_20)
FN:183,(anonymous_21)
FN:184,(anonymous_22)
FN:193,(anonymous_23)
FN:202,(anonymous_24)
FN:211,(anonymous_25)
FN:223,(anonymous_26)
FNF:27
FNH:27
FNDA:32,(anonymous_0)
FNDA:2,(anonymous_1)
FNDA:7,(anonymous_2)
FNDA:32,(anonymous_3)
FNDA:2,(anonymous_4)
FNDA:2,(anonymous_5)
FNDA:1,(anonymous_6)
FNDA:1,(anonymous_7)
FNDA:1,(anonymous_8)
FNDA:32,(anonymous_9)
FNDA:1,(anonymous_10)
FNDA:2,(anonymous_11)
FNDA:1,(anonymous_12)
FNDA:1,(anonymous_13)
FNDA:1,(anonymous_14)
FNDA:32,(anonymous_15)
FNDA:1,(anonymous_16)
FNDA:1,(anonymous_17)
FNDA:2,(anonymous_18)
FNDA:1,(anonymous_19)
FNDA:1,(anonymous_20)
FNDA:32,(anonymous_21)
FNDA:1,(anonymous_22)
FNDA:1,(anonymous_23)
FNDA:2,(anonymous_24)
FNDA:1,(anonymous_25)
FNDA:32,(anonymous_26)
DA:1,1
DA:2,1
DA:3,1
DA:5,1
DA:10,1
DA:11,32
DA:17,2
DA:18,2
DA:29,1
DA:30,7
DA:32,7
DA:33,6
DA:43,1
DA:44,32
DA:45,2
DA:46,2
DA:47,2
DA:49,1
DA:53,32
DA:54,2
DA:55,2
DA:57,1
DA:61,32
DA:62,1
DA:63,1
DA:65,0
DA:69,32
DA:70,1
DA:71,1
DA:73,0
DA:77,32
DA:78,1
DA:79,1
DA:81,0
DA:89,1
DA:90,32
DA:91,1
DA:92,1
DA:93,1
DA:95,0
DA:99,32
DA:100,2
DA:101,2
DA:103,1
DA:107,32
DA:108,1
DA:109,1
DA:111,0
DA:115,32
DA:116,1
DA:117,1
DA:119,0
DA:123,32
DA:124,1
DA:125,1
DA:127,0
DA:135,1
DA:136,32
DA:137,1
DA:138,1
DA:139,1
DA:141,0
DA:145,32
DA:146,1
DA:147,1
DA:148,1
DA:150,0
DA:154,32
DA:155,2
DA:156,2
DA:157,2
DA:159,1
DA:163,32
DA:164,1
DA:165,1
DA:167,0
DA:171,32
DA:172,1
DA:173,1
DA:175,0
DA:183,1
DA:184,32
DA:185,1
DA:186,1
DA:187,1
DA:189,0
DA:193,32
DA:194,1
DA:195,1
DA:196,1
DA:198,0
DA:202,32
DA:203,2
DA:204,2
DA:205,2
DA:207,1
DA:211,32
DA:212,1
DA:213,1
DA:215,0
DA:223,1
DA:225,32
DA:228,32
DA:229,32
DA:230,32
DA:231,32
DA:234,32
DA:235,32
DA:236,32
DA:237,32
DA:238,32
DA:240,32
DA:243,1
LF:113
LH:99
BRDA:29,0,0,5
BRDA:32,1,0,6
BRDA:32,1,1,1
BRF:3
BRH:3
end_of_record
TN:
SF:services\healthChecker.js
FN:4,(anonymous_0)
FN:10,(anonymous_1)
FN:39,(anonymous_2)
FN:49,(anonymous_3)
FN:54,(anonymous_4)
FN:63,(anonymous_5)
FNF:6
FNH:6
FNDA:2,(anonymous_0)
FNDA:17,(anonymous_1)
FNDA:8,(anonymous_2)
FNDA:3,(anonymous_3)
FNDA:46,(anonymous_4)
FNDA:5,(anonymous_5)
DA:1,2
DA:5,2
DA:6,2
DA:7,2
DA:11,17
DA:12,17
DA:13,32
DA:15,32
DA:16,31
DA:22,31
DA:23,31
DA:29,31
DA:30,31
DA:31,31
DA:34,1
DA:40,8
DA:42,6
DA:43,6
DA:46,6
DA:49,6
DA:50,3
DA:55,46
DA:56,6
DA:57,6
DA:58,6
DA:60,46
DA:64,5
DA:66,5
DA:67,16
DA:70,5
DA:74,2
LF:31
LH:31
BRDA:6,0,0,2
BRDA:6,0,1,1
BRDA:30,1,0,30
BRDA:30,1,1,1
BRDA:31,2,0,27
BRDA:31,2,1,4
BRDA:40,3,0,2
BRDA:40,3,1,6
BRDA:55,4,0,6
BRDA:55,4,1,40
BRF:10
BRH:10
end_of_record
TN:
SF:utils\requestHandler.js
FN:7,(anonymous_0)
FN:35,(anonymous_1)
FN:50,(anonymous_2)
FN:54,(anonymous_3)
FN:67,(anonymous_4)
FN:123,(anonymous_5)
FNF:6
FNH:6
FNDA:11,(anonymous_0)
FNDA:9,(anonymous_1)
FNDA:5,(anonymous_2)
FNDA:4,(anonymous_3)
FNDA:9,(anonymous_4)
FNDA:25,(anonymous_5)
DA:2,1
DA:7,1
DA:8,11
DA:35,1
DA:36,9
DA:39,9
DA:40,8
DA:41,8
DA:44,1
DA:50,1
DA:51,5
DA:52,5
DA:54,4
DA:57,3
DA:59,2
DA:60,2
DA:67,1
DA:68,9
DA:69,9
DA:71,9
DA:74,9
DA:76,9
DA:77,3
DA:78,3
DA:81,6
DA:83,6
DA:85,6
DA:86,6
DA:87,2
DA:89,4
DA:91,4
DA:93,4
DA:94,4
DA:97,2
DA:99,2
DA:100,2
DA:101,2
DA:104,2
DA:105,2
DA:123,1
DA:124,25
DA:125,25
DA:138,25
DA:139,2
DA:143,25
DA:144,1
DA:145,1
DA:146,1
DA:150,1
DA:151,1
DA:157,25
DA:158,25
DA:159,13
DA:162,13
DA:163,1
DA:166,12
DA:167,11
DA:171,12
DA:173,12
DA:175,4
DA:176,3
DA:179,4
DA:180,8
DA:182,0
DA:185,8
DA:190,1
LF:66
LH:65
BRDA:10,0,0,11
BRDA:10,0,1,10
BRDA:11,1,0,11
BRDA:11,1,1,10
BRDA:14,2,0,11
BRDA:14,2,1,10
BRDA:15,3,0,11
BRDA:15,3,1,10
BRDA:18,4,0,11
BRDA:18,4,1,10
BRDA:19,5,0,11
BRDA:19,5,1,10
BRDA:22,6,0,11
BRDA:22,6,1,10
BRDA:23,7,0,11
BRDA:23,7,1,10
BRDA:26,8,0,11
BRDA:26,8,1,10
BRDA:27,9,0,11
BRDA:27,9,1,10
BRDA:39,10,0,8
BRDA:39,10,1,1
BRDA:57,11,0,3
BRDA:57,11,1,3
BRDA:67,12,0,9
BRDA:76,13,0,3
BRDA:76,13,1,6
BRDA:104,14,0,2
BRDA:104,14,1,0
BRDA:123,15,0,11
BRDA:138,16,0,2
BRDA:138,16,1,23
BRDA:138,17,0,25
BRDA:138,17,1,3
BRDA:143,18,0,1
BRDA:143,18,1,24
BRDA:162,19,0,1
BRDA:162,19,1,12
BRDA:166,20,0,11
BRDA:166,20,1,1
BRDA:173,21,0,4
BRDA:173,21,1,8
BRDA:175,22,0,3
BRDA:175,22,1,1
BRDA:180,23,0,0
BRDA:180,23,1,8
BRF:46
BRH:44
end_of_record
