{"numFailedTestSuites":0,"numFailedTests":0,"numPassedTestSuites":6,"numPassedTests":170,"numPendingTestSuites":0,"numPendingTests":0,"numRuntimeErrorTestSuites":0,"numTodoTests":0,"numTotalTestSuites":6,"numTotalTests":170,"openHandles":[],"snapshot":{"added":0,"didUpdate":false,"failure":false,"filesAdded":0,"filesRemoved":0,"filesRemovedList":[],"filesUnmatched":0,"filesUpdated":0,"matched":0,"total":0,"unchecked":0,"uncheckedKeysByFile":[],"unmatched":0,"updated":0},"startTime":1753393497423,"success":true,"testResults":[{"assertionResults":[{"ancestorTitles":["HealthChecker","Constructor"],"duration":10,"failing":false,"failureDetails":[],"failureMessages":[],"fullName":"HealthChecker Constructor Harus menginisialisasi dengan nilai default yang benar","invocations":1,"location":null,"numPassingAsserts":3,"retryReasons":[],"startAt":1753393498677,"status":"passed","title":"Harus menginisialisasi dengan nilai default yang benar"},{"ancestorTitles":["HealthChecker","Constructor"],"duration":3,"failing":false,"failureDetails":[],"failureMessages":[],"fullName":"HealthChecker Constructor Harus menggunakan environment variable untuk check interval","invocations":1,"location":null,"numPassingAsserts":1,"retryReasons":[],"startAt":1753393498688,"status":"passed","title":"Harus menggunakan environment variable untuk check interval"},{"ancestorTitles":["HealthChecker","checkAllServices"],"duration":6,"failing":false,"failureDetails":[],"failureMessages":[],"fullName":"HealthChecker checkAllServices Harus mengecek semua service dan menyimpan status","invocations":1,"location":null,"numPassingAsserts":10,"retryReasons":[],"startAt":1753393498691,"status":"passed","title":"Harus mengecek semua service dan menyimpan status"},{"ancestorTitles":["HealthChecker","checkAllServices"],"duration":2,"failing":false,"failureDetails":[],"failureMessages":[],"fullName":"HealthChecker checkAllServices Harus mencatat log untuk setiap service check","invocations":1,"location":null,"numPassingAsserts":6,"retryReasons":[],"startAt":1753393498698,"status":"passed","title":"Harus mencatat log untuk setiap service check"},{"ancestorTitles":["HealthChecker","checkAllServices"],"duration":2,"failing":false,"failureDetails":[],"failureMessages":[],"fullName":"HealthChecker checkAllServices Harus menyimpan timestamp lastCheck untuk setiap service","invocations":1,"location":null,"numPassingAsserts":3,"retryReasons":[],"startAt":1753393498700,"status":"passed","title":"Harus menyimpan timestamp lastCheck untuk setiap service"},{"ancestorTitles":["HealthChecker","checkAllServices"],"duration":1,"failing":false,"failureDetails":[],"failureMessages":[],"fullName":"HealthChecker checkAllServices Harus menyimpan URL service yang benar","invocations":1,"location":null,"numPassingAsserts":4,"retryReasons":[],"startAt":1753393498703,"status":"passed","title":"Harus menyimpan URL service yang benar"},{"ancestorTitles":["HealthChecker","startMonitoring"],"duration":96,"failing":false,"failureDetails":[],"failureMessages":[],"fullName":"HealthChecker startMonitoring Harus memulai monitoring dengan interval yang benar","invocations":1,"location":null,"numPassingAsserts":4,"retryReasons":[],"startAt":1753393498704,"status":"passed","title":"Harus memulai monitoring dengan interval yang benar"},{"ancestorTitles":["HealthChecker","startMonitoring"],"duration":5,"failing":false,"failureDetails":[],"failureMessages":[],"fullName":"HealthChecker startMonitoring Tidak harus memulai monitoring jika sudah berjalan","invocations":1,"location":null,"numPassingAsserts":1,"retryReasons":[],"startAt":1753393498800,"status":"passed","title":"Tidak harus memulai monitoring jika sudah berjalan"},{"ancestorTitles":["HealthChecker","stopMonitoring"],"duration":21,"failing":false,"failureDetails":[],"failureMessages":[],"fullName":"HealthChecker stopMonitoring Harus menghentikan monitoring yang sedang berjalan","invocations":1,"location":null,"numPassingAsserts":4,"retryReasons":[],"startAt":1753393498805,"status":"passed","title":"Harus menghentikan monitoring yang sedang berjalan"},{"ancestorTitles":["HealthChecker","stopMonitoring"],"duration":2,"failing":false,"failureDetails":[],"failureMessages":[],"fullName":"HealthChecker stopMonitoring Harus menghapus interval ID setelah stop","invocations":1,"location":null,"numPassingAsserts":1,"retryReasons":[],"startAt":1753393498827,"status":"passed","title":"Harus menghapus interval ID setelah stop"},{"ancestorTitles":["HealthChecker","stopMonitoring"],"duration":6,"failing":false,"failureDetails":[],"failureMessages":[],"fullName":"HealthChecker stopMonitoring Tidak harus melakukan apa-apa jika monitoring belum dimulai","invocations":1,"location":null,"numPassingAsserts":1,"retryReasons":[],"startAt":1753393498830,"status":"passed","title":"Tidak harus melakukan apa-apa jika monitoring belum dimulai"},{"ancestorTitles":["HealthChecker","getServiceStatus"],"duration":8,"failing":false,"failureDetails":[],"failureMessages":[],"fullName":"HealthChecker getServiceStatus Harus mengembalikan status semua service","invocations":1,"location":null,"numPassingAsserts":9,"retryReasons":[],"startAt":1753393498837,"status":"passed","title":"Harus mengembalikan status semua service"},{"ancestorTitles":["HealthChecker","getServiceStatus"],"duration":1,"failing":false,"failureDetails":[],"failureMessages":[],"fullName":"HealthChecker getServiceStatus Harus mengembalikan objek kosong jika belum ada status","invocations":1,"location":null,"numPassingAsserts":1,"retryReasons":[],"startAt":1753393498845,"status":"passed","title":"Harus mengembalikan objek kosong jika belum ada status"},{"ancestorTitles":["HealthChecker","getServiceStatus"],"duration":4,"failing":false,"failureDetails":[],"failureMessages":[],"fullName":"HealthChecker getServiceStatus Harus mengembalikan copy dari status, bukan reference langsung","invocations":1,"location":null,"numPassingAsserts":3,"retryReasons":[],"startAt":1753393498846,"status":"passed","title":"Harus mengembalikan copy dari status, bukan reference langsung"},{"ancestorTitles":["HealthChecker","Edge Cases"],"duration":1,"failing":false,"failureDetails":[],"failureMessages":[],"fullName":"HealthChecker Edge Cases Harus menangani service mapping yang kosong","invocations":1,"location":null,"numPassingAsserts":2,"retryReasons":[],"startAt":1753393498851,"status":"passed","title":"Harus menangani service mapping yang kosong"},{"ancestorTitles":["HealthChecker","Edge Cases"],"duration":1,"failing":false,"failureDetails":[],"failureMessages":[],"fullName":"HealthChecker Edge Cases Harus menangani checkInterval yang tidak valid","invocations":1,"location":null,"numPassingAsserts":1,"retryReasons":[],"startAt":1753393498853,"status":"passed","title":"Harus menangani checkInterval yang tidak valid"},{"ancestorTitles":["HealthChecker","Edge Cases"],"duration":11,"failing":false,"failureDetails":[],"failureMessages":[],"fullName":"HealthChecker Edge Cases Harus menangani multiple start/stop calls","invocations":1,"location":null,"numPassingAsserts":2,"retryReasons":[],"startAt":1753393498854,"status":"passed","title":"Harus menangani multiple start/stop calls"}],"endTime":1753393498869,"message":"","name":"D:\\projectBackend\\microservice-payroll\\gateway\\test\\jest\\unit\\healthChecker.test.js","startTime":1753393497862,"status":"passed","summary":""},{"assertionResults":[{"ancestorTitles":["RequestHandler","forwardRequest"],"duration":45,"failing":false,"failureDetails":[],"failureMessages":[],"fullName":"RequestHandler forwardRequest Meneruskan permintaan GET dan mengembalikan respons berhasil","invocations":1,"location":null,"numPassingAsserts":2,"retryReasons":[],"startAt":1753393499603,"status":"passed","title":"Meneruskan permintaan GET dan mengembalikan respons berhasil"},{"ancestorTitles":["RequestHandler","forwardRequest"],"duration":6,"failing":false,"failureDetails":[],"failureMessages":[],"fullName":"RequestHandler forwardRequest Meneruskan permintaan POST dengan isi body","invocations":1,"location":null,"numPassingAsserts":2,"retryReasons":[],"startAt":1753393499650,"status":"passed","title":"Meneruskan permintaan POST dengan isi body"},{"ancestorTitles":["RequestHandler","forwardRequest"],"duration":5,"failing":false,"failureDetails":[],"failureMessages":[],"fullName":"RequestHandler forwardRequest Meneruskan permintaan dengan parameter query","invocations":1,"location":null,"numPassingAsserts":3,"retryReasons":[],"startAt":1753393499656,"status":"passed","title":"Meneruskan permintaan dengan parameter query"},{"ancestorTitles":["RequestHandler","forwardRequest"],"duration":212,"failing":false,"failureDetails":[],"failureMessages":[],"fullName":"RequestHandler forwardRequest Menangani respons 304 Not Modified dengan benar","invocations":1,"location":null,"numPassingAsserts":2,"retryReasons":[],"startAt":1753393499661,"status":"passed","title":"Menangani respons 304 Not Modified dengan benar"},{"ancestorTitles":["RequestHandler","forwardRequest"],"duration":5,"failing":false,"failureDetails":[],"failureMessages":[],"fullName":"RequestHandler forwardRequest Menangani unggahan file dengan benar","invocations":1,"location":null,"numPassingAsserts":3,"retryReasons":[],"startAt":1753393499873,"status":"passed","title":"Menangani unggahan file dengan benar"},{"ancestorTitles":["RequestHandler","forwardRequest"],"duration":2,"failing":false,"failureDetails":[],"failureMessages":[],"fullName":"RequestHandler forwardRequest Menangani unduhan file dengan benar","invocations":1,"location":null,"numPassingAsserts":1,"retryReasons":[],"startAt":1753393499878,"status":"passed","title":"Menangani unduhan file dengan benar"},{"ancestorTitles":["RequestHandler","forwardRequest"],"duration":4,"failing":false,"failureDetails":[],"failureMessages":[],"fullName":"RequestHandler forwardRequest Menangani respons error dari service dengan benar","invocations":1,"location":null,"numPassingAsserts":2,"retryReasons":[],"startAt":1753393499881,"status":"passed","title":"Menangani respons error dari service dengan benar"},{"ancestorTitles":["RequestHandler","forwardRequest"],"duration":17,"failing":false,"failureDetails":[],"failureMessages":[],"fullName":"RequestHandler forwardRequest Menangani error jaringan dengan benar","invocations":1,"location":null,"numPassingAsserts":1,"retryReasons":[],"startAt":1753393499886,"status":"passed","title":"Menangani error jaringan dengan benar"},{"ancestorTitles":["RequestHandler","forwardRequest"],"duration":5,"failing":false,"failureDetails":[],"failureMessages":[],"fullName":"RequestHandler forwardRequest Menangani error ketika service tidak merespons","invocations":1,"location":null,"numPassingAsserts":1,"retryReasons":[],"startAt":1753393499903,"status":"passed","title":"Menangani error ketika service tidak merespons"},{"ancestorTitles":["RequestHandler","forwardRequest"],"duration":1,"failing":false,"failureDetails":[],"failureMessages":[],"fullName":"RequestHandler forwardRequest Menangani ketika headers sudah dikirim","invocations":1,"location":null,"numPassingAsserts":2,"retryReasons":[],"startAt":1753393499909,"status":"passed","title":"Menangani ketika headers sudah dikirim"},{"ancestorTitles":["RequestHandler","forwardRequestWithFailover"],"duration":2,"failing":false,"failureDetails":[],"failureMessages":[],"fullName":"RequestHandler forwardRequestWithFailover Harus menggunakan primary service ketika tersedia","invocations":1,"location":null,"numPassingAsserts":2,"retryReasons":[],"startAt":1753393499911,"status":"passed","title":"Harus menggunakan primary service ketika tersedia"},{"ancestorTitles":["RequestHandler","forwardRequestWithFailover"],"duration":6,"failing":false,"failureDetails":[],"failureMessages":[],"fullName":"RequestHandler forwardRequestWithFailover Harus failover ke fallback service ketika primary gagal","invocations":1,"location":null,"numPassingAsserts":2,"retryReasons":[],"startAt":1753393499913,"status":"passed","title":"Harus failover ke fallback service ketika primary gagal"},{"ancestorTitles":["RequestHandler","forwardRequestWithFailover"],"duration":8,"failing":false,"failureDetails":[],"failureMessages":[],"fullName":"RequestHandler forwardRequestWithFailover Harus mengembalikan error 503 ketika semua service gagal","invocations":1,"location":null,"numPassingAsserts":2,"retryReasons":[],"startAt":1753393499919,"status":"passed","title":"Harus mengembalikan error 503 ketika semua service gagal"},{"ancestorTitles":["RequestHandler","forwardRequestWithFailover"],"duration":1,"failing":false,"failureDetails":[],"failureMessages":[],"fullName":"RequestHandler forwardRequestWithFailover Harus menggunakan forwardRequest biasa untuk service tanpa failover","invocations":1,"location":null,"numPassingAsserts":2,"retryReasons":[],"startAt":1753393499927,"status":"passed","title":"Harus menggunakan forwardRequest biasa untuk service tanpa failover"},{"ancestorTitles":["RequestHandler","checkServiceHealth"],"duration":1,"failing":false,"failureDetails":[],"failureMessages":[],"fullName":"RequestHandler checkServiceHealth Harus mengembalikan true untuk service yang sehat","invocations":1,"location":null,"numPassingAsserts":1,"retryReasons":[],"startAt":1753393499929,"status":"passed","title":"Harus mengembalikan true untuk service yang sehat"},{"ancestorTitles":["RequestHandler","checkServiceHealth"],"duration":2,"failing":false,"failureDetails":[],"failureMessages":[],"fullName":"RequestHandler checkServiceHealth Harus mengembalikan false untuk service yang tidak sehat","invocations":1,"location":null,"numPassingAsserts":1,"retryReasons":[],"startAt":1753393499930,"status":"passed","title":"Harus mengembalikan false untuk service yang tidak sehat"},{"ancestorTitles":["RequestHandler","checkServiceHealth"],"duration":3,"failing":false,"failureDetails":[],"failureMessages":[],"fullName":"RequestHandler checkServiceHealth Harus mengembalikan false untuk service yang tidak dapat diakses","invocations":1,"location":null,"numPassingAsserts":1,"retryReasons":[],"startAt":1753393499933,"status":"passed","title":"Harus mengembalikan false untuk service yang tidak dapat diakses"},{"ancestorTitles":["RequestHandler","getServiceMapping"],"duration":2,"failing":false,"failureDetails":[],"failureMessages":[],"fullName":"RequestHandler getServiceMapping Harus mengembalikan mapping service yang benar","invocations":1,"location":null,"numPassingAsserts":7,"retryReasons":[],"startAt":1753393499937,"status":"passed","title":"Harus mengembalikan mapping service yang benar"},{"ancestorTitles":["RequestHandler","Console Logging Coverage"],"duration":2,"failing":false,"failureDetails":[],"failureMessages":[],"fullName":"RequestHandler Console Logging Coverage Harus mencatat log untuk request yang berhasil","invocations":1,"location":null,"numPassingAsserts":2,"retryReasons":[],"startAt":1753393499940,"status":"passed","title":"Harus mencatat log untuk request yang berhasil"},{"ancestorTitles":["RequestHandler","Console Logging Coverage"],"duration":2,"failing":false,"failureDetails":[],"failureMessages":[],"fullName":"RequestHandler Console Logging Coverage Harus mencatat log untuk failover analysis","invocations":1,"location":null,"numPassingAsserts":3,"retryReasons":[],"startAt":1753393499942,"status":"passed","title":"Harus mencatat log untuk failover analysis"},{"ancestorTitles":["RequestHandler","RequestHandler - Additional Coverage Tests"],"duration":1,"failing":false,"failureDetails":[],"failureMessages":[],"fullName":"RequestHandler RequestHandler - Additional Coverage Tests checkServiceHealth harus mengembalikan false untuk respons 200 dengan status tidak healthy","invocations":1,"location":null,"numPassingAsserts":1,"retryReasons":[],"startAt":1753393499944,"status":"passed","title":"checkServiceHealth harus mengembalikan false untuk respons 200 dengan status tidak healthy"},{"ancestorTitles":["RequestHandler","RequestHandler - Additional Coverage Tests"],"duration":1,"failing":false,"failureDetails":[],"failureMessages":[],"fullName":"RequestHandler RequestHandler - Additional Coverage Tests checkServiceHealth harus mengembalikan false untuk respons tanpa status healthy","invocations":1,"location":null,"numPassingAsserts":1,"retryReasons":[],"startAt":1753393499945,"status":"passed","title":"checkServiceHealth harus mengembalikan false untuk respons tanpa status healthy"},{"ancestorTitles":["RequestHandler","RequestHandler - Additional Coverage Tests"],"duration":6,"failing":false,"failureDetails":[],"failureMessages":[],"fullName":"RequestHandler RequestHandler - Additional Coverage Tests forwardRequestWithFailover harus mencatat semua error ketika primary dan fallback gagal","invocations":1,"location":null,"numPassingAsserts":6,"retryReasons":[],"startAt":1753393499947,"status":"passed","title":"forwardRequestWithFailover harus mencatat semua error ketika primary dan fallback gagal"},{"ancestorTitles":["RequestHandler","RequestHandler - Additional Coverage Tests"],"duration":2,"failing":false,"failureDetails":[],"failureMessages":[],"fullName":"RequestHandler RequestHandler - Additional Coverage Tests getServiceTypeFromPath harus mengembalikan null untuk path yang tidak valid","invocations":1,"location":null,"numPassingAsserts":2,"retryReasons":[],"startAt":1753393499953,"status":"passed","title":"getServiceTypeFromPath harus mengembalikan null untuk path yang tidak valid"},{"ancestorTitles":["RequestHandler","RequestHandler - Additional Coverage Tests"],"duration":7,"failing":false,"failureDetails":[],"failureMessages":[],"fullName":"RequestHandler RequestHandler - Additional Coverage Tests forwardRequestWithFailover harus mencatat semua tahapan failover yang berhasil","invocations":1,"location":null,"numPassingAsserts":7,"retryReasons":[],"startAt":1753393499955,"status":"passed","title":"forwardRequestWithFailover harus mencatat semua tahapan failover yang berhasil"},{"ancestorTitles":["RequestHandler","RequestHandler - Additional Coverage Tests"],"duration":3,"failing":false,"failureDetails":[],"failureMessages":[],"fullName":"RequestHandler RequestHandler - Additional Coverage Tests forwardRequest harus menghindari mengirim response ketika headers sudah dikirim (error case)","invocations":1,"location":null,"numPassingAsserts":2,"retryReasons":[],"startAt":1753393499962,"status":"passed","title":"forwardRequest harus menghindari mengirim response ketika headers sudah dikirim (error case)"},{"ancestorTitles":["RequestHandler","RequestHandler - Additional Coverage Tests"],"duration":1,"failing":false,"failureDetails":[],"failureMessages":[],"fullName":"RequestHandler RequestHandler - Additional Coverage Tests getServiceMapping harus menggunakan environment variables atau default values","invocations":1,"location":null,"numPassingAsserts":2,"retryReasons":[],"startAt":1753393499965,"status":"passed","title":"getServiceMapping harus menggunakan environment variables atau default values"},{"ancestorTitles":["RequestHandler","RequestHandler - Additional Coverage Tests"],"duration":1,"failing":false,"failureDetails":[],"failureMessages":[],"fullName":"RequestHandler RequestHandler - Additional Coverage Tests forwardRequestWithFailover harus menangani path dengan segment kosong","invocations":1,"location":null,"numPassingAsserts":2,"retryReasons":[],"startAt":1753393499967,"status":"passed","title":"forwardRequestWithFailover harus menangani path dengan segment kosong"}],"endTime":1753393499972,"message":"","name":"D:\\projectBackend\\microservice-payroll\\gateway\\test\\jest\\unit\\requestHandler.test.js","startTime":1753393497876,"status":"passed","summary":""},{"assertionResults":[{"ancestorTitles":["API Gateway Integration Tests"],"duration":166,"failing":false,"failureDetails":[],"failureMessages":[],"fullName":"API Gateway Integration Tests memberikan respon untuk endpoint health check","invocations":1,"location":null,"numPassingAsserts":2,"retryReasons":[],"startAt":1753393499112,"status":"passed","title":"memberikan respon untuk endpoint health check"},{"ancestorTitles":["API Gateway Integration Tests"],"duration":32,"failing":false,"failureDetails":[],"failureMessages":[],"fullName":"API Gateway Integration Tests memberikan respon untuk endpoint health services","invocations":1,"location":null,"numPassingAsserts":6,"retryReasons":[],"startAt":1753393499279,"status":"passed","title":"memberikan respon untuk endpoint health services"},{"ancestorTitles":["API Gateway Integration Tests"],"duration":27,"failing":false,"failureDetails":[],"failureMessages":[],"fullName":"API Gateway Integration Tests memberikan respon untuk endpoint root","invocations":1,"location":null,"numPassingAsserts":2,"retryReasons":[],"startAt":1753393499312,"status":"passed","title":"memberikan respon untuk endpoint root"},{"ancestorTitles":["API Gateway Integration Tests"],"duration":32,"failing":false,"failureDetails":[],"failureMessages":[],"fullName":"API Gateway Integration Tests mengarahkan permintaan auth dengan benar","invocations":1,"location":null,"numPassingAsserts":2,"retryReasons":[],"startAt":1753393499339,"status":"passed","title":"mengarahkan permintaan auth dengan benar"},{"ancestorTitles":["API Gateway Integration Tests"],"duration":25,"failing":false,"failureDetails":[],"failureMessages":[],"fullName":"API Gateway Integration Tests mengarahkan permintaan employee dengan benar","invocations":1,"location":null,"numPassingAsserts":2,"retryReasons":[],"startAt":1753393499371,"status":"passed","title":"mengarahkan permintaan employee dengan benar"},{"ancestorTitles":["API Gateway Integration Tests"],"duration":21,"failing":false,"failureDetails":[],"failureMessages":[],"fullName":"API Gateway Integration Tests mengarahkan permintaan payroll dengan benar","invocations":1,"location":null,"numPassingAsserts":2,"retryReasons":[],"startAt":1753393499397,"status":"passed","title":"mengarahkan permintaan payroll dengan benar"},{"ancestorTitles":["API Gateway Integration Tests"],"duration":30,"failing":false,"failureDetails":[],"failureMessages":[],"fullName":"API Gateway Integration Tests mengembalikan 404 untuk rute yang tidak dikenal","invocations":1,"location":null,"numPassingAsserts":2,"retryReasons":[],"startAt":1753393499419,"status":"passed","title":"mengembalikan 404 untuk rute yang tidak dikenal"},{"ancestorTitles":["API Gateway Integration Tests"],"duration":21,"failing":false,"failureDetails":[],"failureMessages":[],"fullName":"API Gateway Integration Tests mengatur error handler ketika diminta","invocations":1,"location":null,"numPassingAsserts":2,"retryReasons":[],"startAt":1753393499449,"status":"passed","title":"mengatur error handler ketika diminta"},{"ancestorTitles":["API Gateway Integration Tests"],"duration":9,"failing":false,"failureDetails":[],"failureMessages":[],"fullName":"API Gateway Integration Tests menginisialisasi dengan URL service yang benar","invocations":1,"location":null,"numPassingAsserts":3,"retryReasons":[],"startAt":1753393499470,"status":"passed","title":"menginisialisasi dengan URL service yang benar"},{"ancestorTitles":["API Gateway Integration Tests"],"duration":17,"failing":false,"failureDetails":[],"failureMessages":[],"fullName":"API Gateway Integration Tests menggunakan environment variable untuk URL service jika disediakan","invocations":1,"location":null,"numPassingAsserts":3,"retryReasons":[],"startAt":1753393499480,"status":"passed","title":"menggunakan environment variable untuk URL service jika disediakan"},{"ancestorTitles":["API Gateway Integration Tests"],"duration":17,"failing":false,"failureDetails":[],"failureMessages":[],"fullName":"API Gateway Integration Tests harus memulai health monitoring ketika ENABLE_SERVICE_FAILOVER=true","invocations":1,"location":null,"numPassingAsserts":1,"retryReasons":[],"startAt":1753393499498,"status":"passed","title":"harus memulai health monitoring ketika ENABLE_SERVICE_FAILOVER=true"},{"ancestorTitles":["API Gateway Integration Tests"],"duration":25,"failing":false,"failureDetails":[],"failureMessages":[],"fullName":"API Gateway Integration Tests tidak harus memulai health monitoring ketika ENABLE_SERVICE_FAILOVER tidak diset","invocations":1,"location":null,"numPassingAsserts":1,"retryReasons":[],"startAt":1753393499515,"status":"passed","title":"tidak harus memulai health monitoring ketika ENABLE_SERVICE_FAILOVER tidak diset"},{"ancestorTitles":["API Gateway Integration Tests"],"duration":115,"failing":false,"failureDetails":[],"failureMessages":[],"fullName":"API Gateway Integration Tests menangani error dengan benar","invocations":1,"location":null,"numPassingAsserts":3,"retryReasons":[],"startAt":1753393499540,"status":"passed","title":"menangani error dengan benar"},{"ancestorTitles":["API Gateway Integration Tests"],"duration":60,"failing":false,"failureDetails":[],"failureMessages":[],"fullName":"API Gateway Integration Tests seharusnya bisa memparsing body JSON","invocations":1,"location":null,"numPassingAsserts":2,"retryReasons":[],"startAt":1753393499656,"status":"passed","title":"seharusnya bisa memparsing body JSON"},{"ancestorTitles":["API Gateway Integration Tests"],"duration":24,"failing":false,"failureDetails":[],"failureMessages":[],"fullName":"API Gateway Integration Tests seharusnya bisa memparsing form-urlencoded","invocations":1,"location":null,"numPassingAsserts":2,"retryReasons":[],"startAt":1753393499717,"status":"passed","title":"seharusnya bisa memparsing form-urlencoded"},{"ancestorTitles":["API Gateway Integration Tests"],"duration":14,"failing":false,"failureDetails":[],"failureMessages":[],"fullName":"API Gateway Integration Tests startServer harus mengembalikan instance server dan menampilkan log","invocations":1,"location":null,"numPassingAsserts":2,"retryReasons":[],"startAt":1753393499741,"status":"passed","title":"startServer harus mengembalikan instance server dan menampilkan log"},{"ancestorTitles":["API Gateway Integration Tests"],"duration":31,"failing":false,"failureDetails":[],"failureMessages":[],"fullName":"API Gateway Integration Tests createApp dengan opsi default harus menyertakan error handlers","invocations":1,"location":null,"numPassingAsserts":2,"retryReasons":[],"startAt":1753393499755,"status":"passed","title":"createApp dengan opsi default harus menyertakan error handlers"},{"ancestorTitles":["API Gateway Integration Tests"],"duration":35,"failing":false,"failureDetails":[],"failureMessages":[],"fullName":"API Gateway Integration Tests 404 handler harus mengembalikan respons JSON dengan format yang benar","invocations":1,"location":null,"numPassingAsserts":2,"retryReasons":[],"startAt":1753393499786,"status":"passed","title":"404 handler harus mengembalikan respons JSON dengan format yang benar"},{"ancestorTitles":["API Gateway Integration Tests"],"duration":31,"failing":false,"failureDetails":[],"failureMessages":[],"fullName":"API Gateway Integration Tests createApp dengan withErrorHandlers=false tidak menambahkan error handlers","invocations":1,"location":null,"numPassingAsserts":2,"retryReasons":[],"startAt":1753393499821,"status":"passed","title":"createApp dengan withErrorHandlers=false tidak menambahkan error handlers"},{"ancestorTitles":["Error Handler Branch Coverage Tests"],"duration":11,"failing":false,"failureDetails":[],"failureMessages":[],"fullName":"Error Handler Branch Coverage Tests Error handler menangani error dengan hasOwnProperty message = true dan message truthy","invocations":1,"location":null,"numPassingAsserts":2,"retryReasons":[],"startAt":1753393499853,"status":"passed","title":"Error handler menangani error dengan hasOwnProperty message = true dan message truthy"},{"ancestorTitles":["Error Handler Branch Coverage Tests"],"duration":15,"failing":false,"failureDetails":[],"failureMessages":[],"fullName":"Error Handler Branch Coverage Tests Error handler menangani error dengan hasOwnProperty message = true dan message empty string","invocations":1,"location":null,"numPassingAsserts":2,"retryReasons":[],"startAt":1753393499864,"status":"passed","title":"Error handler menangani error dengan hasOwnProperty message = true dan message empty string"},{"ancestorTitles":["Error Handler Branch Coverage Tests"],"duration":9,"failing":false,"failureDetails":[],"failureMessages":[],"fullName":"Error Handler Branch Coverage Tests Error handler menangani error dengan hasOwnProperty message = true dan message falsy (not empty string)","invocations":1,"location":null,"numPassingAsserts":2,"retryReasons":[],"startAt":1753393499879,"status":"passed","title":"Error handler menangani error dengan hasOwnProperty message = true dan message falsy (not empty string)"},{"ancestorTitles":["Error Handler Branch Coverage Tests"],"duration":9,"failing":false,"failureDetails":[],"failureMessages":[],"fullName":"Error Handler Branch Coverage Tests Error handler menangani error dengan hasOwnProperty message = false","invocations":1,"location":null,"numPassingAsserts":2,"retryReasons":[],"startAt":1753393499888,"status":"passed","title":"Error handler menangani error dengan hasOwnProperty message = false"},{"ancestorTitles":["Error Handler Branch Coverage Tests"],"duration":3,"failing":false,"failureDetails":[],"failureMessages":[],"fullName":"Error Handler Branch Coverage Tests Error handler menangani error falsy","invocations":1,"location":null,"numPassingAsserts":2,"retryReasons":[],"startAt":1753393499897,"status":"passed","title":"Error handler menangani error falsy"},{"ancestorTitles":["Error Handler Branch Coverage Tests"],"duration":67,"failing":false,"failureDetails":[],"failureMessages":[],"fullName":"Error Handler Branch Coverage Tests Error handler dengan berbagai kondisi message","invocations":1,"location":null,"numPassingAsserts":18,"retryReasons":[],"startAt":1753393499900,"status":"passed","title":"Error handler dengan berbagai kondisi message"},{"ancestorTitles":["StartServer Function Tests"],"duration":1,"failing":false,"failureDetails":[],"failureMessages":[],"fullName":"StartServer Function Tests startServer dengan port default dari environment","invocations":1,"location":null,"numPassingAsserts":2,"retryReasons":[],"startAt":1753393499968,"status":"passed","title":"startServer dengan port default dari environment"},{"ancestorTitles":["StartServer Function Tests"],"duration":1,"failing":false,"failureDetails":[],"failureMessages":[],"fullName":"StartServer Function Tests startServer dengan port default 5000 ketika tidak ada environment variable","invocations":1,"location":null,"numPassingAsserts":2,"retryReasons":[],"startAt":1753393499969,"status":"passed","title":"startServer dengan port default 5000 ketika tidak ada environment variable"},{"ancestorTitles":["Module Execution Tests"],"duration":0,"failing":false,"failureDetails":[],"failureMessages":[],"fullName":"Module Execution Tests tidak harus menjalankan server ketika diimport sebagai module","invocations":1,"location":null,"numPassingAsserts":1,"retryReasons":[],"startAt":1753393499970,"status":"passed","title":"tidak harus menjalankan server ketika diimport sebagai module"},{"ancestorTitles":["CreateApp Options Tests"],"duration":1,"failing":false,"failureDetails":[],"failureMessages":[],"fullName":"CreateApp Options Tests createApp dengan withErrorHandlers = false harus log skip message","invocations":1,"location":null,"numPassingAsserts":1,"retryReasons":[],"startAt":1753393499970,"status":"passed","title":"createApp dengan withErrorHandlers = false harus log skip message"},{"ancestorTitles":["CreateApp Options Tests"],"duration":1,"failing":false,"failureDetails":[],"failureMessages":[],"fullName":"CreateApp Options Tests createApp dengan withErrorHandlers = true tidak harus log skip message","invocations":1,"location":null,"numPassingAsserts":1,"retryReasons":[],"startAt":1753393499971,"status":"passed","title":"createApp dengan withErrorHandlers = true tidak harus log skip message"},{"ancestorTitles":["CreateApp Options Tests"],"duration":2,"failing":false,"failureDetails":[],"failureMessages":[],"fullName":"CreateApp Options Tests createApp dengan withErrorHandlers = undefined tidak harus log skip message","invocations":1,"location":null,"numPassingAsserts":1,"retryReasons":[],"startAt":1753393499973,"status":"passed","title":"createApp dengan withErrorHandlers = undefined tidak harus log skip message"}],"endTime":1753393499980,"message":"","name":"D:\\projectBackend\\microservice-payroll\\gateway\\test\\jest\\unit\\index.test.js","startTime":1753393497839,"status":"passed","summary":""},{"assertionResults":[{"ancestorTitles":["Auth Routes"],"duration":26,"failing":false,"failureDetails":[],"failureMessages":[],"fullName":"Auth Routes Harus menggunakan createProxyMiddleware dengan opsi yang benar","invocations":1,"location":null,"numPassingAsserts":1,"retryReasons":[],"startAt":1753393499689,"status":"passed","title":"Harus menggunakan createProxyMiddleware dengan opsi yang benar"},{"ancestorTitles":["Auth Routes"],"duration":173,"failing":false,"failureDetails":[],"failureMessages":[],"fullName":"Auth Routes POST /login harus memanggil forwardRequest dengan argumen yang benar","invocations":1,"location":null,"numPassingAsserts":3,"retryReasons":[],"startAt":1753393499716,"status":"passed","title":"POST /login harus memanggil forwardRequest dengan argumen yang benar"},{"ancestorTitles":["Auth Routes"],"duration":16,"failing":false,"failureDetails":[],"failureMessages":[],"fullName":"Auth Routes GET /profile harus menggunakan middleware proxy","invocations":1,"location":null,"numPassingAsserts":3,"retryReasons":[],"startAt":1753393499889,"status":"passed","title":"GET /profile harus menggunakan middleware proxy"},{"ancestorTitles":["Auth Routes"],"duration":17,"failing":false,"failureDetails":[],"failureMessages":[],"fullName":"Auth Routes POST /login harus menangani error dari layanan autentikasi","invocations":1,"location":null,"numPassingAsserts":2,"retryReasons":[],"startAt":1753393499905,"status":"passed","title":"POST /login harus menangani error dari layanan autentikasi"},{"ancestorTitles":["Auth Routes"],"duration":11,"failing":false,"failureDetails":[],"failureMessages":[],"fullName":"Auth Routes Harus menangani rute POST lainnya menggunakan proxy middleware","invocations":1,"location":null,"numPassingAsserts":3,"retryReasons":[],"startAt":1753393499922,"status":"passed","title":"Harus menangani rute POST lainnya menggunakan proxy middleware"},{"ancestorTitles":["Auth Routes"],"duration":16,"failing":false,"failureDetails":[],"failureMessages":[],"fullName":"Auth Routes Harus melewati proxy untuk POST /login (menguji next(\"route\"))","invocations":1,"location":null,"numPassingAsserts":3,"retryReasons":[],"startAt":1753393499934,"status":"passed","title":"Harus melewati proxy untuk POST /login (menguji next(\"route\"))"},{"ancestorTitles":["Auth Routes"],"duration":11,"failing":false,"failureDetails":[],"failureMessages":[],"fullName":"Auth Routes Harus menggunakan proxy untuk GET /login","invocations":1,"location":null,"numPassingAsserts":3,"retryReasons":[],"startAt":1753393499950,"status":"passed","title":"Harus menggunakan proxy untuk GET /login"},{"ancestorTitles":["Auth Routes"],"duration":10,"failing":false,"failureDetails":[],"failureMessages":[],"fullName":"Auth Routes Harus menggunakan proxy untuk POST pada path selain /login","invocations":1,"location":null,"numPassingAsserts":3,"retryReasons":[],"startAt":1753393499961,"status":"passed","title":"Harus menggunakan proxy untuk POST pada path selain /login"},{"ancestorTitles":["Auth Routes"],"duration":27,"failing":false,"failureDetails":[],"failureMessages":[],"fullName":"Auth Routes Harus memproses multiple requests dengan routing yang benar","invocations":1,"location":null,"numPassingAsserts":2,"retryReasons":[],"startAt":1753393499972,"status":"passed","title":"Harus memproses multiple requests dengan routing yang benar"},{"ancestorTitles":["Auth Routes"],"duration":13,"failing":false,"failureDetails":[],"failureMessages":[],"fullName":"Auth Routes Harus menangani request dengan undefined method dengan benar","invocations":1,"location":null,"numPassingAsserts":3,"retryReasons":[],"startAt":1753393500000,"status":"passed","title":"Harus menangani request dengan undefined method dengan benar"},{"ancestorTitles":["Auth Routes"],"duration":12,"failing":false,"failureDetails":[],"failureMessages":[],"fullName":"Auth Routes Harus menangani request dengan undefined path dengan benar","invocations":1,"location":null,"numPassingAsserts":3,"retryReasons":[],"startAt":1753393500013,"status":"passed","title":"Harus menangani request dengan undefined path dengan benar"},{"ancestorTitles":["Auth Routes"],"duration":15,"failing":false,"failureDetails":[],"failureMessages":[],"fullName":"Auth Routes Harus menangani request dengan empty string path dengan benar","invocations":1,"location":null,"numPassingAsserts":3,"retryReasons":[],"startAt":1753393500025,"status":"passed","title":"Harus menangani request dengan empty string path dengan benar"},{"ancestorTitles":["Auth Routes"],"duration":6,"failing":false,"failureDetails":[],"failureMessages":[],"fullName":"Auth Routes Harus menggunakan proxy untuk metode selain GET atau POST","invocations":1,"location":null,"numPassingAsserts":3,"retryReasons":[],"startAt":1753393500041,"status":"passed","title":"Harus menggunakan proxy untuk metode selain GET atau POST"},{"ancestorTitles":["Auth Routes"],"duration":31,"failing":false,"failureDetails":[],"failureMessages":[],"fullName":"Auth Routes Harus menangani kombinasi berbagai path dan metode dengan benar","invocations":1,"location":null,"numPassingAsserts":15,"retryReasons":[],"startAt":1753393500047,"status":"passed","title":"Harus menangani kombinasi berbagai path dan metode dengan benar"},{"ancestorTitles":["Auth Routes"],"duration":9,"failing":false,"failureDetails":[],"failureMessages":[],"fullName":"Auth Routes Proxy middleware onError uses err.toString() if no message","invocations":1,"location":null,"numPassingAsserts":2,"retryReasons":[],"startAt":1753393500078,"status":"passed","title":"Proxy middleware onError uses err.toString() if no message"},{"ancestorTitles":["Auth Routes"],"duration":4,"failing":false,"failureDetails":[],"failureMessages":[],"fullName":"Auth Routes Proxy middleware onError fallback to \"Service unavailable\"","invocations":1,"location":null,"numPassingAsserts":2,"retryReasons":[],"startAt":1753393500087,"status":"passed","title":"Proxy middleware onError fallback to \"Service unavailable\""},{"ancestorTitles":["Auth Routes"],"duration":14,"failing":false,"failureDetails":[],"failureMessages":[],"fullName":"Auth Routes POST /login tidak mengirim response jika headersSent sudah true","invocations":1,"location":null,"numPassingAsserts":2,"retryReasons":[],"startAt":1753393500091,"status":"passed","title":"POST /login tidak mengirim response jika headersSent sudah true"},{"ancestorTitles":["Auth Routes"],"duration":12,"failing":false,"failureDetails":[],"failureMessages":[],"fullName":"Auth Routes POST /login error handler tidak mengirim response jika headersSent sudah true","invocations":1,"location":null,"numPassingAsserts":2,"retryReasons":[],"startAt":1753393500105,"status":"passed","title":"POST /login error handler tidak mengirim response jika headersSent sudah true"},{"ancestorTitles":["Auth Routes"],"duration":6,"failing":false,"failureDetails":[],"failureMessages":[],"fullName":"Auth Routes Proxy middleware onError uses err.message if present","invocations":1,"location":null,"numPassingAsserts":2,"retryReasons":[],"startAt":1753393500117,"status":"passed","title":"Proxy middleware onError uses err.message if present"}],"endTime":1753393500128,"message":"","name":"D:\\projectBackend\\microservice-payroll\\gateway\\test\\jest\\unit\\auth.test.js","startTime":1753393497837,"status":"passed","summary":""},{"assertionResults":[{"ancestorTitles":["Payroll Router"],"duration":155,"failing":false,"failureDetails":[],"failureMessages":[],"fullName":"Payroll Router POST /salaries/add calls forwardRequest","invocations":1,"location":null,"numPassingAsserts":2,"retryReasons":[],"startAt":1753393499898,"status":"passed","title":"POST /salaries/add calls forwardRequest"},{"ancestorTitles":["Payroll Router"],"duration":11,"failing":false,"failureDetails":[],"failureMessages":[],"fullName":"Payroll Router GET /salaries/list calls forwardRequest","invocations":1,"location":null,"numPassingAsserts":2,"retryReasons":[],"startAt":1753393500054,"status":"passed","title":"GET /salaries/list calls forwardRequest"},{"ancestorTitles":["Payroll Router"],"duration":10,"failing":false,"failureDetails":[],"failureMessages":[],"fullName":"Payroll Router GET /salaries/detail/:id calls forwardRequest","invocations":1,"location":null,"numPassingAsserts":2,"retryReasons":[],"startAt":1753393500065,"status":"passed","title":"GET /salaries/detail/:id calls forwardRequest"},{"ancestorTitles":["Payroll Router"],"duration":10,"failing":false,"failureDetails":[],"failureMessages":[],"fullName":"Payroll Router PUT /salaries/edit/:id calls forwardRequest","invocations":1,"location":null,"numPassingAsserts":2,"retryReasons":[],"startAt":1753393500075,"status":"passed","title":"PUT /salaries/edit/:id calls forwardRequest"},{"ancestorTitles":["Payroll Router"],"duration":10,"failing":false,"failureDetails":[],"failureMessages":[],"fullName":"Payroll Router DELETE /salaries/delete/:id calls forwardRequest","invocations":1,"location":null,"numPassingAsserts":2,"retryReasons":[],"startAt":1753393500085,"status":"passed","title":"DELETE /salaries/delete/:id calls forwardRequest"},{"ancestorTitles":["Payroll Router"],"duration":15,"failing":false,"failureDetails":[],"failureMessages":[],"fullName":"Payroll Router POST /attendances/add calls forwardRequest","invocations":1,"location":null,"numPassingAsserts":2,"retryReasons":[],"startAt":1753393500095,"status":"passed","title":"POST /attendances/add calls forwardRequest"},{"ancestorTitles":["Payroll Router"],"duration":10,"failing":false,"failureDetails":[],"failureMessages":[],"fullName":"Payroll Router GET /attendances/list calls forwardRequest","invocations":1,"location":null,"numPassingAsserts":2,"retryReasons":[],"startAt":1753393500110,"status":"passed","title":"GET /attendances/list calls forwardRequest"},{"ancestorTitles":["Payroll Router"],"duration":9,"failing":false,"failureDetails":[],"failureMessages":[],"fullName":"Payroll Router GET /attendances/detail/:id calls forwardRequest","invocations":1,"location":null,"numPassingAsserts":2,"retryReasons":[],"startAt":1753393500120,"status":"passed","title":"GET /attendances/detail/:id calls forwardRequest"},{"ancestorTitles":["Payroll Router"],"duration":14,"failing":false,"failureDetails":[],"failureMessages":[],"fullName":"Payroll Router PUT /attendances/edit/:id calls forwardRequest","invocations":1,"location":null,"numPassingAsserts":2,"retryReasons":[],"startAt":1753393500129,"status":"passed","title":"PUT /attendances/edit/:id calls forwardRequest"},{"ancestorTitles":["Payroll Router"],"duration":9,"failing":false,"failureDetails":[],"failureMessages":[],"fullName":"Payroll Router DELETE /attendances/delete/:id calls forwardRequest","invocations":1,"location":null,"numPassingAsserts":2,"retryReasons":[],"startAt":1753393500143,"status":"passed","title":"DELETE /attendances/delete/:id calls forwardRequest"},{"ancestorTitles":["Payroll Router"],"duration":10,"failing":false,"failureDetails":[],"failureMessages":[],"fullName":"Payroll Router POST /attendance-deductions/calculate calls forwardRequest","invocations":1,"location":null,"numPassingAsserts":2,"retryReasons":[],"startAt":1753393500153,"status":"passed","title":"POST /attendance-deductions/calculate calls forwardRequest"},{"ancestorTitles":["Payroll Router"],"duration":12,"failing":false,"failureDetails":[],"failureMessages":[],"fullName":"Payroll Router POST /attendance-deductions/generate calls forwardRequest","invocations":1,"location":null,"numPassingAsserts":2,"retryReasons":[],"startAt":1753393500163,"status":"passed","title":"POST /attendance-deductions/generate calls forwardRequest"},{"ancestorTitles":["Payroll Router"],"duration":13,"failing":false,"failureDetails":[],"failureMessages":[],"fullName":"Payroll Router GET /attendance-deductions/list calls forwardRequest","invocations":1,"location":null,"numPassingAsserts":2,"retryReasons":[],"startAt":1753393500175,"status":"passed","title":"GET /attendance-deductions/list calls forwardRequest"},{"ancestorTitles":["Payroll Router"],"duration":13,"failing":false,"failureDetails":[],"failureMessages":[],"fullName":"Payroll Router GET /attendance-deductions/detail/:id calls forwardRequest","invocations":1,"location":null,"numPassingAsserts":2,"retryReasons":[],"startAt":1753393500188,"status":"passed","title":"GET /attendance-deductions/detail/:id calls forwardRequest"},{"ancestorTitles":["Payroll Router"],"duration":6,"failing":false,"failureDetails":[],"failureMessages":[],"fullName":"Payroll Router DELETE /attendance-deductions/delete/:id calls forwardRequest","invocations":1,"location":null,"numPassingAsserts":2,"retryReasons":[],"startAt":1753393500201,"status":"passed","title":"DELETE /attendance-deductions/delete/:id calls forwardRequest"},{"ancestorTitles":["Payroll Router"],"duration":14,"failing":false,"failureDetails":[],"failureMessages":[],"fullName":"Payroll Router POST /payslips/add calls forwardRequest","invocations":1,"location":null,"numPassingAsserts":2,"retryReasons":[],"startAt":1753393500207,"status":"passed","title":"POST /payslips/add calls forwardRequest"},{"ancestorTitles":["Payroll Router"],"duration":13,"failing":false,"failureDetails":[],"failureMessages":[],"fullName":"Payroll Router POST /payslips/generate calls forwardRequest","invocations":1,"location":null,"numPassingAsserts":2,"retryReasons":[],"startAt":1753393500221,"status":"passed","title":"POST /payslips/generate calls forwardRequest"},{"ancestorTitles":["Payroll Router"],"duration":12,"failing":false,"failureDetails":[],"failureMessages":[],"fullName":"Payroll Router GET /payslips/list calls forwardRequest","invocations":1,"location":null,"numPassingAsserts":2,"retryReasons":[],"startAt":1753393500234,"status":"passed","title":"GET /payslips/list calls forwardRequest"},{"ancestorTitles":["Payroll Router"],"duration":9,"failing":false,"failureDetails":[],"failureMessages":[],"fullName":"Payroll Router GET /payslips/detail/:id calls forwardRequest","invocations":1,"location":null,"numPassingAsserts":2,"retryReasons":[],"startAt":1753393500246,"status":"passed","title":"GET /payslips/detail/:id calls forwardRequest"},{"ancestorTitles":["Payroll Router"],"duration":23,"failing":false,"failureDetails":[],"failureMessages":[],"fullName":"Payroll Router Handles error in forwardRequest","invocations":1,"location":null,"numPassingAsserts":2,"retryReasons":[],"startAt":1753393500255,"status":"passed","title":"Handles error in forwardRequest"},{"ancestorTitles":["Payroll Router"],"duration":36,"failing":false,"failureDetails":[],"failureMessages":[],"fullName":"Payroll Router Proxy fallback for /salaries","invocations":1,"location":null,"numPassingAsserts":2,"retryReasons":[],"startAt":1753393500279,"status":"passed","title":"Proxy fallback for /salaries"},{"ancestorTitles":["Payroll Router"],"duration":15,"failing":false,"failureDetails":[],"failureMessages":[],"fullName":"Payroll Router Error handler for /salaries/list","invocations":1,"location":null,"numPassingAsserts":3,"retryReasons":[],"startAt":1753393500315,"status":"passed","title":"Error handler for /salaries/list"},{"ancestorTitles":["Payroll Router"],"duration":18,"failing":false,"failureDetails":[],"failureMessages":[],"fullName":"Payroll Router Error handler for /attendances/list","invocations":1,"location":null,"numPassingAsserts":3,"retryReasons":[],"startAt":1753393500330,"status":"passed","title":"Error handler for /attendances/list"},{"ancestorTitles":["Payroll Router"],"duration":18,"failing":false,"failureDetails":[],"failureMessages":[],"fullName":"Payroll Router Error handler for /attendance-deductions/list","invocations":1,"location":null,"numPassingAsserts":3,"retryReasons":[],"startAt":1753393500348,"status":"passed","title":"Error handler for /attendance-deductions/list"},{"ancestorTitles":["Payroll Router"],"duration":15,"failing":false,"failureDetails":[],"failureMessages":[],"fullName":"Payroll Router Error handler for /payslips/list","invocations":1,"location":null,"numPassingAsserts":3,"retryReasons":[],"startAt":1753393500367,"status":"passed","title":"Error handler for /payslips/list"},{"ancestorTitles":["Payroll Router"],"duration":6,"failing":false,"failureDetails":[],"failureMessages":[],"fullName":"Payroll Router Proxy fallback for /payroll","invocations":1,"location":null,"numPassingAsserts":2,"retryReasons":[],"startAt":1753393500382,"status":"passed","title":"Proxy fallback for /payroll"},{"ancestorTitles":["Payroll Router"],"duration":5,"failing":false,"failureDetails":[],"failureMessages":[],"fullName":"Payroll Router Proxy fallback for /attendances","invocations":1,"location":null,"numPassingAsserts":2,"retryReasons":[],"startAt":1753393500388,"status":"passed","title":"Proxy fallback for /attendances"},{"ancestorTitles":["Payroll Router"],"duration":8,"failing":false,"failureDetails":[],"failureMessages":[],"fullName":"Payroll Router Proxy fallback for /attendance-deductions","invocations":1,"location":null,"numPassingAsserts":2,"retryReasons":[],"startAt":1753393500393,"status":"passed","title":"Proxy fallback for /attendance-deductions"},{"ancestorTitles":["Payroll Router"],"duration":5,"failing":false,"failureDetails":[],"failureMessages":[],"fullName":"Payroll Router Proxy fallback for /payslips","invocations":1,"location":null,"numPassingAsserts":2,"retryReasons":[],"startAt":1753393500401,"status":"passed","title":"Proxy fallback for /payslips"},{"ancestorTitles":["Payroll Router"],"duration":6,"failing":false,"failureDetails":[],"failureMessages":[],"fullName":"Payroll Router Proxy middleware onError handles error","invocations":1,"location":null,"numPassingAsserts":2,"retryReasons":[],"startAt":1753393500407,"status":"passed","title":"Proxy middleware onError handles error"},{"ancestorTitles":["Payroll Router"],"duration":6,"failing":false,"failureDetails":[],"failureMessages":[],"fullName":"Payroll Router handleServiceError fallback to \"Service unavailable\"","invocations":1,"location":null,"numPassingAsserts":2,"retryReasons":[],"startAt":1753393500413,"status":"passed","title":"handleServiceError fallback to \"Service unavailable\""},{"ancestorTitles":["Payroll Router"],"duration":6,"failing":false,"failureDetails":[],"failureMessages":[],"fullName":"Payroll Router handleServiceError does not send response if headersSent","invocations":1,"location":null,"numPassingAsserts":2,"retryReasons":[],"startAt":1753393500419,"status":"passed","title":"handleServiceError does not send response if headersSent"}],"endTime":1753393500430,"message":"","name":"D:\\projectBackend\\microservice-payroll\\gateway\\test\\jest\\unit\\payroll.test.js","startTime":1753393497836,"status":"passed","summary":""},{"assertionResults":[{"ancestorTitles":["Employee Router"],"duration":145,"failing":false,"failureDetails":[],"failureMessages":[],"fullName":"Employee Router POST /employees/add calls forwardRequestWithFailover","invocations":1,"location":null,"numPassingAsserts":2,"retryReasons":[],"startAt":1753393499952,"status":"passed","title":"POST /employees/add calls forwardRequestWithFailover"},{"ancestorTitles":["Employee Router"],"duration":18,"failing":false,"failureDetails":[],"failureMessages":[],"fullName":"Employee Router PUT /employees/edit/:id calls forwardRequestWithFailover","invocations":1,"location":null,"numPassingAsserts":2,"retryReasons":[],"startAt":1753393500098,"status":"passed","title":"PUT /employees/edit/:id calls forwardRequestWithFailover"},{"ancestorTitles":["Employee Router"],"duration":20,"failing":false,"failureDetails":[],"failureMessages":[],"fullName":"Employee Router DELETE /employees/delete/:id calls forwardRequestWithFailover","invocations":1,"location":null,"numPassingAsserts":2,"retryReasons":[],"startAt":1753393500117,"status":"passed","title":"DELETE /employees/delete/:id calls forwardRequestWithFailover"},{"ancestorTitles":["Employee Router"],"duration":13,"failing":false,"failureDetails":[],"failureMessages":[],"fullName":"Employee Router GET /employees/detail/:id calls forwardRequestWithFailover","invocations":1,"location":null,"numPassingAsserts":2,"retryReasons":[],"startAt":1753393500137,"status":"passed","title":"GET /employees/detail/:id calls forwardRequestWithFailover"},{"ancestorTitles":["Employee Router"],"duration":20,"failing":false,"failureDetails":[],"failureMessages":[],"fullName":"Employee Router GET /employees/list calls forwardRequestWithFailover","invocations":1,"location":null,"numPassingAsserts":2,"retryReasons":[],"startAt":1753393500150,"status":"passed","title":"GET /employees/list calls forwardRequestWithFailover"},{"ancestorTitles":["Employee Router"],"duration":13,"failing":false,"failureDetails":[],"failureMessages":[],"fullName":"Employee Router GET /employees/options calls forwardRequestWithFailover","invocations":1,"location":null,"numPassingAsserts":2,"retryReasons":[],"startAt":1753393500171,"status":"passed","title":"GET /employees/options calls forwardRequestWithFailover"},{"ancestorTitles":["Employee Router"],"duration":12,"failing":false,"failureDetails":[],"failureMessages":[],"fullName":"Employee Router PATCH /employees/patch/:id calls forwardRequestWithFailover","invocations":1,"location":null,"numPassingAsserts":2,"retryReasons":[],"startAt":1753393500184,"status":"passed","title":"PATCH /employees/patch/:id calls forwardRequestWithFailover"},{"ancestorTitles":["Employee Router"],"duration":26,"failing":false,"failureDetails":[],"failureMessages":[],"fullName":"Employee Router POST /employees/upload calls forwardRequestWithFailover","invocations":1,"location":null,"numPassingAsserts":2,"retryReasons":[],"startAt":1753393500197,"status":"passed","title":"POST /employees/upload calls forwardRequestWithFailover"},{"ancestorTitles":["Employee Router"],"duration":19,"failing":false,"failureDetails":[],"failureMessages":[],"fullName":"Employee Router GET /employees/download calls forwardRequestWithFailover","invocations":1,"location":null,"numPassingAsserts":2,"retryReasons":[],"startAt":1753393500223,"status":"passed","title":"GET /employees/download calls forwardRequestWithFailover"},{"ancestorTitles":["Employee Router"],"duration":15,"failing":false,"failureDetails":[],"failureMessages":[],"fullName":"Employee Router POST /departments/add calls forwardRequestWithFailover","invocations":1,"location":null,"numPassingAsserts":2,"retryReasons":[],"startAt":1753393500243,"status":"passed","title":"POST /departments/add calls forwardRequestWithFailover"},{"ancestorTitles":["Employee Router"],"duration":11,"failing":false,"failureDetails":[],"failureMessages":[],"fullName":"Employee Router PUT /departments/edit/:id calls forwardRequestWithFailover","invocations":1,"location":null,"numPassingAsserts":2,"retryReasons":[],"startAt":1753393500259,"status":"passed","title":"PUT /departments/edit/:id calls forwardRequestWithFailover"},{"ancestorTitles":["Employee Router"],"duration":12,"failing":false,"failureDetails":[],"failureMessages":[],"fullName":"Employee Router GET /departments/list calls forwardRequestWithFailover","invocations":1,"location":null,"numPassingAsserts":2,"retryReasons":[],"startAt":1753393500270,"status":"passed","title":"GET /departments/list calls forwardRequestWithFailover"},{"ancestorTitles":["Employee Router"],"duration":11,"failing":false,"failureDetails":[],"failureMessages":[],"fullName":"Employee Router POST /positions/add calls forwardRequestWithFailover","invocations":1,"location":null,"numPassingAsserts":2,"retryReasons":[],"startAt":1753393500282,"status":"passed","title":"POST /positions/add calls forwardRequestWithFailover"},{"ancestorTitles":["Employee Router"],"duration":8,"failing":false,"failureDetails":[],"failureMessages":[],"fullName":"Employee Router PUT /positions/edit/:id calls forwardRequestWithFailover","invocations":1,"location":null,"numPassingAsserts":2,"retryReasons":[],"startAt":1753393500293,"status":"passed","title":"PUT /positions/edit/:id calls forwardRequestWithFailover"},{"ancestorTitles":["Employee Router"],"duration":8,"failing":false,"failureDetails":[],"failureMessages":[],"fullName":"Employee Router GET /positions/list calls forwardRequestWithFailover","invocations":1,"location":null,"numPassingAsserts":2,"retryReasons":[],"startAt":1753393500302,"status":"passed","title":"GET /positions/list calls forwardRequestWithFailover"},{"ancestorTitles":["Employee Router"],"duration":10,"failing":false,"failureDetails":[],"failureMessages":[],"fullName":"Employee Router POST /contract-types/add calls forwardRequestWithFailover","invocations":1,"location":null,"numPassingAsserts":2,"retryReasons":[],"startAt":1753393500310,"status":"passed","title":"POST /contract-types/add calls forwardRequestWithFailover"},{"ancestorTitles":["Employee Router"],"duration":9,"failing":false,"failureDetails":[],"failureMessages":[],"fullName":"Employee Router PUT /contract-types/edit/:id calls forwardRequestWithFailover","invocations":1,"location":null,"numPassingAsserts":2,"retryReasons":[],"startAt":1753393500320,"status":"passed","title":"PUT /contract-types/edit/:id calls forwardRequestWithFailover"},{"ancestorTitles":["Employee Router"],"duration":9,"failing":false,"failureDetails":[],"failureMessages":[],"fullName":"Employee Router GET /contract-types/list calls forwardRequestWithFailover","invocations":1,"location":null,"numPassingAsserts":2,"retryReasons":[],"startAt":1753393500329,"status":"passed","title":"GET /contract-types/list calls forwardRequestWithFailover"},{"ancestorTitles":["Employee Router"],"duration":10,"failing":false,"failureDetails":[],"failureMessages":[],"fullName":"Employee Router GET /marital-status/list calls forwardRequestWithFailover","invocations":1,"location":null,"numPassingAsserts":2,"retryReasons":[],"startAt":1753393500338,"status":"passed","title":"GET /marital-status/list calls forwardRequestWithFailover"},{"ancestorTitles":["Employee Router"],"duration":12,"failing":false,"failureDetails":[],"failureMessages":[],"fullName":"Employee Router Proxy fallback for /statuses","invocations":1,"location":null,"numPassingAsserts":1,"retryReasons":[],"startAt":1753393500348,"status":"passed","title":"Proxy fallback for /statuses"},{"ancestorTitles":["Employee Router"],"duration":7,"failing":false,"failureDetails":[],"failureMessages":[],"fullName":"Employee Router Proxy fallback for /image","invocations":1,"location":null,"numPassingAsserts":1,"retryReasons":[],"startAt":1753393500360,"status":"passed","title":"Proxy fallback for /image"},{"ancestorTitles":["Employee Router"],"duration":5,"failing":false,"failureDetails":[],"failureMessages":[],"fullName":"Employee Router Proxy fallback for /dashboards","invocations":1,"location":null,"numPassingAsserts":1,"retryReasons":[],"startAt":1753393500367,"status":"passed","title":"Proxy fallback for /dashboards"},{"ancestorTitles":["Employee Router"],"duration":22,"failing":false,"failureDetails":[],"failureMessages":[],"fullName":"Employee Router Error handler for /employees/list","invocations":1,"location":null,"numPassingAsserts":3,"retryReasons":[],"startAt":1753393500372,"status":"passed","title":"Error handler for /employees/list"},{"ancestorTitles":["Employee Router"],"duration":18,"failing":false,"failureDetails":[],"failureMessages":[],"fullName":"Employee Router Error handler for /departments/list","invocations":1,"location":null,"numPassingAsserts":3,"retryReasons":[],"startAt":1753393500394,"status":"passed","title":"Error handler for /departments/list"},{"ancestorTitles":["Employee Router"],"duration":17,"failing":false,"failureDetails":[],"failureMessages":[],"fullName":"Employee Router Error handler for /positions/list","invocations":1,"location":null,"numPassingAsserts":3,"retryReasons":[],"startAt":1753393500412,"status":"passed","title":"Error handler for /positions/list"},{"ancestorTitles":["Employee Router"],"duration":24,"failing":false,"failureDetails":[],"failureMessages":[],"fullName":"Employee Router Error handler for /contract-types/list","invocations":1,"location":null,"numPassingAsserts":3,"retryReasons":[],"startAt":1753393500429,"status":"passed","title":"Error handler for /contract-types/list"},{"ancestorTitles":["Employee Router"],"duration":18,"failing":false,"failureDetails":[],"failureMessages":[],"fullName":"Employee Router Error handler for /marital-status/list","invocations":1,"location":null,"numPassingAsserts":3,"retryReasons":[],"startAt":1753393500453,"status":"passed","title":"Error handler for /marital-status/list"},{"ancestorTitles":["Employee Router"],"duration":6,"failing":false,"failureDetails":[],"failureMessages":[],"fullName":"Employee Router handleServiceError does not send response if headersSent","invocations":1,"location":null,"numPassingAsserts":2,"retryReasons":[],"startAt":1753393500471,"status":"passed","title":"handleServiceError does not send response if headersSent"},{"ancestorTitles":["Employee Router"],"duration":33,"failing":false,"failureDetails":[],"failureMessages":[],"fullName":"Employee Router Proxy middleware onError handles error","invocations":1,"location":null,"numPassingAsserts":2,"retryReasons":[],"startAt":1753393500478,"status":"passed","title":"Proxy middleware onError handles error"},{"ancestorTitles":["Employee Router"],"duration":7,"failing":false,"failureDetails":[],"failureMessages":[],"fullName":"Employee Router handleServiceError fallback to \"Service unavailable\"","invocations":1,"location":null,"numPassingAsserts":2,"retryReasons":[],"startAt":1753393500511,"status":"passed","title":"handleServiceError fallback to \"Service unavailable\""},{"ancestorTitles":["Employee Router"],"duration":16,"failing":false,"failureDetails":[],"failureMessages":[],"fullName":"Employee Router Error handler for /departments/add","invocations":1,"location":null,"numPassingAsserts":3,"retryReasons":[],"startAt":1753393500518,"status":"passed","title":"Error handler for /departments/add"},{"ancestorTitles":["Employee Router"],"duration":16,"failing":false,"failureDetails":[],"failureMessages":[],"fullName":"Employee Router Error handler for /departments/edit/:id","invocations":1,"location":null,"numPassingAsserts":3,"retryReasons":[],"startAt":1753393500534,"status":"passed","title":"Error handler for /departments/edit/:id"},{"ancestorTitles":["Employee Router"],"duration":12,"failing":false,"failureDetails":[],"failureMessages":[],"fullName":"Employee Router Error handler for /positions/add","invocations":1,"location":null,"numPassingAsserts":3,"retryReasons":[],"startAt":1753393500550,"status":"passed","title":"Error handler for /positions/add"},{"ancestorTitles":["Employee Router"],"duration":14,"failing":false,"failureDetails":[],"failureMessages":[],"fullName":"Employee Router Error handler for /positions/edit/:id","invocations":1,"location":null,"numPassingAsserts":3,"retryReasons":[],"startAt":1753393500562,"status":"passed","title":"Error handler for /positions/edit/:id"},{"ancestorTitles":["Employee Router"],"duration":13,"failing":false,"failureDetails":[],"failureMessages":[],"fullName":"Employee Router Error handler for /contract-types/add","invocations":1,"location":null,"numPassingAsserts":3,"retryReasons":[],"startAt":1753393500576,"status":"passed","title":"Error handler for /contract-types/add"},{"ancestorTitles":["Employee Router"],"duration":14,"failing":false,"failureDetails":[],"failureMessages":[],"fullName":"Employee Router Error handler for /contract-types/edit/:id","invocations":1,"location":null,"numPassingAsserts":3,"retryReasons":[],"startAt":1753393500590,"status":"passed","title":"Error handler for /contract-types/edit/:id"},{"ancestorTitles":["Employee Router"],"duration":20,"failing":false,"failureDetails":[],"failureMessages":[],"fullName":"Employee Router Error handler for /positions/list","invocations":1,"location":null,"numPassingAsserts":3,"retryReasons":[],"startAt":1753393500604,"status":"passed","title":"Error handler for /positions/list"},{"ancestorTitles":["Employee Router"],"duration":20,"failing":false,"failureDetails":[],"failureMessages":[],"fullName":"Employee Router Error handler for /contract-types/list","invocations":1,"location":null,"numPassingAsserts":3,"retryReasons":[],"startAt":1753393500625,"status":"passed","title":"Error handler for /contract-types/list"},{"ancestorTitles":["Employee Router"],"duration":14,"failing":false,"failureDetails":[],"failureMessages":[],"fullName":"Employee Router Error handler for /marital-status/list","invocations":1,"location":null,"numPassingAsserts":3,"retryReasons":[],"startAt":1753393500645,"status":"passed","title":"Error handler for /marital-status/list"},{"ancestorTitles":["Employee Router"],"duration":12,"failing":false,"failureDetails":[],"failureMessages":[],"fullName":"Employee Router Error handler for /employees/upload","invocations":1,"location":null,"numPassingAsserts":3,"retryReasons":[],"startAt":1753393500659,"status":"passed","title":"Error handler for /employees/upload"},{"ancestorTitles":["Employee Router"],"duration":15,"failing":false,"failureDetails":[],"failureMessages":[],"fullName":"Employee Router Error handler for /employees/download","invocations":1,"location":null,"numPassingAsserts":3,"retryReasons":[],"startAt":1753393500671,"status":"passed","title":"Error handler for /employees/download"},{"ancestorTitles":["Employee Router"],"duration":6,"failing":false,"failureDetails":[],"failureMessages":[],"fullName":"Employee Router handleServiceError uses error.toString() if no message","invocations":1,"location":null,"numPassingAsserts":2,"retryReasons":[],"startAt":1753393500686,"status":"passed","title":"handleServiceError uses error.toString() if no message"},{"ancestorTitles":["Employee Router"],"duration":5,"failing":false,"failureDetails":[],"failureMessages":[],"fullName":"Employee Router Proxy middleware onError uses err.toString() if no message","invocations":1,"location":null,"numPassingAsserts":2,"retryReasons":[],"startAt":1753393500692,"status":"passed","title":"Proxy middleware onError uses err.toString() if no message"}],"endTime":1753393500702,"message":"","name":"D:\\projectBackend\\microservice-payroll\\gateway\\test\\jest\\unit\\employee.test.js","startTime":1753393497857,"status":"passed","summary":""}],"wasInterrupted":false,"coverageMap":{"D:\\projectBackend\\microservice-payroll\\gateway\\utils\\requestHandler.js":{"path":"D:\\projectBackend\\microservice-payroll\\gateway\\utils\\requestHandler.js","statementMap":{"0":{"start":{"line":2,"column":14},"end":{"line":2,"column":30}},"1":{"start":{"line":7,"column":26},"end":{"line":30,"column":1}},"2":{"start":{"line":8,"column":2},"end":{"line":29,"column":4}},"3":{"start":{"line":35,"column":31},"end":{"line":45,"column":1}},"4":{"start":{"line":36,"column":23},"end":{"line":36,"column":38}},"5":{"start":{"line":39,"column":2},"end":{"line":42,"column":3}},"6":{"start":{"line":40,"column":24},"end":{"line":40,"column":39}},"7":{"start":{"line":41,"column":4},"end":{"line":41,"column":23}},"8":{"start":{"line":44,"column":2},"end":{"line":44,"column":14}},"9":{"start":{"line":50,"column":27},"end":{"line":62,"column":1}},"10":{"start":{"line":51,"column":2},"end":{"line":61,"column":3}},"11":{"start":{"line":52,"column":21},"end":{"line":55,"column":6}},"12":{"start":{"line":54,"column":34},"end":{"line":54,"column":48}},"13":{"start":{"line":57,"column":4},"end":{"line":57,"column":63}},"14":{"start":{"line":59,"column":4},"end":{"line":59,"column":82}},"15":{"start":{"line":60,"column":4},"end":{"line":60,"column":17}},"16":{"start":{"line":67,"column":35},"end":{"line":118,"column":1}},"17":{"start":{"line":68,"column":22},"end":{"line":68,"column":50}},"18":{"start":{"line":69,"column":25},"end":{"line":69,"column":44}},"19":{"start":{"line":71,"column":2},"end":{"line":71,"column":84}},"20":{"start":{"line":74,"column":22},"end":{"line":74,"column":49}},"21":{"start":{"line":76,"column":2},"end":{"line":79,"column":3}},"22":{"start":{"line":77,"column":4},"end":{"line":77,"column":94}},"23":{"start":{"line":78,"column":4},"end":{"line":78,"column":70}},"24":{"start":{"line":81,"column":32},"end":{"line":81,"column":59}},"25":{"start":{"line":83,"column":2},"end":{"line":117,"column":3}},"26":{"start":{"line":85,"column":4},"end":{"line":85,"column":76}},"27":{"start":{"line":86,"column":4},"end":{"line":86,"column":59}},"28":{"start":{"line":87,"column":4},"end":{"line":87,"column":66}},"29":{"start":{"line":89,"column":4},"end":{"line":89,"column":87}},"30":{"start":{"line":91,"column":4},"end":{"line":116,"column":5}},"31":{"start":{"line":93,"column":6},"end":{"line":93,"column":89}},"32":{"start":{"line":94,"column":6},"end":{"line":94,"column":62}},"33":{"start":{"line":97,"column":6},"end":{"line":97,"column":86}},"34":{"start":{"line":99,"column":6},"end":{"line":99,"column":87}},"35":{"start":{"line":100,"column":6},"end":{"line":100,"column":60}},"36":{"start":{"line":101,"column":6},"end":{"line":101,"column":62}},"37":{"start":{"line":104,"column":6},"end":{"line":115,"column":7}},"38":{"start":{"line":105,"column":8},"end":{"line":114,"column":11}},"39":{"start":{"line":123,"column":23},"end":{"line":188,"column":1}},"40":{"start":{"line":124,"column":2},"end":{"line":187,"column":3}},"41":{"start":{"line":125,"column":19},"end":{"line":135,"column":5}},"42":{"start":{"line":138,"column":4},"end":{"line":140,"column":5}},"43":{"start":{"line":139,"column":6},"end":{"line":139,"column":29}},"44":{"start":{"line":143,"column":4},"end":{"line":155,"column":5}},"45":{"start":{"line":144,"column":23},"end":{"line":144,"column":43}},"46":{"start":{"line":145,"column":23},"end":{"line":145,"column":37}},"47":{"start":{"line":146,"column":6},"end":{"line":149,"column":9}},"48":{"start":{"line":150,"column":6},"end":{"line":150,"column":29}},"49":{"start":{"line":151,"column":6},"end":{"line":154,"column":8}},"50":{"start":{"line":157,"column":4},"end":{"line":157,"column":69}},"51":{"start":{"line":158,"column":21},"end":{"line":158,"column":40}},"52":{"start":{"line":159,"column":4},"end":{"line":159,"column":60}},"53":{"start":{"line":162,"column":4},"end":{"line":169,"column":5}},"54":{"start":{"line":163,"column":6},"end":{"line":163,"column":30}},"55":{"start":{"line":166,"column":6},"end":{"line":168,"column":7}},"56":{"start":{"line":167,"column":8},"end":{"line":167,"column":56}},"57":{"start":{"line":171,"column":4},"end":{"line":171,"column":87}},"58":{"start":{"line":173,"column":4},"end":{"line":186,"column":5}},"59":{"start":{"line":175,"column":6},"end":{"line":177,"column":7}},"60":{"start":{"line":176,"column":8},"end":{"line":176,"column":68}},"61":{"start":{"line":179,"column":6},"end":{"line":179,"column":13}},"62":{"start":{"line":180,"column":11},"end":{"line":186,"column":5}},"63":{"start":{"line":182,"column":6},"end":{"line":182,"column":65}},"64":{"start":{"line":185,"column":6},"end":{"line":185,"column":71}},"65":{"start":{"line":190,"column":0},"end":{"line":195,"column":2}}},"fnMap":{"0":{"name":"(anonymous_0)","decl":{"start":{"line":7,"column":26},"end":{"line":7,"column":27}},"loc":{"start":{"line":7,"column":32},"end":{"line":30,"column":1}},"line":7},"1":{"name":"(anonymous_1)","decl":{"start":{"line":35,"column":31},"end":{"line":35,"column":32}},"loc":{"start":{"line":35,"column":41},"end":{"line":45,"column":1}},"line":35},"2":{"name":"(anonymous_2)","decl":{"start":{"line":50,"column":27},"end":{"line":50,"column":28}},"loc":{"start":{"line":50,"column":49},"end":{"line":62,"column":1}},"line":50},"3":{"name":"(anonymous_3)","decl":{"start":{"line":54,"column":22},"end":{"line":54,"column":23}},"loc":{"start":{"line":54,"column":34},"end":{"line":54,"column":48}},"line":54},"4":{"name":"(anonymous_4)","decl":{"start":{"line":67,"column":35},"end":{"line":67,"column":36}},"loc":{"start":{"line":67,"column":94},"end":{"line":118,"column":1}},"line":67},"5":{"name":"(anonymous_5)","decl":{"start":{"line":123,"column":23},"end":{"line":123,"column":24}},"loc":{"start":{"line":123,"column":75},"end":{"line":188,"column":1}},"line":123}},"branchMap":{"0":{"loc":{"start":{"line":10,"column":15},"end":{"line":10,"column":74}},"type":"binary-expr","locations":[{"start":{"line":10,"column":15},"end":{"line":10,"column":47}},{"start":{"line":10,"column":51},"end":{"line":10,"column":74}}],"line":10},"1":{"loc":{"start":{"line":11,"column":16},"end":{"line":11,"column":74}},"type":"binary-expr","locations":[{"start":{"line":11,"column":16},"end":{"line":11,"column":47}},{"start":{"line":11,"column":51},"end":{"line":11,"column":74}}],"line":11},"2":{"loc":{"start":{"line":14,"column":15},"end":{"line":14,"column":74}},"type":"binary-expr","locations":[{"start":{"line":14,"column":15},"end":{"line":14,"column":47}},{"start":{"line":14,"column":51},"end":{"line":14,"column":74}}],"line":14},"3":{"loc":{"start":{"line":15,"column":16},"end":{"line":15,"column":74}},"type":"binary-expr","locations":[{"start":{"line":15,"column":16},"end":{"line":15,"column":47}},{"start":{"line":15,"column":51},"end":{"line":15,"column":74}}],"line":15},"4":{"loc":{"start":{"line":18,"column":15},"end":{"line":18,"column":74}},"type":"binary-expr","locations":[{"start":{"line":18,"column":15},"end":{"line":18,"column":47}},{"start":{"line":18,"column":51},"end":{"line":18,"column":74}}],"line":18},"5":{"loc":{"start":{"line":19,"column":16},"end":{"line":19,"column":74}},"type":"binary-expr","locations":[{"start":{"line":19,"column":16},"end":{"line":19,"column":47}},{"start":{"line":19,"column":51},"end":{"line":19,"column":74}}],"line":19},"6":{"loc":{"start":{"line":22,"column":15},"end":{"line":22,"column":74}},"type":"binary-expr","locations":[{"start":{"line":22,"column":15},"end":{"line":22,"column":47}},{"start":{"line":22,"column":51},"end":{"line":22,"column":74}}],"line":22},"7":{"loc":{"start":{"line":23,"column":16},"end":{"line":23,"column":74}},"type":"binary-expr","locations":[{"start":{"line":23,"column":16},"end":{"line":23,"column":47}},{"start":{"line":23,"column":51},"end":{"line":23,"column":74}}],"line":23},"8":{"loc":{"start":{"line":26,"column":15},"end":{"line":26,"column":74}},"type":"binary-expr","locations":[{"start":{"line":26,"column":15},"end":{"line":26,"column":47}},{"start":{"line":26,"column":51},"end":{"line":26,"column":74}}],"line":26},"9":{"loc":{"start":{"line":27,"column":16},"end":{"line":27,"column":74}},"type":"binary-expr","locations":[{"start":{"line":27,"column":16},"end":{"line":27,"column":47}},{"start":{"line":27,"column":51},"end":{"line":27,"column":74}}],"line":27},"10":{"loc":{"start":{"line":39,"column":2},"end":{"line":42,"column":3}},"type":"if","locations":[{"start":{"line":39,"column":2},"end":{"line":42,"column":3}},{"start":{},"end":{}}],"line":39},"11":{"loc":{"start":{"line":57,"column":11},"end":{"line":57,"column":62}},"type":"binary-expr","locations":[{"start":{"line":57,"column":11},"end":{"line":57,"column":24}},{"start":{"line":57,"column":28},"end":{"line":57,"column":62}}],"line":57},"12":{"loc":{"start":{"line":67,"column":77},"end":{"line":67,"column":89}},"type":"default-arg","locations":[{"start":{"line":67,"column":87},"end":{"line":67,"column":89}}],"line":67},"13":{"loc":{"start":{"line":76,"column":2},"end":{"line":79,"column":3}},"type":"if","locations":[{"start":{"line":76,"column":2},"end":{"line":79,"column":3}},{"start":{},"end":{}}],"line":76},"14":{"loc":{"start":{"line":104,"column":6},"end":{"line":115,"column":7}},"type":"if","locations":[{"start":{"line":104,"column":6},"end":{"line":115,"column":7}},{"start":{},"end":{}}],"line":104},"15":{"loc":{"start":{"line":123,"column":58},"end":{"line":123,"column":70}},"type":"default-arg","locations":[{"start":{"line":123,"column":68},"end":{"line":123,"column":70}}],"line":123},"16":{"loc":{"start":{"line":138,"column":4},"end":{"line":140,"column":5}},"type":"if","locations":[{"start":{"line":138,"column":4},"end":{"line":140,"column":5}},{"start":{},"end":{}}],"line":138},"17":{"loc":{"start":{"line":138,"column":8},"end":{"line":138,"column":40}},"type":"binary-expr","locations":[{"start":{"line":138,"column":8},"end":{"line":138,"column":28}},{"start":{"line":138,"column":32},"end":{"line":138,"column":40}}],"line":138},"18":{"loc":{"start":{"line":143,"column":4},"end":{"line":155,"column":5}},"type":"if","locations":[{"start":{"line":143,"column":4},"end":{"line":155,"column":5}},{"start":{},"end":{}}],"line":143},"19":{"loc":{"start":{"line":162,"column":4},"end":{"line":169,"column":5}},"type":"if","locations":[{"start":{"line":162,"column":4},"end":{"line":169,"column":5}},{"start":{"line":164,"column":11},"end":{"line":169,"column":5}}],"line":162},"20":{"loc":{"start":{"line":166,"column":6},"end":{"line":168,"column":7}},"type":"if","locations":[{"start":{"line":166,"column":6},"end":{"line":168,"column":7}},{"start":{},"end":{}}],"line":166},"21":{"loc":{"start":{"line":173,"column":4},"end":{"line":186,"column":5}},"type":"if","locations":[{"start":{"line":173,"column":4},"end":{"line":186,"column":5}},{"start":{"line":180,"column":11},"end":{"line":186,"column":5}}],"line":173},"22":{"loc":{"start":{"line":175,"column":6},"end":{"line":177,"column":7}},"type":"if","locations":[{"start":{"line":175,"column":6},"end":{"line":177,"column":7}},{"start":{},"end":{}}],"line":175},"23":{"loc":{"start":{"line":180,"column":11},"end":{"line":186,"column":5}},"type":"if","locations":[{"start":{"line":180,"column":11},"end":{"line":186,"column":5}},{"start":{"line":183,"column":11},"end":{"line":186,"column":5}}],"line":180}},"s":{"0":1,"1":1,"2":11,"3":1,"4":9,"5":9,"6":8,"7":8,"8":1,"9":1,"10":5,"11":5,"12":4,"13":3,"14":2,"15":2,"16":1,"17":9,"18":9,"19":9,"20":9,"21":9,"22":3,"23":3,"24":6,"25":6,"26":6,"27":6,"28":2,"29":4,"30":4,"31":4,"32":4,"33":2,"34":2,"35":2,"36":2,"37":2,"38":2,"39":1,"40":25,"41":25,"42":25,"43":2,"44":25,"45":1,"46":1,"47":1,"48":1,"49":1,"50":25,"51":25,"52":13,"53":13,"54":1,"55":12,"56":11,"57":12,"58":12,"59":4,"60":3,"61":4,"62":8,"63":0,"64":8,"65":1},"f":{"0":11,"1":9,"2":5,"3":4,"4":9,"5":25},"b":{"0":[11,10],"1":[11,10],"2":[11,10],"3":[11,10],"4":[11,10],"5":[11,10],"6":[11,10],"7":[11,10],"8":[11,10],"9":[11,10],"10":[8,1],"11":[3,3],"12":[9],"13":[3,6],"14":[2,0],"15":[11],"16":[2,23],"17":[25,3],"18":[1,24],"19":[1,12],"20":[11,1],"21":[4,8],"22":[3,1],"23":[0,8]},"_coverageSchema":"1a1c01bbd47fc00a2c39e90264f33305004495a9","hash":"bc2019e5dcdf8ab583665b7eb79467cec2738a55"},"D:\\projectBackend\\microservice-payroll\\gateway\\routes\\auth.js":{"path":"D:\\projectBackend\\microservice-payroll\\gateway\\routes\\auth.js","statementMap":{"0":{"start":{"line":1,"column":16},"end":{"line":1,"column":34}},"1":{"start":{"line":2,"column":34},"end":{"line":2,"column":66}},"2":{"start":{"line":3,"column":27},"end":{"line":3,"column":61}},"3":{"start":{"line":5,"column":15},"end":{"line":5,"column":31}},"4":{"start":{"line":7,"column":0},"end":{"line":69,"column":2}},"5":{"start":{"line":9,"column":20},"end":{"line":27,"column":4}},"6":{"start":{"line":15,"column":6},"end":{"line":15,"column":46}},"7":{"start":{"line":16,"column":20},"end":{"line":16,"column":41}},"8":{"start":{"line":17,"column":6},"end":{"line":21,"column":7}},"9":{"start":{"line":18,"column":8},"end":{"line":18,"column":30}},"10":{"start":{"line":19,"column":13},"end":{"line":21,"column":7}},"11":{"start"
[...]
:{"line":136,"column":50},"end":{"line":136,"column":51}},"loc":{"start":{"line":136,"column":70},"end":{"line":143,"column":3}},"line":136},"17":{"name":"(anonymous_17)","decl":{"start":{"line":145,"column":49},"end":{"line":145,"column":50}},"loc":{"start":{"line":145,"column":69},"end":{"line":152,"column":3}},"line":145},"18":{"name":"(anonymous_18)","decl":{"start":{"line":154,"column":44},"end":{"line":154,"column":45}},"loc":{"start":{"line":154,"column":64},"end":{"line":161,"column":3}},"line":154},"19":{"name":"(anonymous_19)","decl":{"start":{"line":163,"column":50},"end":{"line":163,"column":51}},"loc":{"start":{"line":163,"column":70},"end":{"line":169,"column":3}},"line":163},"20":{"name":"(anonymous_20)","decl":{"start":{"line":171,"column":53},"end":{"line":171,"column":54}},"loc":{"start":{"line":171,"column":73},"end":{"line":177,"column":3}},"line":171},"21":{"name":"(anonymous_21)","decl":{"start":{"line":183,"column":27},"end":{"line":183,"column":28}},"loc":{"start":{"line":183,"column":51},"end":{"line":218,"column":1}},"line":183},"22":{"name":"(anonymous_22)","decl":{"start":{"line":184,"column":31},"end":{"line":184,"column":32}},"loc":{"start":{"line":184,"column":51},"end":{"line":191,"column":3}},"line":184},"23":{"name":"(anonymous_23)","decl":{"start":{"line":193,"column":36},"end":{"line":193,"column":37}},"loc":{"start":{"line":193,"column":56},"end":{"line":200,"column":3}},"line":193},"24":{"name":"(anonymous_24)","decl":{"start":{"line":202,"column":31},"end":{"line":202,"column":32}},"loc":{"start":{"line":202,"column":51},"end":{"line":209,"column":3}},"line":202},"25":{"name":"(anonymous_25)","decl":{"start":{"line":211,"column":37},"end":{"line":211,"column":38}},"loc":{"start":{"line":211,"column":57},"end":{"line":217,"column":3}},"line":211},"26":{"name":"(anonymous_26)","decl":{"start":{"line":223,"column":17},"end":{"line":223,"column":18}},"loc":{"start":{"line":223,"column":42},"end":{"line":241,"column":1}},"line":223}},"branchMap":{"0":{"loc":{"start":{"line":29,"column":40},"end":{"line":29,"column":63}},"type":"default-arg","locations":[{"start":{"line":29,"column":54},"end":{"line":29,"column":63}}],"line":29},"1":{"loc":{"start":{"line":32,"column":2},"end":{"line":37,"column":3}},"type":"if","locations":[{"start":{"line":32,"column":2},"end":{"line":37,"column":3}},{"start":{},"end":{}}],"line":32}},"s":{"0":1,"1":1,"2":1,"3":1,"4":1,"5":32,"6":2,"7":2,"8":1,"9":7,"10":7,"11":6,"12":1,"13":32,"14":2,"15":2,"16":2,"17":1,"18":32,"19":2,"20":2,"21":1,"22":32,"23":1,"24":1,"25":0,"26":32,"27":1,"28":1,"29":0,"30":32,"31":1,"32":1,"33":0,"34":1,"35":32,"36":1,"37":1,"38":1,"39":0,"40":32,"41":2,"42":2,"43":1,"44":32,"45":1,"46":1,"47":0,"48":32,"49":1,"50":1,"51":0,"52":32,"53":1,"54":1,"55":0,"56":1,"57":32,"58":1,"59":1,"60":1,"61":0,"62":32,"63":1,"64":1,"65":1,"66":0,"67":32,"68":2,"69":2,"70":2,"71":1,"72":32,"73":1,"74":1,"75":0,"76":32,"77":1,"78":1,"79":0,"80":1,"81":32,"82":1,"83":1,"84":1,"85":0,"86":32,"87":1,"88":1,"89":1,"90":0,"91":32,"92":2,"93":2,"94":2,"95":1,"96":32,"97":1,"98":1,"99":0,"100":1,"101":32,"102":32,"103":32,"104":32,"105":32,"106":32,"107":32,"108":32,"109":32,"110":32,"111":32,"112":1},"f":{"0":32,"1":2,"2":7,"3":32,"4":2,"5":2,"6":1,"7":1,"8":1,"9":32,"10":1,"11":2,"12":1,"13":1,"14":1,"15":32,"16":1,"17":1,"18":2,"19":1,"20":1,"21":32,"22":1,"23":1,"24":2,"25":1,"26":32},"b":{"0":[5],"1":[6,1]},"_coverageSchema":"1a1c01bbd47fc00a2c39e90264f33305004495a9","hash":"af58c2ef8eb356d74dbfe074134bafa129b42319"},"D:\\projectBackend\\microservice-payroll\\gateway\\routes\\employee.js":{"path":"D:\\projectBackend\\microservice-payroll\\gateway\\routes\\employee.js","statementMap":{"0":{"start":{"line":1,"column":16},"end":{"line":1,"column":34}},"1":{"start":{"line":2,"column":34},"end":{"line":2,"column":66}},"2":{"start":{"line":3,"column":15},"end":{"line":3,"column":32}},"3":{"start":{"line":4,"column":39},"end":{"line":4,"column":73}},"4":{"start":{"line":6,"column":15},"end":{"line":6,"column":31}},"5":{"start":{"line":7,"column":19},"end":{"line":7,"column":62}},"6":{"start":{"line":9,"column":28},"end":{"line":23,"column":1}},"7":{"start":{"line":10,"column":2},"end":{"line":22,"column":5}},"8":{"start":{"line":16,"column":6},"end":{"line":16,"column":50}},"9":{"start":{"line":17,"column":6},"end":{"line":20,"column":9}},"10":{"start":{"line":25,"column":27},"end":{"line":39,"column":1}},"11":{"start":{"line":26,"column":2},"end":{"line":26,"column":73}},"12":{"start":{"line":27,"column":2},"end":{"line":38,"column":3}},"13":{"start":{"line":28,"column":18},"end":{"line":28,"column":39}},"14":{"start":{"line":29,"column":4},"end":{"line":33,"column":5}},"15":{"start":{"line":30,"column":6},"end":{"line":30,"column":30}},"16":{"start":{"line":31,"column":11},"end":{"line":33,"column":5}},"17":{"start":{"line":32,"column":6},"end":{"line":32,"column":33}},"18":{"start":{"line":34,"column":4},"end":{"line":37,"column":7}},"19":{"start":{"line":41,"column":28},"end":{"line":124,"column":1}},"20":{"start":{"line":42,"column":2},"end":{"line":49,"column":5}},"21":{"start":{"line":43,"column":4},"end":{"line":43,"column":76}},"22":{"start":{"line":44,"column":4},"end":{"line":48,"column":5}},"23":{"start":{"line":45,"column":6},"end":{"line":45,"column":82}},"24":{"start":{"line":47,"column":6},"end":{"line":47,"column":37}},"25":{"start":{"line":51,"column":2},"end":{"line":58,"column":5}},"26":{"start":{"line":52,"column":4},"end":{"line":52,"column":77}},"27":{"start":{"line":53,"column":4},"end":{"line":57,"column":5}},"28":{"start":{"line":54,"column":6},"end":{"line":54,"column":100}},"29":{"start":{"line":56,"column":6},"end":{"line":56,"column":37}},"30":{"start":{"line":60,"column":2},"end":{"line":67,"column":5}},"31":{"start":{"line":61,"column":4},"end":{"line":61,"column":79}},"32":{"start":{"line":62,"column":4},"end":{"line":66,"column":5}},"33":{"start":{"line":63,"column":6},"end":{"line":63,"column":102}},"34":{"start":{"line":65,"column":6},"end":{"line":65,"column":37}},"35":{"start":{"line":69,"column":2},"end":{"line":76,"column":5}},"36":{"start":{"line":70,"column":4},"end":{"line":70,"column":79}},"37":{"start":{"line":71,"column":4},"end":{"line":75,"column":5}},"38":{"start":{"line":72,"column":6},"end":{"line":72,"column":102}},"39":{"start":{"line":74,"column":6},"end":{"line":74,"column":37}},"40":{"start":{"line":78,"column":2},"end":{"line":85,"column":5}},"41":{"start":{"line":79,"column":4},"end":{"line":79,"column":77}},"42":{"start":{"line":80,"column":4},"end":{"line":84,"column":5}},"43":{"start":{"line":81,"column":6},"end":{"line":81,"column":83}},"44":{"start":{"line":83,"column":6},"end":{"line":83,"column":37}},"45":{"start":{"line":87,"column":2},"end":{"line":94,"column":5}},"46":{"start":{"line":88,"column":4},"end":{"line":88,"column":80}},"47":{"start":{"line":89,"column":4},"end":{"line":93,"column":5}},"48":{"start":{"line":90,"column":6},"end":{"line":90,"column":86}},"49":{"start":{"line":92,"column":6},"end":{"line":92,"column":37}},"50":{"start":{"line":96,"column":2},"end":{"line":103,"column":5}},"51":{"start":{"line":97,"column":4},"end":{"line":97,"column":78}},"52":{"start":{"line":98,"column":4},"end":{"line":102,"column":5}},"53":{"start":{"line":99,"column":6},"end":{"line":99,"column":101}},"54":{"start":{"line":101,"column":6},"end":{"line":101,"column":37}},"55":{"start":{"line":105,"column":2},"end":{"line":112,"column":5}},"56":{"start":{"line":106,"column":4},"end":{"line":106,"column":79}},"57":{"start":{"line":107,"column":4},"end":{"line":111,"column":5}},"58":{"start":{"line":108,"column":6},"end":{"line":108,"column":85}},"59":{"start":{"line":110,"column":6},"end":{"line":110,"column":37}},"60":{"start":{"line":114,"column":2},"end":{"line":123,"column":5}},"61":{"start":{"line":115,"column":4},"end":{"line":115,"column":81}},"62":{"start":{"line":116,"column":4},"end":{"line":122,"column":5}},"63":{"start":{"line":117,"column":6},"end":{"line":119,"column":9}},"64":{"start":{"line":121,"column":6},"end":{"line":121,"column":37}},"65":{"start":{"line":126,"column":32},"end":{"line":216,"column":1}},"66":{"start":{"line":127,"column":2},"end":{"line":134,"column":5}},"67":{"start":{"line":128,"column":4},"end":{"line":128,"column":78}},"68":{"start":{"line":129,"column":4},"end":{"line":133,"column":5}},"69":{"start":{"line":130,"column":6},"end":{"line":130,"column":84}},"70":{"start":{"line":132,"column":6},"end":{"line":132,"column":37}},"71":{"start":{"line":136,"column":2},"end":{"line":143,"column":5}},"72":{"start":{"line":137,"column":4},"end":{"line":137,"column":79}},"73":{"start":{"line":138,"column":4},"end":{"line":142,"column":5}},"74":{"start":{"line":139,"column":6},"end":{"line":139,"column":102}},"75":{"start":{"line":141,"column":6},"end":{"line":141,"column":37}},"76":{"start":{"line":145,"column":2},"end":{"line":152,"column":5}},"77":{"start":{"line":146,"column":4},"end":{"line":146,"column":79}},"78":{"start":{"line":147,"column":4},"end":{"line":151,"column":5}},"79":{"start":{"line":148,"column":6},"end":{"line":148,"column":85}},"80":{"start":{"line":150,"column":6},"end":{"line":150,"column":37}},"81":{"start":{"line":154,"column":2},"end":{"line":161,"column":5}},"82":{"start":{"line":155,"column":4},"end":{"line":155,"column":76}},"83":{"start":{"line":156,"column":4},"end":{"line":160,"column":5}},"84":{"start":{"line":157,"column":6},"end":{"line":157,"column":82}},"85":{"start":{"line":159,"column":6},"end":{"line":159,"column":37}},"86":{"start":{"line":163,"column":2},"end":{"line":170,"column":5}},"87":{"start":{"line":164,"column":4},"end":{"line":164,"column":77}},"88":{"start":{"line":165,"column":4},"end":{"line":169,"column":5}},"89":{"start":{"line":166,"column":6},"end":{"line":166,"column":100}},"90":{"start":{"line":168,"column":6},"end":{"line":168,"column":37}},"91":{"start":{"line":172,"column":2},"end":{"line":179,"column":5}},"92":{"start":{"line":173,"column":4},"end":{"line":173,"column":77}},"93":{"start":{"line":174,"column":4},"end":{"line":178,"column":5}},"94":{"start":{"line":175,"column":6},"end":{"line":175,"column":83}},"95":{"start":{"line":177,"column":6},"end":{"line":177,"column":37}},"96":{"start":{"line":181,"column":2},"end":{"line":188,"column":5}},"97":{"start":{"line":182,"column":4},"end":{"line":182,"column":81}},"98":{"start":{"line":183,"column":4},"end":{"line":187,"column":5}},"99":{"start":{"line":184,"column":6},"end":{"line":184,"column":87}},"100":{"start":{"line":186,"column":6},"end":{"line":186,"column":37}},"101":{"start":{"line":190,"column":2},"end":{"line":197,"column":5}},"102":{"start":{"line":191,"column":4},"end":{"line":191,"column":82}},"103":{"start":{"line":192,"column":4},"end":{"line":196,"column":5}},"104":{"start":{"line":193,"column":6},"end":{"line":193,"column":105}},"105":{"start":{"line":195,"column":6},"end":{"line":195,"column":37}},"106":{"start":{"line":199,"column":2},"end":{"line":206,"column":5}},"107":{"start":{"line":200,"column":4},"end":{"line":200,"column":82}},"108":{"start":{"line":201,"column":4},"end":{"line":205,"column":5}},"109":{"start":{"line":202,"column":6},"end":{"line":202,"column":88}},"110":{"start":{"line":204,"column":6},"end":{"line":204,"column":37}},"111":{"start":{"line":208,"column":2},"end":{"line":215,"column":5}},"112":{"start":{"line":209,"column":4},"end":{"line":209,"column":83}},"113":{"start":{"line":210,"column":4},"end":{"line":214,"column":5}},"114":{"start":{"line":211,"column":6},"end":{"line":211,"column":88}},"115":{"start":{"line":213,"column":6},"end":{"line":213,"column":37}},"116":{"start":{"line":218,"column":0},"end":{"line":234,"column":2}},"117":{"start":{"line":219,"column":24},"end":{"line":219,"column":65}},"118":{"start":{"line":221,"column":2},"end":{"line":221,"column":52}},"119":{"start":{"line":222,"column":2},"end":{"line":222,"column":56}},"120":{"start":{"line":224,"column":2},"end":{"line":224,"column":42}},"121":{"start":{"line":225,"column":2},"end":{"line":225,"column":47}},"122":{"start":{"line":226,"column":2},"end":{"line":226,"column":44}},"123":{"start":{"line":227,"column":2},"end":{"line":227,"column":42}},"124":{"start":{"line":228,"column":2},"end":{"line":228,"column":47}},"125":{"start":{"line":229,"column":2},"end":{"line":229,"column":41}},"126":{"start":{"line":230,"column":2},"end":{"line":230,"column":38}},"127":{"start":{"line":231,"column":2},"end":{"line":231,"column":43}},"128":{"start":{"line":233,"column":2},"end":{"line":233,"column":16}},"129":{"start":{"line":236,"column":0},"end":{"line":236,"column":55}}},"fnMap":{"0":{"name":"(anonymous_0)","decl":{"start":{"line":9,"column":28},"end":{"line":9,"column":29}},"loc":{"start":{"line":9,"column":44},"end":{"line":23,"column":1}},"line":9},"1":{"name":"(anonymous_1)","decl":{"start":{"line":15,"column":13},"end":{"line":15,"column":14}},"loc":{"start":{"line":15,"column":32},"end":{"line":21,"column":5}},"line":15},"2":{"name":"(anonymous_2)","decl":{"start":{"line":25,"column":27},"end":{"line":25,"column":28}},"loc":{"start":{"line":25,"column":69},"end":{"line":39,"column":1}},"line":25},"3":{"name":"(anonymous_3)","decl":{"start":{"line":41,"column":28},"end":{"line":41,"column":29}},"loc":{"start":{"line":41,"column":52},"end":{"line":124,"column":1}},"line":41},"4":{"name":"(anonymous_4)","decl":{"start":{"line":42,"column":32},"end":{"line":42,"column":33}},"loc":{"start":{"line":42,"column":52},"end":{"line":49,"column":3}},"line":42},"5":{"name":"(anonymous_5)","decl":{"start":{"line":51,"column":36},"end":{"line":51,"column":37}},"loc":{"start":{"line":51,"column":56},"end":{"line":58,"column":3}},"line":51},"6":{"name":"(anonymous_6)","decl":{"start":{"line":60,"column":41},"end":{"line":60,"column":42}},"loc":{"start":{"line":60,"column":61},"end":{"line":67,"column":3}},"line":60},"7":{"name":"(anonymous_7)","decl":{"start":{"line":69,"column":38},"end":{"line":69,"column":39}},"loc":{"start":{"line":69,"column":58},"end":{"line":76,"column":3}},"line":69},"8":{"name":"(anonymous_8)","decl":{"start":{"line":78,"column":32},"end":{"line":78,"column":33}},"loc":{"start":{"line":78,"column":52},"end":{"line":85,"column":3}},"line":78},"9":{"name":"(anonymous_9)","decl":{"start":{"line":87,"column":35},"end":{"line":87,"column":36}},"loc":{"start":{"line":87,"column":55},"end":{"line":94,"column":3}},"line":87},"10":{"name":"(anonymous_10)","decl":{"start":{"line":96,"column":39},"end":{"line":96,"column":40}},"loc":{"start":{"line":96,"column":59},"end":{"line":103,"column":3}},"line":96},"11":{"name":"(anonymous_11)","decl":{"start":{"line":105,"column":62},"end":{"line":105,"column":63}},"loc":{"start":{"line":105,"column":82},"end":{"line":112,"column":3}},"line":105},"12":{"name":"(anonymous_12)","decl":{"start":{"line":114,"column":36},"end":{"line":114,"column":37}},"loc":{"start":{"line":114,"column":56},"end":{"line":123,"column":3}},"line":114},"13":{"name":"(anonymous_13)","decl":{"start":{"line":126,"column":32},"end":{"line":126,"column":33}},"loc":{"start":{"line":126,"column":56},"end":{"line":216,"column":1}},"line":126},"14":{"name":"(anonymous_14)","decl":{"start":{"line":127,"column":34},"end":{"line":127,"column":35}},"loc":{"start":{"line":127,"column":54},"end":{"line":134,"column":3}},"line":127},"15":{"name":"(anonymous_15)","decl":{"start":{"line":136,"column":38},"end":{"line":136,"column":39}},"loc":{"start":{"line":136,"column":58},"end":{"line":143,"column":3}},"line":136},"16":{"name":"(anonymous_16)","decl":{"start":{"line":145,"column":34},"end":{"line":145,"column":35}},"loc":{"start":{"line":145,"column":54},"end":{"line":152,"column":3}},"line":145},"17":{"name":"(anonymous_17)","decl":{"start":{"line":154,"column":32},"end":{"line":154,"column":33}},"loc":{"start":{"line":154,"column":52},"end":{"line":161,"column":3}},"line":154},"18":{"name":"(anonymous_18)","decl":{"start":{"line":163,"column":36},"end":{"line":163,"column":37}},"loc":{"start":{"line":163,"column":56},"end":{"line":170,"column":3}},"line":163},"19":{"name":"(anonymous_19)","decl":{"start":{"line":172,"column":32},"end":{"line":172,"column":33}},"loc":{"start":{"line":172,"column":52},"end":{"line":179,"column":3}},"line":172},"20":{"name":"(anonymous_20)","decl":{"start":{"line":181,"column":37},"end":{"line":181,"column":38}},"loc":{"start":{"line":181,"column":57},"end":{"line":188,"column":3}},"line":181},"21":{"name":"(anonymous_21)","decl":{"start":{"line":190,"column":41},"end":{"line":190,"column":42}},"loc":{"start":{"line":190,"column":61},"end":{"line":197,"column":3}},"line":190},"22":{"name":"(anonymous_22)","decl":{"start":{"line":199,"column":37},"end":{"line":199,"column":38}},"loc":{"start":{"line":199,"column":57},"end":{"line":206,"column":3}},"line":199},"23":{"name":"(anonymous_23)","decl":{"start":{"line":208,"column":37},"end":{"line":208,"column":38}},"loc":{"start":{"line":208,"column":57},"end":{"line":215,"column":3}},"line":208},"24":{"name":"(anonymous_24)","decl":{"start":{"line":218,"column":17},"end":{"line":218,"column":18}},"loc":{"start":{"line":218,"column":43},"end":{"line":234,"column":1}},"line":218}},"branchMap":{"0":{"loc":{"start":{"line":19,"column":17},"end":{"line":19,"column":73}},"type":"binary-expr","locations":[{"start":{"line":19,"column":17},"end":{"line":19,"column":29}},{"start":{"line":19,"column":33},"end":{"line":19,"column":48}},{"start":{"line":19,"column":52},"end":{"line":19,"column":73}}],"line":19},"1":{"loc":{"start":{"line":25,"column":40},"end":{"line":25,"column":64}},"type":"default-arg","locations":[{"start":{"line":25,"column":54},"end":{"line":25,"column":64}}],"line":25},"2":{"loc":{"start":{"line":26,"column":49},"end":{"line":26,"column":71}},"type":"binary-expr","locations":[{"start":{"line":26,"column":49},"end":{"line":26,"column":54}},{"start":{"line":26,"column":58},"end":{"line":26,"column":71}}],"line":26},"3":{"loc":{"start":{"line":27,"column":2},"end":{"line":38,"column":3}},"type":"if","locations":[{"start":{"line":27,"column":2},"end":{"line":38,"column":3}},{"start":{},"end":{}}],"line":27},"4":{"loc":{"start":{"line":29,"column":4},"end":{"line":33,"column":5}},"type":"if","locations":[{"start":{"line":29,"column":4},"end":{"line":33,"column":5}},{"start":{"line":31,"column":11},"end":{"line":33,"column":5}}],"line":29},"5":{"loc":{"start":{"line":31,"column":11},"end":{"line":33,"column":5}},"type":"if","locations":[{"start":{"line":31,"column":11},"end":{"line":33,"column":5}},{"start":{},"end":{}}],"line":31}},"s":{"0":1,"1":1,"2":1,"3":1,"4":1,"5":1,"6":1,"7":43,"8":2,"9":2,"10":1,"11":19,"12":19,"13":18,"14":18,"15":16,"16":2,"17":1,"18":18,"19":1,"20":43,"21":1,"22":1,"23":1,"24":0,"25":43,"26":1,"27":1,"28":1,"29":0,"30":43,"31":1,"32":1,"33":1,"34":0,"35":43,"36":1,"37":1,"38":1,"39":0,"40":43,"41":2,"42":2,"43":2,"44":1,"45":43,"46":1,"47":1,"48":1,"49":0,"50":43,"51":1,"52":1,"53":1,"54":0,"55":43,"56":2,"57":2,"58":2,"59":1,"60":43,"61":2,"62":2,"63":2,"64":1,"65":1,"66":43,"67":2,"68":2,"69":2,"70":1,"71":43,"72":2,"73":2,"74":2,"75":1,"76":43,"77":2,"78":2,"79":2,"80":1,"81":43,"82":2,"83":2,"84":2,"85":1,"86":43,"87":2,"88":2,"89":2,"90":1,"91":43,"92":3,"93":3,"94":3,"95":2,"96":43,"97":2,"98":2,"99":2,"100":1,"101":43,"102":2,"103":2,"104":2,"105":1,"106":43,"107":3,"108":3,"109":3,"110":2,"111":43,"112":3,"113":3,"114":3,"115":2,"116":1,"117":43,"118":43,"119":43,"120":43,"121":43,"122":43,"123":43,"124":43,"125":43,"126":43,"127":43,"128":43,"129":1},"f":{"0":43,"1":2,"2":19,"3":43,"4":1,"5":1,"6":1,"7":1,"8":2,"9":1,"10":1,"11":2,"12":2,"13":43,"14":2,"15":2,"16":2,"17":2,"18":2,"19":3,"20":2,"21":2,"22":3,"23":3,"24":43},"b":{"0":[2,1,0],"1":[16],"2":[19,19],"3":[18,1],"4":[16,2],"5":[1,1]},"_coverageSchema":"1a1c01bbd47fc00a2c39e90264f33305004495a9","hash":"8b3a6924cfef7be45ae4047216545d9ded6804eb"}}}
